<!DOCTYPE html PUBLIC "-//W3C//DTD XHTML 1.1//EN" "https://www.w3.org/TR/xhtml11/DTD/xhtml11.dtd">
<html xmlns="https://www.w3.org/1999/xhtml">
<head>
<meta http-equiv="content-type" content="text/html; charset=UTF-8"/>
<title>TestNG Report</title>
<style type="text/css">table {margin-bottom:10px;border-collapse:collapse;empty-cells:show}th,td {border:1px solid #009;padding:.25em .5em}th {vertical-align:bottom}td {vertical-align:top}table a {font-weight:bold}.stripe td {background-color: #E6EBF9}.num {text-align:right}.passedodd td {background-color: #3F3}.passedeven td {background-color: #0A0}.skippedodd td {background-color: #DDD}.skippedeven td {background-color: #CCC}.failedodd td,.attn {background-color: #F33}.failedeven td,.stripe .attn {background-color: #D00}.stacktrace {white-space:pre;font-family:monospace}.totop {font-size:85%;text-align:center;border-bottom:2px solid #000}.invisible {display:none}</style>
</head>
<body>
<table>
<tr><th>Test</th><th># Passed</th><th># Skipped</th><th># Retried</th><th># Failed</th><th>Time (ms)</th><th>Included Groups</th><th>Excluded Groups</th></tr>
<tr><th colspan="8">testsuite</th></tr>
<tr><td><a href="#t0">Login Test</a></td><td class="num">2</td><td class="num">0</td><td class="num">0</td><td class="num attn">2</td><td class="num">53,884</td><td></td><td></td></tr>
<tr class="stripe"><td><a href="#t1">Registration Test</a></td><td class="num">3</td><td class="num">0</td><td class="num">0</td><td class="num">0</td><td class="num">78,380</td><td></td><td></td></tr>
<tr><td><a href="#t2">Computers Test</a></td><td class="num">5</td><td class="num">0</td><td class="num">0</td><td class="num">0</td><td class="num">25,612</td><td></td><td></td></tr>
<tr><th>Total</th><th class="num">10</th><th class="num">0</th><th class="num">0</th><th class="num attn">2</th><th class="num">157,876</th><th colspan="2"></th></tr>
</table>
<table id='summary'><thead><tr><th>Class</th><th>Method</th><th>Start</th><th>Time (ms)</th></tr></thead><tbody><tr><th colspan="4">testsuite</th></tr></tbody><tbody id="t0"><tr><th colspan="4">Login Test &#8212; failed</th></tr><tr class="failedeven"><td rowspan="2">com.nopcommerce.demo.testsuite.LoginPageTest</td><td><a href="#m0">verifyThatUserShouldLogInSuccessFullyWithValidCredentials</a></td><td rowspan="1">1718562661529</td><td rowspan="1">21637</td></tr><tr class="failedeven"><td><a href="#m1">verifyThatUserShouldLogOutSuccessFully</a></td><td rowspan="1">1718562685925</td><td rowspan="1">20953</td></tr><tr><th colspan="4">Login Test &#8212; passed</th></tr><tr class="passedeven"><td rowspan="2">com.nopcommerce.demo.testsuite.LoginPageTest</td><td><a href="#m2">userShouldNavigateToLoginPageSuccessFully</a></td><td rowspan="1">1718562658885</td><td rowspan="1">569</td></tr><tr class="passedeven"><td><a href="#m3">verifyTheErrorMessageWithInValidCredentials</a></td><td rowspan="1">1718562709024</td><td rowspan="1">1075</td></tr></tbody>
<tbody id="t1"><tr><th colspan="4">Registration Test &#8212; passed</th></tr><tr class="passedeven"><td rowspan="3">com.nopcommerce.demo.testsuite.RegisterPageTest</td><td><a href="#m4">verifyThatFirstNameLastNameEmailPasswordAndConfirmPasswordFieldsAreMandatory</a></td><td rowspan="1">1718562711998</td><td rowspan="1">4034</td></tr><tr class="passedeven"><td><a href="#m5">verifyThatUserShouldCreateAccountSuccessfully</a></td><td rowspan="1">1718562718038</td><td rowspan="1">68281</td></tr><tr class="passedeven"><td><a href="#m6">verifyUserShouldNavigateToRegisterPageSuccessfully</a></td><td rowspan="1">1718562788254</td><td rowspan="1">489</td></tr></tbody>
<tbody id="t2"><tr><th colspan="4">Computers Test &#8212; passed</th></tr><tr class="passedeven"><td rowspan="5">com.nopcommerce.demo.testsuite.ComputerPageTest</td><td><a href="#m7">verifyThatUserShouldBuildYouOwnComputerAndAddThemToCartSuccessfully</a></td><td rowspan="3">1718562791325</td><td rowspan="3">4629</td></tr><tr class="passedeven"><td><a href="#m8">verifyThatUserShouldBuildYouOwnComputerAndAddThemToCartSuccessfully</a></td></tr><tr class="passedeven"><td><a href="#m9">verifyThatUserShouldBuildYouOwnComputerAndAddThemToCartSuccessfully</a></td></tr><tr class="passedeven"><td><a href="#m10">verifyUserShouldNavigateToComputerPageSuccessfully</a></td><td rowspan="1">1718562811010</td><td rowspan="1">451</td></tr><tr class="passedeven"><td><a href="#m11">verifyUserShouldNavigateToDesktopsPageSuccessfully</a></td><td rowspan="1">1718562813405</td><td rowspan="1">969</td></tr></tbody>
</table>
<h2>Login Test</h2><h3 id="m0">com.nopcommerce.demo.testsuite.LoginPageTest#verifyThatUserShouldLogInSuccessFullyWithValidCredentials</h3><table class="result"><tr><th>Messages</th></tr><tr><td><div class="messages">Clicking on login link [[ChromeDriver: chrome on windows (7b7ba28fa701bd108687c4bf35e33b66)] -> link text: Log in]<br/>Enter email abc@gmail.comto email field [[ChromeDriver: chrome on windows (7b7ba28fa701bd108687c4bf35e33b66)] -> id: Email]<br/>Enter password abc12345to password field [[ChromeDriver: chrome on windows (7b7ba28fa701bd108687c4bf35e33b66)] -> name: Password]<br/>Click on login button [[ChromeDriver: chrome on windows (7b7ba28fa701bd108687c4bf35e33b66)] -> xpath: //button[contains(text(),'Log in')]]</div></td></tr><tr><th>Exception</th></tr><tr><td><div class="stacktrace">org.openqa.selenium.NoSuchElementException: no such element: Unable to locate element: {&quot;method&quot;:&quot;xpath&quot;,&quot;selector&quot;:&quot;//a[normalize-space()=&apos;Log out&apos;]&quot;}
  (Session info: chrome=126.0.6478.61)
For documentation on this error, please visit: https://www.selenium.dev/documentation/webdriver/troubleshooting/errors#no-such-element-exception
Build info: version: &apos;4.21.0&apos;, revision: &apos;79ed462ef4&apos;
System info: os.name: &apos;Windows 11&apos;, os.arch: &apos;amd64&apos;, os.version: &apos;10.0&apos;, java.version: &apos;17.0.8&apos;
Driver info: org.openqa.selenium.chrome.ChromeDriver
Command: [7b7ba28fa701bd108687c4bf35e33b66, findElement {value=//a[normalize-space()=&apos;Log out&apos;], using=xpath}]
Capabilities {acceptInsecureCerts: false, browserName: chrome, browserVersion: 126.0.6478.61, chrome: {chromedriverVersion: 126.0.6478.61 (8dc092df54ce..., userDataDir: C:\Users\vrund\AppData\Loca...}, fedcm:accounts: true, goog:chromeOptions: {debuggerAddress: localhost:53087}, networkConnectionEnabled: false, pageLoadStrategy: normal, platformName: windows, proxy: Proxy(), se:cdp: ws://localhost:53087/devtoo..., se:cdpVersion: 126.0.6478.61, setWindowRect: true, strictFileInteractability: false, timeouts: {implicit: 0, pageLoad: 300000, script: 30000}, unhandledPromptBehavior: dismiss and notify, webauthn:extension:credBlob: true, webauthn:extension:largeBlob: true, webauthn:extension:minPinLength: true, webauthn:extension:prf: true, webauthn:virtualAuthenticators: true}
Session ID: 7b7ba28fa701bd108687c4bf35e33b66
	at org.openqa.selenium.remote.ErrorCodec.decode(ErrorCodec.java:167)
	at org.openqa.selenium.remote.codec.w3c.W3CHttpResponseCodec.decode(W3CHttpResponseCodec.java:138)
	at org.openqa.selenium.remote.codec.w3c.W3CHttpResponseCodec.decode(W3CHttpResponseCodec.java:50)
	at org.openqa.selenium.remote.HttpCommandExecutor.execute(HttpCommandExecutor.java:190)
	at org.openqa.selenium.remote.service.DriverCommandExecutor.invokeExecute(DriverCommandExecutor.java:216)
	at org.openqa.selenium.remote.service.DriverCommandExecutor.execute(DriverCommandExecutor.java:174)
	at org.openqa.selenium.remote.RemoteWebDriver.execute(RemoteWebDriver.java:518)
	at org.openqa.selenium.remote.ElementLocation$ElementFinder$2.findElement(ElementLocation.java:165)
	at org.openqa.selenium.remote.ElementLocation.findElement(ElementLocation.java:59)
	at org.openqa.selenium.remote.RemoteWebDriver.findElement(RemoteWebDriver.java:355)
	at org.openqa.selenium.remote.RemoteWebDriver.findElement(RemoteWebDriver.java:349)
	at org.openqa.selenium.support.pagefactory.DefaultElementLocator.findElement(DefaultElementLocator.java:68)
	at org.openqa.selenium.support.pagefactory.internal.LocatingElementHandler.invoke(LocatingElementHandler.java:38)
	at jdk.proxy2/jdk.proxy2.$Proxy18.getText(Unknown Source)
	at com.nopcommerce.demo.utility.Utility.getTextFromElement(Utility.java:64)
	at com.nopcommerce.demo.pages.LoginPage.getTextFromLogoutLink(LoginPage.java:78)
	at com.nopcommerce.demo.testsuite.LoginPageTest.verifyThatUserShouldLogInSuccessFullyWithValidCredentials(LoginPageTest.java:66)
	at java.base/java.util.ArrayList.forEach(ArrayList.java:1511)
	at com.intellij.rt.testng.IDEARemoteTestNG.run(IDEARemoteTestNG.java:65)
	at com.intellij.rt.testng.RemoteTestNGStarter.main(RemoteTestNGStarter.java:105)
... Removed 29 stack frames</div></td></tr></table><p class="totop"><a href="#summary">back to summary</a></p>
<h3 id="m1">com.nopcommerce.demo.testsuite.LoginPageTest#verifyThatUserShouldLogOutSuccessFully</h3><table class="result"><tr><th>Messages</th></tr><tr><td><div class="messages">Clicking on login link [[ChromeDriver: chrome on windows (14f3c4fb94ea1138083e01403282017f)] -> link text: Log in]<br/>Enter email abc@gmail.comto email field [[ChromeDriver: chrome on windows (14f3c4fb94ea1138083e01403282017f)] -> id: Email]<br/>Enter password abc12345to password field [[ChromeDriver: chrome on windows (14f3c4fb94ea1138083e01403282017f)] -> name: Password]<br/>Click on login button [[ChromeDriver: chrome on windows (14f3c4fb94ea1138083e01403282017f)] -> xpath: //button[contains(text(),'Log in')]]</div></td></tr><tr><th>Exception</th></tr><tr><td><div class="stacktrace">org.openqa.selenium.NoSuchElementException: no such element: Unable to locate element: {&quot;method&quot;:&quot;xpath&quot;,&quot;selector&quot;:&quot;//a[normalize-space()=&apos;Log out&apos;]&quot;}
  (Session info: chrome=126.0.6478.61)
For documentation on this error, please visit: https://www.selenium.dev/documentation/webdriver/troubleshooting/errors#no-such-element-exception
Build info: version: &apos;4.21.0&apos;, revision: &apos;79ed462ef4&apos;
System info: os.name: &apos;Windows 11&apos;, os.arch: &apos;amd64&apos;, os.version: &apos;10.0&apos;, java.version: &apos;17.0.8&apos;
Driver info: org.openqa.selenium.chrome.ChromeDriver
Command: [14f3c4fb94ea1138083e01403282017f, findElement {value=//a[normalize-space()=&apos;Log out&apos;], using=xpath}]
Capabilities {acceptInsecureCerts: false, browserName: chrome, browserVersion: 126.0.6478.61, chrome: {chromedriverVersion: 126.0.6478.61 (8dc092df54ce..., userDataDir: C:\Users\vrund\AppData\Loca...}, fedcm:accounts: true, goog:chromeOptions: {debuggerAddress: localhost:53124}, networkConnectionEnabled: false, pageLoadStrategy: normal, platformName: windows, proxy: Proxy(), se:cdp: ws://localhost:53124/devtoo..., se:cdpVersion: 126.0.6478.61, setWindowRect: true, strictFileInteractability: false, timeouts: {implicit: 0, pageLoad: 300000, script: 30000}, unhandledPromptBehavior: dismiss and notify, webauthn:extension:credBlob: true, webauthn:extension:largeBlob: true, webauthn:extension:minPinLength: true, webauthn:extension:prf: true, webauthn:virtualAuthenticators: true}
Session ID: 14f3c4fb94ea1138083e01403282017f
	at org.openqa.selenium.remote.ErrorCodec.decode(ErrorCodec.java:167)
	at org.openqa.selenium.remote.codec.w3c.W3CHttpResponseCodec.decode(W3CHttpResponseCodec.java:138)
	at org.openqa.selenium.remote.codec.w3c.W3CHttpResponseCodec.decode(W3CHttpResponseCodec.java:50)
	at org.openqa.selenium.remote.HttpCommandExecutor.execute(HttpCommandExecutor.java:190)
	at org.openqa.selenium.remote.service.DriverCommandExecutor.invokeExecute(DriverCommandExecutor.java:216)
	at org.openqa.selenium.remote.service.DriverCommandExecutor.execute(DriverCommandExecutor.java:174)
	at org.openqa.selenium.remote.RemoteWebDriver.execute(RemoteWebDriver.java:518)
	at org.openqa.selenium.remote.ElementLocation$ElementFinder$2.findElement(ElementLocation.java:165)
	at org.openqa.selenium.remote.ElementLocation.findElement(ElementLocation.java:59)
	at org.openqa.selenium.remote.RemoteWebDriver.findElement(RemoteWebDriver.java:355)
	at org.openqa.selenium.remote.RemoteWebDriver.findElement(RemoteWebDriver.java:349)
	at org.openqa.selenium.support.pagefactory.DefaultElementLocator.findElement(DefaultElementLocator.java:68)
	at org.openqa.selenium.support.pagefactory.internal.LocatingElementHandler.invoke(LocatingElementHandler.java:38)
	at jdk.proxy2/jdk.proxy2.$Proxy18.click(Unknown Source)
	at com.nopcommerce.demo.utility.Utility.clickOnElement(Utility.java:53)
	at com.nopcommerce.demo.pages.LoginPage.clickOnLogoutLink(LoginPage.java:84)
	at com.nopcommerce.demo.testsuite.LoginPageTest.verifyThatUserShouldLogOutSuccessFully(LoginPageTest.java:81)
	at java.base/java.util.ArrayList.forEach(ArrayList.java:1511)
	at com.intellij.rt.testng.IDEARemoteTestNG.run(IDEARemoteTestNG.java:65)
	at com.intellij.rt.testng.RemoteTestNGStarter.main(RemoteTestNGStarter.java:105)
... Removed 29 stack frames</div></td></tr></table><p class="totop"><a href="#summary">back to summary</a></p>
<h3 id="m2">com.nopcommerce.demo.testsuite.LoginPageTest#userShouldNavigateToLoginPageSuccessFully</h3><table class="result"><tr><th>Messages</th></tr><tr><td><div class="messages">Clicking on login link [[ChromeDriver: chrome on windows (52a31281252fb9d87596b94394aa9006)] -> link text: Log in]<br/>Get text from welcome text [[ChromeDriver: chrome on windows (52a31281252fb9d87596b94394aa9006)] -> xpath: //h1[contains(text(),'Welcome, Please Sign In!')]]</div></td></tr></table><p class="totop"><a href="#summary">back to summary</a></p>
<h3 id="m3">com.nopcommerce.demo.testsuite.LoginPageTest#verifyTheErrorMessageWithInValidCredentials</h3><table class="result"><tr><th>Messages</th></tr><tr><td><div class="messages">Clicking on login link [[ChromeDriver: chrome on windows (4f8bff1c52ea0dfe6bbdb35d55dd807a)] -> link text: Log in]<br/>Enter email axc@gmail.comto email field [[ChromeDriver: chrome on windows (4f8bff1c52ea0dfe6bbdb35d55dd807a)] -> id: Email]<br/>Enter password abc12345to password field [[ChromeDriver: chrome on windows (4f8bff1c52ea0dfe6bbdb35d55dd807a)] -> name: Password]<br/>Click on login button [[ChromeDriver: chrome on windows (4f8bff1c52ea0dfe6bbdb35d55dd807a)] -> xpath: //button[contains(text(),'Log in')]]<br/>Get text from error message [[ChromeDriver: chrome on windows (4f8bff1c52ea0dfe6bbdb35d55dd807a)] -> xpath: //div[@class='message-error validation-summary-errors']]</div></td></tr></table><p class="totop"><a href="#summary">back to summary</a></p>
<h2>Registration Test</h2><h3 id="m4">com.nopcommerce.demo.testsuite.RegisterPageTest#verifyThatFirstNameLastNameEmailPasswordAndConfirmPasswordFieldsAreMandatory</h3><table class="result"><tr><th>Messages</th></tr><tr><td><div class="messages">Clicking on register link [[ChromeDriver: chrome on windows (2d035b3097ad0efd3a5d945af0031055)] -> xpath: //a[normalize-space()='Register']]<br/>Click on register button [[ChromeDriver: chrome on windows (2d035b3097ad0efd3a5d945af0031055)] -> xpath: //button[@id='register-button']]<br/>Get text from first name error message [[ChromeDriver: chrome on windows (2d035b3097ad0efd3a5d945af0031055)] -> xpath: //span[@id='FirstName-error']]<br/>Get text from last name [[ChromeDriver: chrome on windows (2d035b3097ad0efd3a5d945af0031055)] -> xpath: //span[@id='LastName-error']]<br/>Get text from email id error message [[ChromeDriver: chrome on windows (2d035b3097ad0efd3a5d945af0031055)] -> xpath: //span[@id='Email-error']]<br/>Get text from password error message [[ChromeDriver: chrome on windows (2d035b3097ad0efd3a5d945af0031055)] -> xpath: //span[@id='ConfirmPassword-error']]<br/>Get text from confirm password error message [[ChromeDriver: chrome on windows (2d035b3097ad0efd3a5d945af0031055)] -> xpath: //span[@id='ConfirmPassword-error']]</div></td></tr></table><p class="totop"><a href="#summary">back to summary</a></p>
<h3 id="m5">com.nopcommerce.demo.testsuite.RegisterPageTest#verifyThatUserShouldCreateAccountSuccessfully</h3><table class="result"><tr><th>Messages</th></tr><tr><td><div class="messages">Clicking on register link [[ChromeDriver: chrome on windows (a8c3cadaa7860b99bb2bbe3cc6392852)] -> xpath: //a[normalize-space()='Register']]<br/>Click on gender female [[ChromeDriver: chrome on windows (a8c3cadaa7860b99bb2bbe3cc6392852)] -> xpath: //input[@id='gender-female']]<br/>Enter first name abcto first name field [[ChromeDriver: chrome on windows (a8c3cadaa7860b99bb2bbe3cc6392852)] -> id: FirstName]<br/>Enter last name Proxy element for: DefaultElementLocator 'By.xpath: //span[@id='ConfirmPassword-error']'to last name field [[ChromeDriver: chrome on windows (a8c3cadaa7860b99bb2bbe3cc6392852)] -> id: LastName]<br/>Enter day 4from dropdown list[[ChromeDriver: chrome on windows (a8c3cadaa7860b99bb2bbe3cc6392852)] -> xpath: //select[@name='DateOfBirthDay']]<br/>Enter month 4from dropdown list[[ChromeDriver: chrome on windows (a8c3cadaa7860b99bb2bbe3cc6392852)] -> xpath: //select[@name='DateOfBirthMonth']]<br/>Enter year 1944from dropdown list[[ChromeDriver: chrome on windows (a8c3cadaa7860b99bb2bbe3cc6392852)] -> xpath: //select[@name='DateOfBirthYear']]<br/>Enter email Proxy element for: DefaultElementLocator 'By.xpath: //span[@id='ConfirmPassword-error']'to email field [[ChromeDriver: chrome on windows (a8c3cadaa7860b99bb2bbe3cc6392852)] -> name: Email]<br/>Enter password 123456to password field [[ChromeDriver: chrome on windows (a8c3cadaa7860b99bb2bbe3cc6392852)] -> id: Password]<br/>Enter confirm password Proxy element for: DefaultElementLocator 'By.xpath: //span[@id='ConfirmPassword-error']'to password field [[ChromeDriver: chrome on windows (a8c3cadaa7860b99bb2bbe3cc6392852)] -> id: ConfirmPassword]<br/>Click on register button [[ChromeDriver: chrome on windows (a8c3cadaa7860b99bb2bbe3cc6392852)] -> xpath: //button[@id='register-button']]<br/>Get text from registration success message [[ChromeDriver: chrome on windows (a8c3cadaa7860b99bb2bbe3cc6392852)] -> id: ConfirmPassword]</div></td></tr></table><p class="totop"><a href="#summary">back to summary</a></p>
<h3 id="m6">com.nopcommerce.demo.testsuite.RegisterPageTest#verifyUserShouldNavigateToRegisterPageSuccessfully</h3><table class="result"><tr><th>Messages</th></tr><tr><td><div class="messages">Clicking on register link [[ChromeDriver: chrome on windows (9065638abf78efe3e32bad6cd4a8543d)] -> xpath: //a[normalize-space()='Register']]<br/>Get text from welcome text [[ChromeDriver: chrome on windows (9065638abf78efe3e32bad6cd4a8543d)] -> xpath: //h1[normalize-space()='Register']]</div></td></tr></table><p class="totop"><a href="#summary">back to summary</a></p>
<h2>Computers Test</h2><h3 id="m7">com.nopcommerce.demo.testsuite.ComputerPageTest#verifyThatUserShouldBuildYouOwnComputerAndAddThemToCartSuccessfully</h3><table class="result"><tr class="param"><th>Parameter #1</th><th>Parameter #2</th></tr><tr class="param stripe"><td>2.2 GHz Intel Pentium Dual-Core E2200</td><td>2 GB</td></tr><tr><th colspan="2">Messages</th></tr><tr><td colspan="2"><div class="messages">Click on computers menu link [[ChromeDriver: chrome on windows (9eaa559114091d0a9ad9e444bec45396)] -> xpath: //ul[@class='top-menu notmobile']//a[normalize-space()='Computers']]<br/>Click on desktops link [[ChromeDriver: chrome on windows (9eaa559114091d0a9ad9e444bec45396)] -> xpath: //li[@class='inactive']//a[normalize-space()='Desktops']]<br/>Click on product name [[ChromeDriver: chrome on windows (9eaa559114091d0a9ad9e444bec45396)] -> xpath: //h2[@class='product-title']/a]<br/>Get value of processor: 2.2 GHz Intel Pentium Dual-Core E2200from dropdown [[ChromeDriver: chrome on windows (9eaa559114091d0a9ad9e444bec45396)] -> xpath: //select[@id='product_attribute_1']]<br/>Get value of ram: 2 GBfrom dropdown [[ChromeDriver: chrome on windows (9eaa559114091d0a9ad9e444bec45396)] -> xpath: //select[@id='product_attribute_2']]<br/>Click on HDD [[ChromeDriver: chrome on windows (9eaa559114091d0a9ad9e444bec45396)] -> xpath: //input[@id='product_attribute_3_7']]<br/>Click on OS [[ChromeDriver: chrome on windows (9eaa559114091d0a9ad9e444bec45396)] -> xpath: //input[@id='product_attribute_4_9']]<br/>Click on software checkbox number three [[ChromeDriver: chrome on windows (9eaa559114091d0a9ad9e444bec45396)] -> xpath: //input[@id='product_attribute_5_12']]<br/>Click on add to cart button [[ChromeDriver: chrome on windows (9eaa559114091d0a9ad9e444bec45396)] -> id: add-to-cart-button-1]<br/>Get text from product added success message [[ChromeDriver: chrome on windows (9eaa559114091d0a9ad9e444bec45396)] -> xpath: //p[@class='content']]</div></td></tr></table><p class="totop"><a href="#summary">back to summary</a></p>
<h3 id="m8">com.nopcommerce.demo.testsuite.ComputerPageTest#verifyThatUserShouldBuildYouOwnComputerAndAddThemToCartSuccessfully</h3><table class="result"><tr class="param"><th>Parameter #1</th><th>Parameter #2</th></tr><tr class="param stripe"><td>2.5 GHz Intel Pentium Dual-Core E2200 [+$15.00]</td><td>8GB [+$60.00]</td></tr><tr><th colspan="2">Messages</th></tr><tr><td colspan="2"><div class="messages">Click on computers menu link [[ChromeDriver: chrome on windows (7ba0f37be895cf38f94ba8eaf3214b95)] -> xpath: //ul[@class='top-menu notmobile']//a[normalize-space()='Computers']]<br/>Click on desktops link [[ChromeDriver: chrome on windows (7ba0f37be895cf38f94ba8eaf3214b95)] -> xpath: //li[@class='inactive']//a[normalize-space()='Desktops']]<br/>Click on product name [[ChromeDriver: chrome on windows (7ba0f37be895cf38f94ba8eaf3214b95)] -> xpath: //h2[@class='product-title']/a]<br/>Get value of processor: 2.5 GHz Intel Pentium Dual-Core E2200 [+$15.00]from dropdown [[ChromeDriver: chrome on windows (7ba0f37be895cf38f94ba8eaf3214b95)] -> xpath: //select[@id='product_attribute_1']]<br/>Get value of ram: 8GB [+$60.00]from dropdown [[ChromeDriver: chrome on windows (7ba0f37be895cf38f94ba8eaf3214b95)] -> xpath: //select[@id='product_attribute_2']]<br/>Click on HDD [[ChromeDriver: chrome on windows (7ba0f37be895cf38f94ba8eaf3214b95)] -> xpath: //input[@id='product_attribute_3_7']]<br/>Click on OS [[ChromeDriver: chrome on windows (7ba0f37be895cf38f94ba8eaf3214b95)] -> xpath: //input[@id='product_attribute_4_9']]<br/>Click on software checkbox number three [[ChromeDriver: chrome on windows (7ba0f37be895cf38f94ba8eaf3214b95)] -> xpath: //input[@id='product_attribute_5_12']]<br/>Click on add to cart button [[ChromeDriver: chrome on windows (7ba0f37be895cf38f94ba8eaf3214b95)] -> id: add-to-cart-button-1]<br/>Get text from product added success message [[ChromeDriver: chrome on windows (7ba0f37be895cf38f94ba8eaf3214b95)] -> xpath: //p[@class='content']]</div></td></tr></table><p class="totop"><a href="#summary">back to summary</a></p>
<h3 id="m9">com.nopcommerce.demo.testsuite.ComputerPageTest#verifyThatUserShouldBuildYouOwnComputerAndAddThemToCartSuccessfully</h3><table class="result"><tr class="param"><th>Parameter #1</th><th>Parameter #2</th></tr><tr class="param stripe"><td>2.5 GHz Intel Pentium Dual-Core E2200 [+$15.00]</td><td>4GB [+$20.00]</td></tr><tr><th colspan="2">Messages</th></tr><tr><td colspan="2"><div class="messages">Click on computers menu link [[ChromeDriver: chrome on windows (88df6c3c544a3b7c3eeec91b8448ecec)] -> xpath: //ul[@class='top-menu notmobile']//a[normalize-space()='Computers']]<br/>Click on desktops link [[ChromeDriver: chrome on windows (88df6c3c544a3b7c3eeec91b8448ecec)] -> xpath: //li[@class='inactive']//a[normalize-space()='Desktops']]<br/>Click on product name [[ChromeDriver: chrome on windows (88df6c3c544a3b7c3eeec91b8448ecec)] -> xpath: //h2[@class='product-title']/a]<br/>Get value of processor: 2.5 GHz Intel Pentium Dual-Core E2200 [+$15.00]from dropdown [[ChromeDriver: chrome on windows (88df6c3c544a3b7c3eeec91b8448ecec)] -> xpath: //select[@id='product_attribute_1']]<br/>Get value of ram: 4GB [+$20.00]from dropdown [[ChromeDriver: chrome on windows (88df6c3c544a3b7c3eeec91b8448ecec)] -> xpath: //select[@id='product_attribute_2']]<br/>Click on HDD [[ChromeDriver: chrome on windows (88df6c3c544a3b7c3eeec91b8448ecec)] -> xpath: //input[@id='product_attribute_3_7']]<br/>Click on OS [[ChromeDriver: chrome on windows (88df6c3c544a3b7c3eeec91b8448ecec)] -> xpath: //input[@id='product_attribute_4_9']]<br/>Click on software checkbox number three [[ChromeDriver: chrome on windows (88df6c3c544a3b7c3eeec91b8448ecec)] -> xpath: //input[@id='product_attribute_5_12']]<br/>Click on add to cart button [[ChromeDriver: chrome on windows (88df6c3c544a3b7c3eeec91b8448ecec)] -> id: add-to-cart-button-1]<br/>Get text from product added success message [[ChromeDriver: chrome on windows (88df6c3c544a3b7c3eeec91b8448ecec)] -> xpath: //p[@class='content']]</div></td></tr></table><p class="totop"><a href="#summary">back to summary</a></p>
<h3 id="m10">com.nopcommerce.demo.testsuite.ComputerPageTest#verifyUserShouldNavigateToComputerPageSuccessfully</h3><table class="result"><tr><th>Messages</th></tr><tr><td><div class="messages">Click on computers menu link [[ChromeDriver: chrome on windows (c772b18644d025909256f2c4a08a949a)] -> xpath: //ul[@class='top-menu notmobile']//a[normalize-space()='Computers']]<br/>Get title text for computers page [[ChromeDriver: chrome on windows (c772b18644d025909256f2c4a08a949a)] -> xpath: //h1[normalize-space()='Computers']]</div></td></tr></table><p class="totop"><a href="#summary">back to summary</a></p>
<h3 id="m11">com.nopcommerce.demo.testsuite.ComputerPageTest#verifyUserShouldNavigateToDesktopsPageSuccessfully</h3><table class="result"><tr><th>Messages</th></tr><tr><td><div class="messages">Click on computers menu link [[ChromeDriver: chrome on windows (0162a9be964144dd837da6a6c5a46e9b)] -> xpath: //ul[@class='top-menu notmobile']//a[normalize-space()='Computers']]<br/>Click on desktops link [[ChromeDriver: chrome on windows (0162a9be964144dd837da6a6c5a46e9b)] -> xpath: //li[@class='inactive']//a[normalize-space()='Desktops']]<br/>Get title text for desktops page [[ChromeDriver: chrome on windows (0162a9be964144dd837da6a6c5a46e9b)] -> xpath: //h1[normalize-space()='Desktops']]</div></td></tr></table><p class="totop"><a href="#summary">back to summary</a></p>
</body>
</html>
