<!DOCTYPE html>

<html>
  <head>
  <meta charset='utf-8'>
  <title>TestNG reports</title>

    <link type="text/css" href="testng-reports1.css" rel="stylesheet" id="ultra" />
    <link type="text/css" href="testng-reports.css" rel="stylesheet" id="retro" disabled="false"/>
    <script type="text/javascript" src="jquery-3.6.0.min.js"></script>
    <script type="text/javascript" src="testng-reports.js"></script>
    <script type="text/javascript" src="https://www.google.com/jsapi"></script>
    <script type='text/javascript'>
      google.load('visualization', '1', {packages:['table']});
      google.setOnLoadCallback(drawTable);
      var suiteTableInitFunctions = new Array();
      var suiteTableData = new Array();
    </script>
    <!--
      <script type="text/javascript" src="jquery-ui/js/jquery-ui-1.8.16.custom.min.js"></script>
     -->
  </head>

  <body>    <div class="top-banner-root">
      <span class="top-banner-title-font">Test results</span>
      <button id="button" class="button">Switch Retro Theme</button> <!-- button -->
      <br/>
      <span class="top-banner-font-1">1 suite, 2 failed tests</span>
    </div> <!-- top-banner-root -->
    <div class="navigator-root">
      <div class="navigator-suite-header">
        <span>All suites</span>
        <a href="#" title="Collapse/expand all the suites" class="collapse-all-link">
          <img src="collapseall.gif" class="collapse-all-icon">
          </img> <!-- collapse-all-icon -->
        </a> <!-- collapse-all-link -->
      </div> <!-- navigator-suite-header -->
      <div class="suite">
        <div class="rounded-window">
          <div class="suite-header light-rounded-window-top">
            <a href="#" panel-name="suite-testsuite" class="navigator-link">
              <span class="suite-name border-failed">testsuite</span>
            </a> <!-- navigator-link -->
          </div> <!-- suite-header light-rounded-window-top -->
          <div class="navigator-suite-content">
            <div class="suite-section-title">
              <span>Info</span>
            </div> <!-- suite-section-title -->
            <div class="suite-section-content">
              <ul>
                <li>
                  <a href="#" panel-name="test-xml-testsuite" class="navigator-link ">
                    <span>C:\Users\vrund\Vrunda Prime\Maven Projects\Maven Homework\nopcommerce-demo-sw-5\src\test\java\resources\runners\testng.xml</span>
                  </a> <!-- navigator-link  -->
                </li>
                <li>
                  <a href="#" panel-name="testlist-testsuite" class="navigator-link ">
                    <span class="test-stats">3 tests</span>
                  </a> <!-- navigator-link  -->
                </li>
                <li>
                  <a href="#" panel-name="group-testsuite" class="navigator-link ">
                    <span>3 groups</span>
                  </a> <!-- navigator-link  -->
                </li>
                <li>
                  <a href="#" panel-name="times-testsuite" class="navigator-link ">
                    <span>Times</span>
                  </a> <!-- navigator-link  -->
                </li>
                <li>
                  <a href="#" panel-name="reporter-testsuite" class="navigator-link ">
                    <span>Reporter output</span>
                  </a> <!-- navigator-link  -->
                </li>
                <li>
                  <a href="#" panel-name="ignored-methods-testsuite" class="navigator-link ">
                    <span>Ignored methods</span>
                  </a> <!-- navigator-link  -->
                </li>
                <li>
                  <a href="#" panel-name="chronological-testsuite" class="navigator-link ">
                    <span>Chronological view</span>
                  </a> <!-- navigator-link  -->
                </li>
              </ul>
            </div> <!-- suite-section-content -->
            <div class="result-section">
              <div class="suite-section-title">
                <span>Results</span>
              </div> <!-- suite-section-title -->
              <div class="suite-section-content">
                <ul>
                  <li>
                    <span class="method-stats">12 methods, 2 failed,   10 passed</span>
                  </li>
                  <li>
                    <span class="method-list-title failed">Failed methods</span>
                    <span class="show-or-hide-methods failed">
                      <a href="#" panel-name="suite-testsuite" class="hide-methods failed suite-testsuite"> (hide)</a> <!-- hide-methods failed suite-testsuite -->
                      <a href="#" panel-name="suite-testsuite" class="show-methods failed suite-testsuite"> (show)</a> <!-- show-methods failed suite-testsuite -->
                    </span>
                    <div class="method-list-content failed suite-testsuite">
                      <span>
                        <img src="failed.png" width="3%"/>
                        <a href="#" panel-name="suite-testsuite" title="com.nopcommerce.demo.testsuite.LoginPageTest" class="method navigator-link" hash-for-method="verifyThatUserShouldLogInSuccessFullyWithValidCredentials">verifyThatUserShouldLogInSuccessFullyWithValidCredentials</a> <!-- method navigator-link -->
                      </span>
                      <br/>
                      <span>
                        <img src="failed.png" width="3%"/>
                        <a href="#" panel-name="suite-testsuite" title="com.nopcommerce.demo.testsuite.LoginPageTest" class="method navigator-link" hash-for-method="verifyThatUserShouldLogOutSuccessFully">verifyThatUserShouldLogOutSuccessFully</a> <!-- method navigator-link -->
                      </span>
                      <br/>
                    </div> <!-- method-list-content failed suite-testsuite -->
                  </li>
                  <li>
                    <span class="method-list-title passed">Passed methods</span>
                    <span class="show-or-hide-methods passed">
                      <a href="#" panel-name="suite-testsuite" class="hide-methods passed suite-testsuite"> (hide)</a> <!-- hide-methods passed suite-testsuite -->
                      <a href="#" panel-name="suite-testsuite" class="show-methods passed suite-testsuite"> (show)</a> <!-- show-methods passed suite-testsuite -->
                    </span>
                    <div class="method-list-content passed suite-testsuite">
                      <span>
                        <img src="passed.png" width="3%"/>
                        <a href="#" panel-name="suite-testsuite" title="com.nopcommerce.demo.testsuite.LoginPageTest" class="method navigator-link" hash-for-method="userShouldNavigateToLoginPageSuccessFully">userShouldNavigateToLoginPageSuccessFully</a> <!-- method navigator-link -->
                      </span>
                      <br/>
                      <span>
                        <img src="passed.png" width="3%"/>
                        <a href="#" panel-name="suite-testsuite" title="com.nopcommerce.demo.testsuite.RegisterPageTest" class="method navigator-link" hash-for-method="verifyThatFirstNameLastNameEmailPasswordAndConfirmPasswordFieldsAreMandatory">verifyThatFirstNameLastNameEmailPasswordAndConfirmPasswordFieldsAreMandatory</a> <!-- method navigator-link -->
                      </span>
                      <br/>
                      <span>
                        <img src="passed.png" width="3%"/>
                        <a href="#" panel-name="suite-testsuite" title="com.nopcommerce.demo.testsuite.ComputerPageTest" class="method navigator-link" hash-for-method="verifyThatUserShouldBuildYouOwnComputerAndAddThemToCartSuccessfully(2.2 GHz Intel Pentium Dual-Core E2200, 2 GB)">verifyThatUserShouldBuildYouOwnComputerAndAddThemToCartSuccessfully(2.2 GHz Intel Pentium Dual-Core E2200, 2 GB)</a> <!-- method navigator-link -->
                      </span>
                      <br/>
                      <span>
                        <img src="passed.png" width="3%"/>
                        <a href="#" panel-name="suite-testsuite" title="com.nopcommerce.demo.testsuite.ComputerPageTest" class="method navigator-link" hash-for-method="verifyThatUserShouldBuildYouOwnComputerAndAddThemToCartSuccessfully(2.5 GHz Intel Pentium Dual-Core E2200 [+$15.00], 8GB [+$60.00])">verifyThatUserShouldBuildYouOwnComputerAndAddThemToCartSuccessfully(2.5 GHz Intel Pentium Dual-Core E2200 [+$15.00], 8GB [+$60.00])</a> <!-- method navigator-link -->
                      </span>
                      <br/>
                      <span>
                        <img src="passed.png" width="3%"/>
                        <a href="#" panel-name="suite-testsuite" title="com.nopcommerce.demo.testsuite.ComputerPageTest" class="method navigator-link" hash-for-method="verifyThatUserShouldBuildYouOwnComputerAndAddThemToCartSuccessfully(2.5 GHz Intel Pentium Dual-Core E2200 [+$15.00], 4GB [+$20.00])">verifyThatUserShouldBuildYouOwnComputerAndAddThemToCartSuccessfully(2.5 GHz Intel Pentium Dual-Core E2200 [+$15.00], 4GB [+$20.00])</a> <!-- method navigator-link -->
                      </span>
                      <br/>
                      <span>
                        <img src="passed.png" width="3%"/>
                        <a href="#" panel-name="suite-testsuite" title="com.nopcommerce.demo.testsuite.RegisterPageTest" class="method navigator-link" hash-for-method="verifyThatUserShouldCreateAccountSuccessfully">verifyThatUserShouldCreateAccountSuccessfully</a> <!-- method navigator-link -->
                      </span>
                      <br/>
                      <span>
                        <img src="passed.png" width="3%"/>
                        <a href="#" panel-name="suite-testsuite" title="com.nopcommerce.demo.testsuite.LoginPageTest" class="method navigator-link" hash-for-method="verifyTheErrorMessageWithInValidCredentials">verifyTheErrorMessageWithInValidCredentials</a> <!-- method navigator-link -->
                      </span>
                      <br/>
                      <span>
                        <img src="passed.png" width="3%"/>
                        <a href="#" panel-name="suite-testsuite" title="com.nopcommerce.demo.testsuite.ComputerPageTest" class="method navigator-link" hash-for-method="verifyUserShouldNavigateToComputerPageSuccessfully">verifyUserShouldNavigateToComputerPageSuccessfully</a> <!-- method navigator-link -->
                      </span>
                      <br/>
                      <span>
                        <img src="passed.png" width="3%"/>
                        <a href="#" panel-name="suite-testsuite" title="com.nopcommerce.demo.testsuite.ComputerPageTest" class="method navigator-link" hash-for-method="verifyUserShouldNavigateToDesktopsPageSuccessfully">verifyUserShouldNavigateToDesktopsPageSuccessfully</a> <!-- method navigator-link -->
                      </span>
                      <br/>
                      <span>
                        <img src="passed.png" width="3%"/>
                        <a href="#" panel-name="suite-testsuite" title="com.nopcommerce.demo.testsuite.RegisterPageTest" class="method navigator-link" hash-for-method="verifyUserShouldNavigateToRegisterPageSuccessfully">verifyUserShouldNavigateToRegisterPageSuccessfully</a> <!-- method navigator-link -->
                      </span>
                      <br/>
                    </div> <!-- method-list-content passed suite-testsuite -->
                  </li>
                </ul>
              </div> <!-- suite-section-content -->
            </div> <!-- result-section -->
          </div> <!-- navigator-suite-content -->
        </div> <!-- rounded-window -->
      </div> <!-- suite -->
    </div> <!-- navigator-root -->
    <div class="wrapper">
      <div class="main-panel-root">
        <div panel-name="suite-testsuite" class="panel testsuite">
          <div class="suite-testsuite-class-failed">
            <div class="main-panel-header rounded-window-top">
              <img src="failed.png"/>
              <span class="class-name">com.nopcommerce.demo.testsuite.LoginPageTest</span>
            </div> <!-- main-panel-header rounded-window-top -->
            <div class="main-panel-content rounded-window-bottom">
              <div class="method">
                <div class="method-content">
                  <a name="verifyThatUserShouldLogInSuccessFullyWithValidCredentials">
                  </a> <!-- verifyThatUserShouldLogInSuccessFullyWithValidCredentials -->
                  <span class="method-name">verifyThatUserShouldLogInSuccessFullyWithValidCredentials</span>
                  <div class="stack-trace">org.openqa.selenium.NoSuchElementException: no such element: Unable to locate element: {&quot;method&quot;:&quot;xpath&quot;,&quot;selector&quot;:&quot;//a[normalize-space()=&apos;Log out&apos;]&quot;}
  (Session info: chrome=126.0.6478.61)
For documentation on this error, please visit: https://www.selenium.dev/documentation/webdriver/troubleshooting/errors#no-such-element-exception
Build info: version: &apos;4.21.0&apos;, revision: &apos;79ed462ef4&apos;
System info: os.name: &apos;Windows 11&apos;, os.arch: &apos;amd64&apos;, os.version: &apos;10.0&apos;, java.version: &apos;17.0.8&apos;
Driver info: org.openqa.selenium.chrome.ChromeDriver
Command: [7b7ba28fa701bd108687c4bf35e33b66, findElement {value=//a[normalize-space()=&apos;Log out&apos;], using=xpath}]
Capabilities {acceptInsecureCerts: false, browserName: chrome, browserVersion: 126.0.6478.61, chrome: {chromedriverVersion: 126.0.6478.61 (8dc092df54ce..., userDataDir: C:\Users\vrund\AppData\Loca...}, fedcm:accounts: true, goog:chromeOptions: {debuggerAddress: localhost:53087}, networkConnectionEnabled: false, pageLoadStrategy: normal, platformName: windows, proxy: Proxy(), se:cdp: ws://localhost:53087/devtoo..., se:cdpVersion: 126.0.6478.61, setWindowRect: true, strictFileInteractability: false, timeouts: {implicit: 0, pageLoad: 300000, script: 30000}, unhandledPromptBehavior: dismiss and notify, webauthn:extension:credBlob: true, webauthn:extension:largeBlob: true, webauthn:extension:minPinLength: true, webauthn:extension:prf: true, webauthn:virtualAuthenticators: true}
Session ID: 7b7ba28fa701bd108687c4bf35e33b66
	at org.openqa.selenium.remote.ErrorCodec.decode(ErrorCodec.java:167)
	at org.openqa.selenium.remote.codec.w3c.W3CHttpResponseCodec.decode(W3CHttpResponseCodec.java:138)
	at org.openqa.selenium.remote.codec.w3c.W3CHttpResponseCodec.decode(W3CHttpResponseCodec.java:50)
	at org.openqa.selenium.remote.HttpCommandExecutor.execute(HttpCommandExecutor.java:190)
	at org.openqa.selenium.remote.service.DriverCommandExecutor.invokeExecute(DriverCommandExecutor.java:216)
	at org.openqa.selenium.remote.service.DriverCommandExecutor.execute(DriverCommandExecutor.java:174)
	at org.openqa.selenium.remote.RemoteWebDriver.execute(RemoteWebDriver.java:518)
	at org.openqa.selenium.remote.ElementLocation$ElementFinder$2.findElement(ElementLocation.java:165)
	at org.openqa.selenium.remote.ElementLocation.findElement(ElementLocation.java:59)
	at org.openqa.selenium.remote.RemoteWebDriver.findElement(RemoteWebDriver.java:355)
	at org.openqa.selenium.remote.RemoteWebDriver.findElement(RemoteWebDriver.java:349)
	at org.openqa.selenium.support.pagefactory.DefaultElementLocator.findElement(DefaultElementLocator.java:68)
	at org.openqa.selenium.support.pagefactory.internal.LocatingElementHandler.invoke(LocatingElementHandler.java:38)
	at jdk.proxy2/jdk.proxy2.$Proxy18.getText(Unknown Source)
	at com.nopcommerce.demo.utility.Utility.getTextFromElement(Utility.java:64)
	at com.nopcommerce.demo.pages.LoginPage.getTextFromLogoutLink(LoginPage.java:78)
	at com.nopcommerce.demo.testsuite.LoginPageTest.verifyThatUserShouldLogInSuccessFullyWithValidCredentials(LoginPageTest.java:66)
	at java.base/java.util.ArrayList.forEach(ArrayList.java:1511)
	at com.intellij.rt.testng.IDEARemoteTestNG.run(IDEARemoteTestNG.java:65)
	at com.intellij.rt.testng.RemoteTestNGStarter.main(RemoteTestNGStarter.java:105)
... Removed 29 stack frames
</div> <!-- stack-trace -->
                </div> <!-- method-content -->
              </div> <!-- method -->
              <div class="method">
                <div class="method-content">
                  <a name="verifyThatUserShouldLogOutSuccessFully">
                  </a> <!-- verifyThatUserShouldLogOutSuccessFully -->
                  <span class="method-name">verifyThatUserShouldLogOutSuccessFully</span>
                  <div class="stack-trace">org.openqa.selenium.NoSuchElementException: no such element: Unable to locate element: {&quot;method&quot;:&quot;xpath&quot;,&quot;selector&quot;:&quot;//a[normalize-space()=&apos;Log out&apos;]&quot;}
  (Session info: chrome=126.0.6478.61)
For documentation on this error, please visit: https://www.selenium.dev/documentation/webdriver/troubleshooting/errors#no-such-element-exception
Build info: version: &apos;4.21.0&apos;, revision: &apos;79ed462ef4&apos;
System info: os.name: &apos;Windows 11&apos;, os.arch: &apos;amd64&apos;, os.version: &apos;10.0&apos;, java.version: &apos;17.0.8&apos;
Driver info: org.openqa.selenium.chrome.ChromeDriver
Command: [14f3c4fb94ea1138083e01403282017f, findElement {value=//a[normalize-space()=&apos;Log out&apos;], using=xpath}]
Capabilities {acceptInsecureCerts: false, browserName: chrome, browserVersion: 126.0.6478.61, chrome: {chromedriverVersion: 126.0.6478.61 (8dc092df54ce..., userDataDir: C:\Users\vrund\AppData\Loca...}, fedcm:accounts: true, goog:chromeOptions: {debuggerAddress: localhost:53124}, networkConnectionEnabled: false, pageLoadStrategy: normal, platformName: windows, proxy: Proxy(), se:cdp: ws://localhost:53124/devtoo..., se:cdpVersion: 126.0.6478.61, setWindowRect: true, strictFileInteractability: false, timeouts: {implicit: 0, pageLoad: 300000, script: 30000}, unhandledPromptBehavior: dismiss and notify, webauthn:extension:credBlob: true, webauthn:extension:largeBlob: true, webauthn:extension:minPinLength: true, webauthn:extension:prf: true, webauthn:virtualAuthenticators: true}
Session ID: 14f3c4fb94ea1138083e01403282017f
	at org.openqa.selenium.remote.ErrorCodec.decode(ErrorCodec.java:167)
	at org.openqa.selenium.remote.codec.w3c.W3CHttpResponseCodec.decode(W3CHttpResponseCodec.java:138)
	at org.openqa.selenium.remote.codec.w3c.W3CHttpResponseCodec.decode(W3CHttpResponseCodec.java:50)
	at org.openqa.selenium.remote.HttpCommandExecutor.execute(HttpCommandExecutor.java:190)
	at org.openqa.selenium.remote.service.DriverCommandExecutor.invokeExecute(DriverCommandExecutor.java:216)
	at org.openqa.selenium.remote.service.DriverCommandExecutor.execute(DriverCommandExecutor.java:174)
	at org.openqa.selenium.remote.RemoteWebDriver.execute(RemoteWebDriver.java:518)
	at org.openqa.selenium.remote.ElementLocation$ElementFinder$2.findElement(ElementLocation.java:165)
	at org.openqa.selenium.remote.ElementLocation.findElement(ElementLocation.java:59)
	at org.openqa.selenium.remote.RemoteWebDriver.findElement(RemoteWebDriver.java:355)
	at org.openqa.selenium.remote.RemoteWebDriver.findElement(RemoteWebDriver.java:349)
	at org.openqa.selenium.support.pagefactory.DefaultElementLocator.findElement(DefaultElementLocator.java:68)
	at org.openqa.selenium.support.pagefactory.internal.LocatingElementHandler.invoke(LocatingElementHandler.java:38)
	at jdk.proxy2/jdk.proxy2.$Proxy18.click(Unknown Source)
	at com.nopcommerce.demo.utility.Utility.clickOnElement(Utility.java:53)
	at com.nopcommerce.demo.pages.LoginPage.clickOnLogoutLink(LoginPage.java:84)
	at com.nopcommerce.demo.testsuite.LoginPageTest.verifyThatUserShouldLogOutSuccessFully(LoginPageTest.java:81)
	at java.base/java.util.ArrayList.forEach(ArrayList.java:1511)
	at com.intellij.rt.testng.IDEARemoteTestNG.run(IDEARemoteTestNG.java:65)
	at com.intellij.rt.testng.RemoteTestNGStarter.main(RemoteTestNGStarter.java:105)
... Removed 29 stack frames
</div> <!-- stack-trace -->
                </div> <!-- method-content -->
              </div> <!-- method -->
            </div> <!-- main-panel-content rounded-window-bottom -->
          </div> <!-- suite-testsuite-class-failed -->
          <div class="suite-testsuite-class-passed">
            <div class="main-panel-header rounded-window-top">
              <img src="passed.png"/>
              <span class="class-name">com.nopcommerce.demo.testsuite.LoginPageTest</span>
            </div> <!-- main-panel-header rounded-window-top -->
            <div class="main-panel-content rounded-window-bottom">
              <div class="method">
                <div class="method-content">
                  <a name="userShouldNavigateToLoginPageSuccessFully">
                  </a> <!-- userShouldNavigateToLoginPageSuccessFully -->
                  <span class="method-name">userShouldNavigateToLoginPageSuccessFully</span>
                </div> <!-- method-content -->
              </div> <!-- method -->
              <div class="method">
                <div class="method-content">
                  <a name="verifyTheErrorMessageWithInValidCredentials">
                  </a> <!-- verifyTheErrorMessageWithInValidCredentials -->
                  <span class="method-name">verifyTheErrorMessageWithInValidCredentials</span>
                </div> <!-- method-content -->
              </div> <!-- method -->
            </div> <!-- main-panel-content rounded-window-bottom -->
          </div> <!-- suite-testsuite-class-passed -->
          <div class="suite-testsuite-class-passed">
            <div class="main-panel-header rounded-window-top">
              <img src="passed.png"/>
              <span class="class-name">com.nopcommerce.demo.testsuite.RegisterPageTest</span>
            </div> <!-- main-panel-header rounded-window-top -->
            <div class="main-panel-content rounded-window-bottom">
              <div class="method">
                <div class="method-content">
                  <a name="verifyThatFirstNameLastNameEmailPasswordAndConfirmPasswordFieldsAreMandatory">
                  </a> <!-- verifyThatFirstNameLastNameEmailPasswordAndConfirmPasswordFieldsAreMandatory -->
                  <span class="method-name">verifyThatFirstNameLastNameEmailPasswordAndConfirmPasswordFieldsAreMandatory</span>
                </div> <!-- method-content -->
              </div> <!-- method -->
              <div class="method">
                <div class="method-content">
                  <a name="verifyThatUserShouldCreateAccountSuccessfully">
                  </a> <!-- verifyThatUserShouldCreateAccountSuccessfully -->
                  <span class="method-name">verifyThatUserShouldCreateAccountSuccessfully</span>
                </div> <!-- method-content -->
              </div> <!-- method -->
              <div class="method">
                <div class="method-content">
                  <a name="verifyUserShouldNavigateToRegisterPageSuccessfully">
                  </a> <!-- verifyUserShouldNavigateToRegisterPageSuccessfully -->
                  <span class="method-name">verifyUserShouldNavigateToRegisterPageSuccessfully</span>
                </div> <!-- method-content -->
              </div> <!-- method -->
            </div> <!-- main-panel-content rounded-window-bottom -->
          </div> <!-- suite-testsuite-class-passed -->
          <div class="suite-testsuite-class-passed">
            <div class="main-panel-header rounded-window-top">
              <img src="passed.png"/>
              <span class="class-name">com.nopcommerce.demo.testsuite.ComputerPageTest</span>
            </div> <!-- main-panel-header rounded-window-top -->
            <div class="main-panel-content rounded-window-bottom">
              <div class="method">
                <div class="method-content">
                  <a name="verifyThatUserShouldBuildYouOwnComputerAndAddThemToCartSuccessfully(2.2 GHz Intel Pentium Dual-Core E2200, 2 GB)">
                  </a> <!-- verifyThatUserShouldBuildYouOwnComputerAndAddThemToCartSuccessfully(2.2 GHz Intel Pentium Dual-Core E2200, 2 GB) -->
                  <span class="method-name">verifyThatUserShouldBuildYouOwnComputerAndAddThemToCartSuccessfully</span>
                  <span class="parameters">(2.2 GHz Intel Pentium Dual-Core E2200,2 GB)</span>
                </div> <!-- method-content -->
              </div> <!-- method -->
              <div class="method">
                <div class="method-content">
                  <a name="verifyThatUserShouldBuildYouOwnComputerAndAddThemToCartSuccessfully(2.5 GHz Intel Pentium Dual-Core E2200 [+$15.00], 8GB [+$60.00])">
                  </a> <!-- verifyThatUserShouldBuildYouOwnComputerAndAddThemToCartSuccessfully(2.5 GHz Intel Pentium Dual-Core E2200 [+$15.00], 8GB [+$60.00]) -->
                  <span class="method-name">verifyThatUserShouldBuildYouOwnComputerAndAddThemToCartSuccessfully</span>
                  <span class="parameters">(2.5 GHz Intel Pentium Dual-Core E2200 [+$15.00],8GB [+$60.00])</span>
                </div> <!-- method-content -->
              </div> <!-- method -->
              <div class="method">
                <div class="method-content">
                  <a name="verifyThatUserShouldBuildYouOwnComputerAndAddThemToCartSuccessfully(2.5 GHz Intel Pentium Dual-Core E2200 [+$15.00], 4GB [+$20.00])">
                  </a> <!-- verifyThatUserShouldBuildYouOwnComputerAndAddThemToCartSuccessfully(2.5 GHz Intel Pentium Dual-Core E2200 [+$15.00], 4GB [+$20.00]) -->
                  <span class="method-name">verifyThatUserShouldBuildYouOwnComputerAndAddThemToCartSuccessfully</span>
                  <span class="parameters">(2.5 GHz Intel Pentium Dual-Core E2200 [+$15.00],4GB [+$20.00])</span>
                </div> <!-- method-content -->
              </div> <!-- method -->
              <div class="method">
                <div class="method-content">
                  <a name="verifyUserShouldNavigateToComputerPageSuccessfully">
                  </a> <!-- verifyUserShouldNavigateToComputerPageSuccessfully -->
                  <span class="method-name">verifyUserShouldNavigateToComputerPageSuccessfully</span>
                </div> <!-- method-content -->
              </div> <!-- method -->
              <div class="method">
                <div class="method-content">
                  <a name="verifyUserShouldNavigateToDesktopsPageSuccessfully">
                  </a> <!-- verifyUserShouldNavigateToDesktopsPageSuccessfully -->
                  <span class="method-name">verifyUserShouldNavigateToDesktopsPageSuccessfully</span>
                </div> <!-- method-content -->
              </div> <!-- method -->
            </div> <!-- main-panel-content rounded-window-bottom -->
          </div> <!-- suite-testsuite-class-passed -->
        </div> <!-- panel testsuite -->
        <div panel-name="test-xml-testsuite" class="panel">
          <div class="main-panel-header rounded-window-top">
            <span class="header-content">C:\Users\vrund\Vrunda Prime\Maven Projects\Maven Homework\nopcommerce-demo-sw-5\src\test\java\resources\runners\testng.xml</span>
          </div> <!-- main-panel-header rounded-window-top -->
          <div class="main-panel-content rounded-window-bottom">
            <pre>
&lt;?xml version=&quot;1.0&quot; encoding=&quot;UTF-8&quot;?&gt;
&lt;!DOCTYPE suite SYSTEM &quot;https://testng.org/testng-1.0.dtd&quot;&gt;
&lt;suite name=&quot;testsuite&quot; guice-stage=&quot;DEVELOPMENT&quot;&gt;
  &lt;listeners&gt;
    &lt;listener class-name=&quot;com.nopcommerce.demo.customlisteners.CustomListeners&quot;/&gt;
    &lt;listener class-name=&quot;org.uncommons.reportng.HTMLReporter&quot;/&gt;
    &lt;listener class-name=&quot;org.uncommons.reportng.JUnitXMLReporter&quot;/&gt;
  &lt;/listeners&gt;
  &lt;test thread-count=&quot;5&quot; name=&quot;Login Test&quot;&gt;
    &lt;classes&gt;
      &lt;class name=&quot;com.nopcommerce.demo.testsuite.LoginPageTest&quot;/&gt;
    &lt;/classes&gt;
  &lt;/test&gt; &lt;!-- Login Test --&gt;
  &lt;test thread-count=&quot;5&quot; name=&quot;Registration Test&quot;&gt;
    &lt;classes&gt;
      &lt;class name=&quot;com.nopcommerce.demo.testsuite.RegisterPageTest&quot;/&gt;
    &lt;/classes&gt;
  &lt;/test&gt; &lt;!-- Registration Test --&gt;
  &lt;test thread-count=&quot;5&quot; name=&quot;Computers Test&quot;&gt;
    &lt;classes&gt;
      &lt;class name=&quot;com.nopcommerce.demo.testsuite.ComputerPageTest&quot;/&gt;
    &lt;/classes&gt;
  &lt;/test&gt; &lt;!-- Computers Test --&gt;
&lt;/suite&gt; &lt;!-- testsuite --&gt;
            </pre>
          </div> <!-- main-panel-content rounded-window-bottom -->
        </div> <!-- panel -->
        <div panel-name="testlist-testsuite" class="panel">
          <div class="main-panel-header rounded-window-top">
            <span class="header-content">Tests for testsuite</span>
          </div> <!-- main-panel-header rounded-window-top -->
          <div class="main-panel-content rounded-window-bottom">
            <ul>
              <li>
                <span class="test-name">Login Test (1 class)</span>
              </li>
              <li>
                <span class="test-name">Registration Test (1 class)</span>
              </li>
              <li>
                <span class="test-name">Computers Test (1 class)</span>
              </li>
            </ul>
          </div> <!-- main-panel-content rounded-window-bottom -->
        </div> <!-- panel -->
        <div panel-name="group-testsuite" class="panel">
          <div class="main-panel-header rounded-window-top">
            <span class="header-content">Groups for testsuite</span>
          </div> <!-- main-panel-header rounded-window-top -->
          <div class="main-panel-content rounded-window-bottom">
            <div class="test-group">
              <span class="test-group-name">regression</span>
              <br/>
              <div class="method-in-group">
                <span class="method-in-group-name">userShouldNavigateToLoginPageSuccessFully</span>
                <br/>
              </div> <!-- method-in-group -->
              <div class="method-in-group">
                <span class="method-in-group-name">verifyThatFirstNameLastNameEmailPasswordAndConfirmPasswordFieldsAreMandatory</span>
                <br/>
              </div> <!-- method-in-group -->
              <div class="method-in-group">
                <span class="method-in-group-name">verifyThatUserShouldBuildYouOwnComputerAndAddThemToCartSuccessfully</span>
                <br/>
              </div> <!-- method-in-group -->
              <div class="method-in-group">
                <span class="method-in-group-name">verifyThatUserShouldCreateAccountSuccessfully</span>
                <br/>
              </div> <!-- method-in-group -->
              <div class="method-in-group">
                <span class="method-in-group-name">verifyThatUserShouldLogInSuccessFullyWithValidCredentials</span>
                <br/>
              </div> <!-- method-in-group -->
              <div class="method-in-group">
                <span class="method-in-group-name">verifyThatUserShouldLogOutSuccessFully</span>
                <br/>
              </div> <!-- method-in-group -->
              <div class="method-in-group">
                <span class="method-in-group-name">verifyTheErrorMessageWithInValidCredentials</span>
                <br/>
              </div> <!-- method-in-group -->
              <div class="method-in-group">
                <span class="method-in-group-name">verifyUserShouldNavigateToComputerPageSuccessfully</span>
                <br/>
              </div> <!-- method-in-group -->
              <div class="method-in-group">
                <span class="method-in-group-name">verifyUserShouldNavigateToDesktopsPageSuccessfully</span>
                <br/>
              </div> <!-- method-in-group -->
              <div class="method-in-group">
                <span class="method-in-group-name">verifyUserShouldNavigateToRegisterPageSuccessfully</span>
                <br/>
              </div> <!-- method-in-group -->
            </div> <!-- test-group -->
            <div class="test-group">
              <span class="test-group-name">sanity</span>
              <br/>
              <div class="method-in-group">
                <span class="method-in-group-name">userShouldNavigateToLoginPageSuccessFully</span>
                <br/>
              </div> <!-- method-in-group -->
              <div class="method-in-group">
                <span class="method-in-group-name">verifyUserShouldNavigateToComputerPageSuccessfully</span>
                <br/>
              </div> <!-- method-in-group -->
              <div class="method-in-group">
                <span class="method-in-group-name">verifyUserShouldNavigateToDesktopsPageSuccessfully</span>
                <br/>
              </div> <!-- method-in-group -->
              <div class="method-in-group">
                <span class="method-in-group-name">verifyUserShouldNavigateToRegisterPageSuccessfully</span>
                <br/>
              </div> <!-- method-in-group -->
            </div> <!-- test-group -->
            <div class="test-group">
              <span class="test-group-name">smoke</span>
              <br/>
              <div class="method-in-group">
                <span class="method-in-group-name">userShouldNavigateToLoginPageSuccessFully</span>
                <br/>
              </div> <!-- method-in-group -->
              <div class="method-in-group">
                <span class="method-in-group-name">verifyThatFirstNameLastNameEmailPasswordAndConfirmPasswordFieldsAreMandatory</span>
                <br/>
              </div> <!-- method-in-group -->
              <div class="method-in-group">
                <span class="method-in-group-name">verifyTheErrorMessageWithInValidCredentials</span>
                <br/>
              </div> <!-- method-in-group -->
              <div class="method-in-group">
                <span class="method-in-group-name">verifyUserShouldNavigateToDesktopsPageSuccessfully</span>
                <br/>
              </div> <!-- method-in-group -->
              <div class="method-in-group">
                <span class="method-in-group-name">verifyUserShouldNavigateToRegisterPageSuccessfully</span>
                <br/>
              </div> <!-- method-in-group -->
            </div> <!-- test-group -->
          </div> <!-- main-panel-content rounded-window-bottom -->
        </div> <!-- panel -->
        <div panel-name="times-testsuite" class="panel">
          <div class="main-panel-header rounded-window-top">
            <span class="header-content">Times for testsuite</span>
          </div> <!-- main-panel-header rounded-window-top -->
          <div class="main-panel-content rounded-window-bottom">
            <div class="times-div">
              <script type="text/javascript">
suiteTableInitFunctions.push('tableData_testsuite');
function tableData_testsuite() {
var data = new google.visualization.DataTable();
data.addColumn('number', 'Number');
data.addColumn('string', 'Method');
data.addColumn('string', 'Class');
data.addColumn('number', 'Time (ms)');
data.addRows(12);
data.setCell(0, 0, 0)
data.setCell(0, 1, 'verifyThatUserShouldCreateAccountSuccessfully')
data.setCell(0, 2, 'com.nopcommerce.demo.testsuite.RegisterPageTest')
data.setCell(0, 3, 68281);
data.setCell(1, 0, 1)
data.setCell(1, 1, 'verifyThatUserShouldLogInSuccessFullyWithValidCredentials')
data.setCell(1, 2, 'com.nopcommerce.demo.testsuite.LoginPageTest')
data.setCell(1, 3, 21637);
data.setCell(2, 0, 2)
data.setCell(2, 1, 'verifyThatUserShouldLogOutSuccessFully')
data.setCell(2, 2, 'com.nopcommerce.demo.testsuite.LoginPageTest')
data.setCell(2, 3, 20953);
data.setCell(3, 0, 3)
data.setCell(3, 1, 'verifyThatUserShouldBuildYouOwnComputerAndAddThemToCartSuccessfully')
data.setCell(3, 2, 'com.nopcommerce.demo.testsuite.ComputerPageTest')
data.setCell(3, 3, 4797);
data.setCell(4, 0, 4)
data.setCell(4, 1, 'verifyThatUserShouldBuildYouOwnComputerAndAddThemToCartSuccessfully')
data.setCell(4, 2, 'com.nopcommerce.demo.testsuite.ComputerPageTest')
data.setCell(4, 3, 4749);
data.setCell(5, 0, 5)
data.setCell(5, 1, 'verifyThatUserShouldBuildYouOwnComputerAndAddThemToCartSuccessfully')
data.setCell(5, 2, 'com.nopcommerce.demo.testsuite.ComputerPageTest')
data.setCell(5, 3, 4629);
data.setCell(6, 0, 6)
data.setCell(6, 1, 'verifyThatFirstNameLastNameEmailPasswordAndConfirmPasswordFieldsAreMandatory')
data.setCell(6, 2, 'com.nopcommerce.demo.testsuite.RegisterPageTest')
data.setCell(6, 3, 4034);
data.setCell(7, 0, 7)
data.setCell(7, 1, 'verifyTheErrorMessageWithInValidCredentials')
data.setCell(7, 2, 'com.nopcommerce.demo.testsuite.LoginPageTest')
data.setCell(7, 3, 1075);
data.setCell(8, 0, 8)
data.setCell(8, 1, 'verifyUserShouldNavigateToDesktopsPageSuccessfully')
data.setCell(8, 2, 'com.nopcommerce.demo.testsuite.ComputerPageTest')
data.setCell(8, 3, 969);
data.setCell(9, 0, 9)
data.setCell(9, 1, 'userShouldNavigateToLoginPageSuccessFully')
data.setCell(9, 2, 'com.nopcommerce.demo.testsuite.LoginPageTest')
data.setCell(9, 3, 569);
data.setCell(10, 0, 10)
data.setCell(10, 1, 'verifyUserShouldNavigateToRegisterPageSuccessfully')
data.setCell(10, 2, 'com.nopcommerce.demo.testsuite.RegisterPageTest')
data.setCell(10, 3, 489);
data.setCell(11, 0, 11)
data.setCell(11, 1, 'verifyUserShouldNavigateToComputerPageSuccessfully')
data.setCell(11, 2, 'com.nopcommerce.demo.testsuite.ComputerPageTest')
data.setCell(11, 3, 451);
window.suiteTableData['testsuite']= { tableData: data, tableDiv: 'times-div-testsuite'}
return data;
}
              </script>
              <span class="suite-total-time">Total running time: 2 minutes</span>
              <div id="times-div-testsuite">
              </div> <!-- times-div-testsuite -->
            </div> <!-- times-div -->
          </div> <!-- main-panel-content rounded-window-bottom -->
        </div> <!-- panel -->
        <div panel-name="reporter-testsuite" class="panel">
          <div class="main-panel-header rounded-window-top">
            <span class="header-content">Reporter output for testsuite</span>
          </div> <!-- main-panel-header rounded-window-top -->
          <div class="main-panel-content rounded-window-bottom">
            <div class="reporter-method-div">
              <span class="reporter-method-name">verifyTheErrorMessageWithInValidCredentials</span>
              <div class="reporter-method-output-div">
                <span class="reporter-method-output">Clicking on login link [[ChromeDriver: chrome on windows (4f8bff1c52ea0dfe6bbdb35d55dd807a)] -> link text: Log in]</span>
                <span class="reporter-method-output">Enter email axc@gmail.comto email field [[ChromeDriver: chrome on windows (4f8bff1c52ea0dfe6bbdb35d55dd807a)] -> id: Email]</span>
                <span class="reporter-method-output">Enter password abc12345to password field [[ChromeDriver: chrome on windows (4f8bff1c52ea0dfe6bbdb35d55dd807a)] -> name: Password]</span>
                <span class="reporter-method-output">Click on login button [[ChromeDriver: chrome on windows (4f8bff1c52ea0dfe6bbdb35d55dd807a)] -> xpath: //button[contains(text(),'Log in')]]</span>
                <span class="reporter-method-output">Get text from error message [[ChromeDriver: chrome on windows (4f8bff1c52ea0dfe6bbdb35d55dd807a)] -> xpath: //div[@class='message-error validation-summary-errors']]</span>
              </div> <!-- reporter-method-output-div -->
            </div> <!-- reporter-method-div -->
            <div class="reporter-method-div">
              <span class="reporter-method-name">userShouldNavigateToLoginPageSuccessFully</span>
              <div class="reporter-method-output-div">
                <span class="reporter-method-output">Clicking on login link [[ChromeDriver: chrome on windows (52a31281252fb9d87596b94394aa9006)] -> link text: Log in]</span>
                <span class="reporter-method-output">Get text from welcome text [[ChromeDriver: chrome on windows (52a31281252fb9d87596b94394aa9006)] -> xpath: //h1[contains(text(),'Welcome, Please Sign In!')]]</span>
              </div> <!-- reporter-method-output-div -->
            </div> <!-- reporter-method-div -->
            <div class="reporter-method-div">
              <span class="reporter-method-name">verifyThatUserShouldLogOutSuccessFully</span>
              <div class="reporter-method-output-div">
                <span class="reporter-method-output">Clicking on login link [[ChromeDriver: chrome on windows (14f3c4fb94ea1138083e01403282017f)] -> link text: Log in]</span>
                <span class="reporter-method-output">Enter email abc@gmail.comto email field [[ChromeDriver: chrome on windows (14f3c4fb94ea1138083e01403282017f)] -> id: Email]</span>
                <span class="reporter-method-output">Enter password abc12345to password field [[ChromeDriver: chrome on windows (14f3c4fb94ea1138083e01403282017f)] -> name: Password]</span>
                <span class="reporter-method-output">Click on login button [[ChromeDriver: chrome on windows (14f3c4fb94ea1138083e01403282017f)] -> xpath: //button[contains(text(),'Log in')]]</span>
              </div> <!-- reporter-method-output-div -->
            </div> <!-- reporter-method-div -->
            <div class="reporter-method-div">
              <span class="reporter-method-name">verifyThatUserShouldLogInSuccessFullyWithValidCredentials</span>
              <div class="reporter-method-output-div">
                <span class="reporter-method-output">Clicking on login link [[ChromeDriver: chrome on windows (7b7ba28fa701bd108687c4bf35e33b66)] -> link text: Log in]</span>
                <span class="reporter-method-output">Enter email abc@gmail.comto email field [[ChromeDriver: chrome on windows (7b7ba28fa701bd108687c4bf35e33b66)] -> id: Email]</span>
                <span class="reporter-method-output">Enter password abc12345to password field [[ChromeDriver: chrome on windows (7b7ba28fa701bd108687c4bf35e33b66)] -> name: Password]</span>
                <span class="reporter-method-output">Click on login button [[ChromeDriver: chrome on windows (7b7ba28fa701bd108687c4bf35e33b66)] -> xpath: //button[contains(text(),'Log in')]]</span>
              </div> <!-- reporter-method-output-div -->
            </div> <!-- reporter-method-div -->
            <div class="reporter-method-div">
              <span class="reporter-method-name">verifyThatFirstNameLastNameEmailPasswordAndConfirmPasswordFieldsAreMandatory</span>
              <div class="reporter-method-output-div">
                <span class="reporter-method-output">Clicking on register link [[ChromeDriver: chrome on windows (2d035b3097ad0efd3a5d945af0031055)] -> xpath: //a[normalize-space()='Register']]</span>
                <span class="reporter-method-output">Click on register button [[ChromeDriver: chrome on windows (2d035b3097ad0efd3a5d945af0031055)] -> xpath: //button[@id='register-button']]</span>
                <span class="reporter-method-output">Get text from first name error message [[ChromeDriver: chrome on windows (2d035b3097ad0efd3a5d945af0031055)] -> xpath: //span[@id='FirstName-error']]</span>
                <span class="reporter-method-output">Get text from last name [[ChromeDriver: chrome on windows (2d035b3097ad0efd3a5d945af0031055)] -> xpath: //span[@id='LastName-error']]</span>
                <span class="reporter-method-output">Get text from email id error message [[ChromeDriver: chrome on windows (2d035b3097ad0efd3a5d945af0031055)] -> xpath: //span[@id='Email-error']]</span>
                <span class="reporter-method-output">Get text from password error message [[ChromeDriver: chrome on windows (2d035b3097ad0efd3a5d945af0031055)] -> xpath: //span[@id='ConfirmPassword-error']]</span>
                <span class="reporter-method-output">Get text from confirm password error message [[ChromeDriver: chrome on windows (2d035b3097ad0efd3a5d945af0031055)] -> xpath: //span[@id='ConfirmPassword-error']]</span>
              </div> <!-- reporter-method-output-div -->
            </div> <!-- reporter-method-div -->
            <div class="reporter-method-div">
              <span class="reporter-method-name">verifyUserShouldNavigateToRegisterPageSuccessfully</span>
              <div class="reporter-method-output-div">
                <span class="reporter-method-output">Clicking on register link [[ChromeDriver: chrome on windows (9065638abf78efe3e32bad6cd4a8543d)] -> xpath: //a[normalize-space()='Register']]</span>
                <span class="reporter-method-output">Get text from welcome text [[ChromeDriver: chrome on windows (9065638abf78efe3e32bad6cd4a8543d)] -> xpath: //h1[normalize-space()='Register']]</span>
              </div> <!-- reporter-method-output-div -->
            </div> <!-- reporter-method-div -->
            <div class="reporter-method-div">
              <span class="reporter-method-name">verifyThatUserShouldCreateAccountSuccessfully</span>
              <div class="reporter-method-output-div">
                <span class="reporter-method-output">Clicking on register link [[ChromeDriver: chrome on windows (a8c3cadaa7860b99bb2bbe3cc6392852)] -> xpath: //a[normalize-space()='Register']]</span>
                <span class="reporter-method-output">Click on gender female [[ChromeDriver: chrome on windows (a8c3cadaa7860b99bb2bbe3cc6392852)] -> xpath: //input[@id='gender-female']]</span>
                <span class="reporter-method-output">Enter first name abcto first name field [[ChromeDriver: chrome on windows (a8c3cadaa7860b99bb2bbe3cc6392852)] -> id: FirstName]</span>
                <span class="reporter-method-output">Enter last name Proxy element for: DefaultElementLocator 'By.xpath: //span[@id='ConfirmPassword-error']'to last name field [[ChromeDriver: chrome on windows (a8c3cadaa7860b99bb2bbe3cc6392852)] -> id: LastName]</span>
                <span class="reporter-method-output">Enter day 4from dropdown list[[ChromeDriver: chrome on windows (a8c3cadaa7860b99bb2bbe3cc6392852)] -> xpath: //select[@name='DateOfBirthDay']]</span>
                <span class="reporter-method-output">Enter month 4from dropdown list[[ChromeDriver: chrome on windows (a8c3cadaa7860b99bb2bbe3cc6392852)] -> xpath: //select[@name='DateOfBirthMonth']]</span>
                <span class="reporter-method-output">Enter year 1944from dropdown list[[ChromeDriver: chrome on windows (a8c3cadaa7860b99bb2bbe3cc6392852)] -> xpath: //select[@name='DateOfBirthYear']]</span>
                <span class="reporter-method-output">Enter email Proxy element for: DefaultElementLocator 'By.xpath: //span[@id='ConfirmPassword-error']'to email field [[ChromeDriver: chrome on windows (a8c3cadaa7860b99bb2bbe3cc6392852)] -> name: Email]</span>
                <span class="reporter-method-output">Enter password 123456to password field [[ChromeDriver: chrome on windows (a8c3cadaa7860b99bb2bbe3cc6392852)] -> id: Password]</span>
                <span class="reporter-method-output">Enter confirm password Proxy element for: DefaultElementLocator 'By.xpath: //span[@id='ConfirmPassword-error']'to password field [[ChromeDriver: chrome on windows (a8c3cadaa7860b99bb2bbe3cc6392852)] -> id: ConfirmPassword]</span>
                <span class="reporter-method-output">Click on register button [[ChromeDriver: chrome on windows (a8c3cadaa7860b99bb2bbe3cc6392852)] -> xpath: //button[@id='register-button']]</span>
                <span class="reporter-method-output">Get text from registration success message [[ChromeDriver: chrome on windows (a8c3cadaa7860b99bb2bbe3cc6392852)] -> id: ConfirmPassword]</span>
              </div> <!-- reporter-method-output-div -->
            </div> <!-- reporter-method-div -->
            <div class="reporter-method-div">
              <span class="reporter-method-name">verifyUserShouldNavigateToDesktopsPageSuccessfully</span>
              <div class="reporter-method-output-div">
                <span class="reporter-method-output">Click on computers menu link [[ChromeDriver: chrome on windows (0162a9be964144dd837da6a6c5a46e9b)] -> xpath: //ul[@class='top-menu notmobile']//a[normalize-space()='Computers']]</span>
                <span class="reporter-method-output">Click on desktops link [[ChromeDriver: chrome on windows (0162a9be964144dd837da6a6c5a46e9b)] -> xpath: //li[@class='inactive']//a[normalize-space()='Desktops']]</span>
                <span class="reporter-method-output">Get title text for desktops page [[ChromeDriver: chrome on windows (0162a9be964144dd837da6a6c5a46e9b)] -> xpath: //h1[normalize-space()='Desktops']]</span>
              </div> <!-- reporter-method-output-div -->
            </div> <!-- reporter-method-div -->
            <div class="reporter-method-div">
              <span class="reporter-method-name">verifyThatUserShouldBuildYouOwnComputerAndAddThemToCartSuccessfully(2.2 GHz Intel Pentium Dual-Core E2200, 2 GB)</span>
              <div class="reporter-method-output-div">
                <span class="reporter-method-output">Click on computers menu link [[ChromeDriver: chrome on windows (9eaa559114091d0a9ad9e444bec45396)] -> xpath: //ul[@class='top-menu notmobile']//a[normalize-space()='Computers']]</span>
                <span class="reporter-method-output">Click on desktops link [[ChromeDriver: chrome on windows (9eaa559114091d0a9ad9e444bec45396)] -> xpath: //li[@class='inactive']//a[normalize-space()='Desktops']]</span>
                <span class="reporter-method-output">Click on product name [[ChromeDriver: chrome on windows (9eaa559114091d0a9ad9e444bec45396)] -> xpath: //h2[@class='product-title']/a]</span>
                <span class="reporter-method-output">Get value of processor: 2.2 GHz Intel Pentium Dual-Core E2200from dropdown [[ChromeDriver: chrome on windows (9eaa559114091d0a9ad9e444bec45396)] -> xpath: //select[@id='product_attribute_1']]</span>
                <span class="reporter-method-output">Get value of ram: 2 GBfrom dropdown [[ChromeDriver: chrome on windows (9eaa559114091d0a9ad9e444bec45396)] -> xpath: //select[@id='product_attribute_2']]</span>
                <span class="reporter-method-output">Click on HDD [[ChromeDriver: chrome on windows (9eaa559114091d0a9ad9e444bec45396)] -> xpath: //input[@id='product_attribute_3_7']]</span>
                <span class="reporter-method-output">Click on OS [[ChromeDriver: chrome on windows (9eaa559114091d0a9ad9e444bec45396)] -> xpath: //input[@id='product_attribute_4_9']]</span>
                <span class="reporter-method-output">Click on software checkbox number three [[ChromeDriver: chrome on windows (9eaa559114091d0a9ad9e444bec45396)] -> xpath: //input[@id='product_attribute_5_12']]</span>
                <span class="reporter-method-output">Click on add to cart button [[ChromeDriver: chrome on windows (9eaa559114091d0a9ad9e444bec45396)] -> id: add-to-cart-button-1]</span>
                <span class="reporter-method-output">Get text from product added success message [[ChromeDriver: chrome on windows (9eaa559114091d0a9ad9e444bec45396)] -> xpath: //p[@class='content']]</span>
              </div> <!-- reporter-method-output-div -->
            </div> <!-- reporter-method-div -->
            <div class="reporter-method-div">
              <span class="reporter-method-name">verifyThatUserShouldBuildYouOwnComputerAndAddThemToCartSuccessfully(2.5 GHz Intel Pentium Dual-Core E2200 [+$15.00], 8GB [+$60.00])</span>
              <div class="reporter-method-output-div">
                <span class="reporter-method-output">Click on computers menu link [[ChromeDriver: chrome on windows (7ba0f37be895cf38f94ba8eaf3214b95)] -> xpath: //ul[@class='top-menu notmobile']//a[normalize-space()='Computers']]</span>
                <span class="reporter-method-output">Click on desktops link [[ChromeDriver: chrome on windows (7ba0f37be895cf38f94ba8eaf3214b95)] -> xpath: //li[@class='inactive']//a[normalize-space()='Desktops']]</span>
                <span class="reporter-method-output">Click on product name [[ChromeDriver: chrome on windows (7ba0f37be895cf38f94ba8eaf3214b95)] -> xpath: //h2[@class='product-title']/a]</span>
                <span class="reporter-method-output">Get value of processor: 2.5 GHz Intel Pentium Dual-Core E2200 [+$15.00]from dropdown [[ChromeDriver: chrome on windows (7ba0f37be895cf38f94ba8eaf3214b95)] -> xpath: //select[@id='product_attribute_1']]</span>
                <span class="reporter-method-output">Get value of ram: 8GB [+$60.00]from dropdown [[ChromeDriver: chrome on windows (7ba0f37be895cf38f94ba8eaf3214b95)] -> xpath: //select[@id='product_attribute_2']]</span>
                <span class="reporter-method-output">Click on HDD [[ChromeDriver: chrome on windows (7ba0f37be895cf38f94ba8eaf3214b95)] -> xpath: //input[@id='product_attribute_3_7']]</span>
                <span class="reporter-method-output">Click on OS [[ChromeDriver: chrome on windows (7ba0f37be895cf38f94ba8eaf3214b95)] -> xpath: //input[@id='product_attribute_4_9']]</span>
                <span class="reporter-method-output">Click on software checkbox number three [[ChromeDriver: chrome on windows (7ba0f37be895cf38f94ba8eaf3214b95)] -> xpath: //input[@id='product_attribute_5_12']]</span>
                <span class="reporter-method-output">Click on add to cart button [[ChromeDriver: chrome on windows (7ba0f37be895cf38f94ba8eaf3214b95)] -> id: add-to-cart-button-1]</span>
                <span class="reporter-method-output">Get text from product added success message [[ChromeDriver: chrome on windows (7ba0f37be895cf38f94ba8eaf3214b95)] -> xpath: //p[@class='content']]</span>
              </div> <!-- reporter-method-output-div -->
            </div> <!-- reporter-method-div -->
            <div class="reporter-method-div">
              <span class="reporter-method-name">verifyUserShouldNavigateToComputerPageSuccessfully</span>
              <div class="reporter-method-output-div">
                <span class="reporter-method-output">Click on computers menu link [[ChromeDriver: chrome on windows (c772b18644d025909256f2c4a08a949a)] -> xpath: //ul[@class='top-menu notmobile']//a[normalize-space()='Computers']]</span>
                <span class="reporter-method-output">Get title text for computers page [[ChromeDriver: chrome on windows (c772b18644d025909256f2c4a08a949a)] -> xpath: //h1[normalize-space()='Computers']]</span>
              </div> <!-- reporter-method-output-div -->
            </div> <!-- reporter-method-div -->
            <div class="reporter-method-div">
              <span class="reporter-method-name">verifyThatUserShouldBuildYouOwnComputerAndAddThemToCartSuccessfully(2.5 GHz Intel Pentium Dual-Core E2200 [+$15.00], 4GB [+$20.00])</span>
              <div class="reporter-method-output-div">
                <span class="reporter-method-output">Click on computers menu link [[ChromeDriver: chrome on windows (88df6c3c544a3b7c3eeec91b8448ecec)] -> xpath: //ul[@class='top-menu notmobile']//a[normalize-space()='Computers']]</span>
                <span class="reporter-method-output">Click on desktops link [[ChromeDriver: chrome on windows (88df6c3c544a3b7c3eeec91b8448ecec)] -> xpath: //li[@class='inactive']//a[normalize-space()='Desktops']]</span>
                <span class="reporter-method-output">Click on product name [[ChromeDriver: chrome on windows (88df6c3c544a3b7c3eeec91b8448ecec)] -> xpath: //h2[@class='product-title']/a]</span>
                <span class="reporter-method-output">Get value of processor: 2.5 GHz Intel Pentium Dual-Core E2200 [+$15.00]from dropdown [[ChromeDriver: chrome on windows (88df6c3c544a3b7c3eeec91b8448ecec)] -> xpath: //select[@id='product_attribute_1']]</span>
                <span class="reporter-method-output">Get value of ram: 4GB [+$20.00]from dropdown [[ChromeDriver: chrome on windows (88df6c3c544a3b7c3eeec91b8448ecec)] -> xpath: //select[@id='product_attribute_2']]</span>
                <span class="reporter-method-output">Click on HDD [[ChromeDriver: chrome on windows (88df6c3c544a3b7c3eeec91b8448ecec)] -> xpath: //input[@id='product_attribute_3_7']]</span>
                <span class="reporter-method-output">Click on OS [[ChromeDriver: chrome on windows (88df6c3c544a3b7c3eeec91b8448ecec)] -> xpath: //input[@id='product_attribute_4_9']]</span>
                <span class="reporter-method-output">Click on software checkbox number three [[ChromeDriver: chrome on windows (88df6c3c544a3b7c3eeec91b8448ecec)] -> xpath: //input[@id='product_attribute_5_12']]</span>
                <span class="reporter-method-output">Click on add to cart button [[ChromeDriver: chrome on windows (88df6c3c544a3b7c3eeec91b8448ecec)] -> id: add-to-cart-button-1]</span>
                <span class="reporter-method-output">Get text from product added success message [[ChromeDriver: chrome on windows (88df6c3c544a3b7c3eeec91b8448ecec)] -> xpath: //p[@class='content']]</span>
              </div> <!-- reporter-method-output-div -->
            </div> <!-- reporter-method-div -->
          </div> <!-- main-panel-content rounded-window-bottom -->
        </div> <!-- panel -->
        <div panel-name="ignored-methods-testsuite" class="panel">
          <div class="main-panel-header rounded-window-top">
            <span class="header-content">0 ignored methods</span>
          </div> <!-- main-panel-header rounded-window-top -->
          <div class="main-panel-content rounded-window-bottom">
          </div> <!-- main-panel-content rounded-window-bottom -->
        </div> <!-- panel -->
        <div panel-name="chronological-testsuite" class="panel">
          <div class="main-panel-header rounded-window-top">
            <span class="header-content">Methods in chronological order</span>
          </div> <!-- main-panel-header rounded-window-top -->
          <div class="main-panel-content rounded-window-bottom">
            <div class="chronological-class">
              <div class="chronological-class-name">com.nopcommerce.demo.testsuite.LoginPageTest</div> <!-- chronological-class-name -->
              <div class="configuration-method before">
                <span class="method-name">setUp</span>
                <span class="method-start">0 ms</span>
              </div> <!-- configuration-method before -->
              <div class="configuration-method before">
                <span class="method-name">inIt</span>
                <span class="method-start">2329 ms</span>
              </div> <!-- configuration-method before -->
              <div class="test-method">
                <span class="method-name">userShouldNavigateToLoginPageSuccessFully</span>
                <span class="method-start">2345 ms</span>
              </div> <!-- test-method -->
              <div class="configuration-method after">
                <span class="method-name">tearDown</span>
                <span class="method-start">2916 ms</span>
              </div> <!-- configuration-method after -->
              <div class="configuration-method before">
                <span class="method-name">setUp</span>
                <span class="method-start">3047 ms</span>
              </div> <!-- configuration-method before -->
              <div class="configuration-method before">
                <span class="method-name">inIt</span>
                <span class="method-start">4986 ms</span>
              </div> <!-- configuration-method before -->
              <div class="test-method">
                <img src="failed.png">
                </img>
                <span class="method-name">verifyThatUserShouldLogInSuccessFullyWithValidCredentials</span>
                <span class="method-start">4989 ms</span>
              </div> <!-- test-method -->
              <div class="configuration-method after">
                <span class="method-name">tearDown</span>
                <span class="method-start">26768 ms</span>
              </div> <!-- configuration-method after -->
              <div class="configuration-method before">
                <span class="method-name">setUp</span>
                <span class="method-start">26923 ms</span>
              </div> <!-- configuration-method before -->
              <div class="test-method">
                <img src="failed.png">
                </img>
                <span class="method-name">verifyThatUserShouldLogOutSuccessFully</span>
                <span class="method-start">29385 ms</span>
              </div> <!-- test-method -->
              <div class="configuration-method before">
                <span class="method-name">inIt</span>
                <span class="method-start">29385 ms</span>
              </div> <!-- configuration-method before -->
              <div class="configuration-method after">
                <span class="method-name">tearDown</span>
                <span class="method-start">50434 ms</span>
              </div> <!-- configuration-method after -->
              <div class="configuration-method before">
                <span class="method-name">setUp</span>
                <span class="method-start">50593 ms</span>
              </div> <!-- configuration-method before -->
              <div class="test-method">
                <span class="method-name">verifyTheErrorMessageWithInValidCredentials</span>
                <span class="method-start">52484 ms</span>
              </div> <!-- test-method -->
              <div class="configuration-method before">
                <span class="method-name">inIt</span>
                <span class="method-start">52484 ms</span>
              </div> <!-- configuration-method before -->
              <div class="configuration-method after">
                <span class="method-name">tearDown</span>
                <span class="method-start">53560 ms</span>
              </div> <!-- configuration-method after -->
            </div> <!-- chronological-class -->
            <div class="chronological-class">
              <div class="chronological-class-name">com.nopcommerce.demo.testsuite.RegisterPageTest</div> <!-- chronological-class-name -->
              <div class="configuration-method before">
                <span class="method-name">setUp</span>
                <span class="method-start">53920 ms</span>
              </div> <!-- configuration-method before -->
              <div class="configuration-method before">
                <span class="method-name">inIt</span>
                <span class="method-start">55454 ms</span>
              </div> <!-- configuration-method before -->
              <div class="test-method">
                <span class="method-name">verifyThatFirstNameLastNameEmailPasswordAndConfirmPasswordFieldsAreMandatory</span>
                <span class="method-start">55458 ms</span>
              </div> <!-- test-method -->
              <div class="configuration-method after">
                <span class="method-name">tearDown</span>
                <span class="method-start">59492 ms</span>
              </div> <!-- configuration-method after -->
              <div class="configuration-method before">
                <span class="method-name">setUp</span>
                <span class="method-start">59639 ms</span>
              </div> <!-- configuration-method before -->
              <div class="configuration-method before">
                <span class="method-name">inIt</span>
                <span class="method-start">61496 ms</span>
              </div> <!-- configuration-method before -->
              <div class="test-method">
                <span class="method-name">verifyThatUserShouldCreateAccountSuccessfully</span>
                <span class="method-start">61498 ms</span>
              </div> <!-- test-method -->
              <div class="configuration-method after">
                <span class="method-name">tearDown</span>
                <span class="method-start">129779 ms</span>
              </div> <!-- configuration-method after -->
              <div class="configuration-method before">
                <span class="method-name">setUp</span>
                <span class="method-start">129904 ms</span>
              </div> <!-- configuration-method before -->
              <div class="configuration-method before">
                <span class="method-name">inIt</span>
                <span class="method-start">131711 ms</span>
              </div> <!-- configuration-method before -->
              <div class="test-method">
                <span class="method-name">verifyUserShouldNavigateToRegisterPageSuccessfully</span>
                <span class="method-start">131714 ms</span>
              </div> <!-- test-method -->
              <div class="configuration-method after">
                <span class="method-name">tearDown</span>
                <span class="method-start">132203 ms</span>
              </div> <!-- configuration-method after -->
            </div> <!-- chronological-class -->
            <div class="chronological-class">
              <div class="chronological-class-name">com.nopcommerce.demo.testsuite.ComputerPageTest</div> <!-- chronological-class-name -->
              <div class="configuration-class before">
                <span class="method-name">setExcel</span>
                <span class="method-start">132331 ms</span>
              </div> <!-- configuration-class before -->
              <div class="configuration-method before">
                <span class="method-name">setUp</span>
                <span class="method-start">132761 ms</span>
              </div> <!-- configuration-method before -->
              <div class="configuration-method before">
                <span class="method-name">inIt</span>
                <span class="method-start">134775 ms</span>
              </div> <!-- configuration-method before -->
              <div class="test-method">
                <span class="method-name">verifyThatUserShouldBuildYouOwnComputerAndAddThemToCartSuccessfully(2.2 GHz Intel Pentium Dual-Core E2200, 2 GB)</span>
                <span class="method-start">134785 ms</span>
              </div> <!-- test-method -->
              <div class="configuration-method after">
                <span class="method-name">tearDown</span>
                <span class="method-start">139414 ms</span>
              </div> <!-- configuration-method after -->
              <div class="configuration-method before">
                <span class="method-name">setUp</span>
                <span class="method-start">139553 ms</span>
              </div> <!-- configuration-method before -->
              <div class="configuration-method before">
                <span class="method-name">inIt</span>
                <span class="method-start">141401 ms</span>
              </div> <!-- configuration-method before -->
              <div class="test-method">
                <span class="method-name">verifyThatUserShouldBuildYouOwnComputerAndAddThemToCartSuccessfully(2.5 GHz Intel Pentium Dual-Core E2200 [+$15.00], 4GB [+$20.00])</span>
                <span class="method-start">141401 ms</span>
              </div> <!-- test-method -->
              <div class="configuration-method after">
                <span class="method-name">tearDown</span>
                <span class="method-start">146198 ms</span>
              </div> <!-- configuration-method after -->
              <div class="configuration-method before">
                <span class="method-name">setUp</span>
                <span class="method-start">146342 ms</span>
              </div> <!-- configuration-method before -->
              <div class="test-method">
                <span class="method-name">verifyThatUserShouldBuildYouOwnComputerAndAddThemToCartSuccessfully(2.5 GHz Intel Pentium Dual-Core E2200 [+$15.00], 8GB [+$60.00])</span>
                <span class="method-start">148117 ms</span>
              </div> <!-- test-method -->
              <div class="configuration-method before">
                <span class="method-name">inIt</span>
                <span class="method-start">148117 ms</span>
              </div> <!-- configuration-method before -->
              <div class="configuration-method after">
                <span class="method-name">tearDown</span>
                <span class="method-start">152866 ms</span>
              </div> <!-- configuration-method after -->
              <div class="configuration-method before">
                <span class="method-name">setUp</span>
                <span class="method-start">153027 ms</span>
              </div> <!-- configuration-method before -->
              <div class="configuration-method before">
                <span class="method-name">inIt</span>
                <span class="method-start">154470 ms</span>
              </div> <!-- configuration-method before -->
              <div class="test-method">
                <span class="method-name">verifyUserShouldNavigateToComputerPageSuccessfully</span>
                <span class="method-start">154470 ms</span>
              </div> <!-- test-method -->
              <div class="configuration-method after">
                <span class="method-name">tearDown</span>
                <span class="method-start">154922 ms</span>
              </div> <!-- configuration-method after -->
              <div class="configuration-method before">
                <span class="method-name">setUp</span>
                <span class="method-start">155041 ms</span>
              </div> <!-- configuration-method before -->
              <div class="configuration-method before">
                <span class="method-name">inIt</span>
                <span class="method-start">156863 ms</span>
              </div> <!-- configuration-method before -->
              <div class="test-method">
                <span class="method-name">verifyUserShouldNavigateToDesktopsPageSuccessfully</span>
                <span class="method-start">156865 ms</span>
              </div> <!-- test-method -->
              <div class="configuration-method after">
                <span class="method-name">tearDown</span>
                <span class="method-start">157834 ms</span>
              </div> <!-- configuration-method after -->
          </div> <!-- main-panel-content rounded-window-bottom -->
        </div> <!-- panel -->
      </div> <!-- main-panel-root -->
    </div> <!-- wrapper -->
  </body>
<script type="text/javascript" src="testng-reports2.js"></script>
</html>
