<?xml version="1.0" encoding="UTF-8"?>
<testng-results ignored="0" total="12" passed="10" failed="2" skipped="0">
  <reporter-output>
    <line>
      <![CDATA[Clicking on login link [[ChromeDriver: chrome on windows (52a31281252fb9d87596b94394aa9006)] -> link text: Log in]]]>
    </line>
    <line>
      <![CDATA[Get text from welcome text [[ChromeDriver: chrome on windows (52a31281252fb9d87596b94394aa9006)] -> xpath: //h1[contains(text(),'Welcome, Please Sign In!')]]]]>
    </line>
    <line>
      <![CDATA[Clicking on login link [[ChromeDriver: chrome on windows (7b7ba28fa701bd108687c4bf35e33b66)] -> link text: Log in]]]>
    </line>
    <line>
      <![CDATA[Enter email abc@gmail.comto email field [[ChromeDriver: chrome on windows (7b7ba28fa701bd108687c4bf35e33b66)] -> id: Email]]]>
    </line>
    <line>
      <![CDATA[Enter password abc12345to password field [[ChromeDriver: chrome on windows (7b7ba28fa701bd108687c4bf35e33b66)] -> name: Password]]]>
    </line>
    <line>
      <![CDATA[Click on login button [[ChromeDriver: chrome on windows (7b7ba28fa701bd108687c4bf35e33b66)] -> xpath: //button[contains(text(),'Log in')]]]]>
    </line>
    <line>
      <![CDATA[Clicking on login link [[ChromeDriver: chrome on windows (14f3c4fb94ea1138083e01403282017f)] -> link text: Log in]]]>
    </line>
    <line>
      <![CDATA[Enter email abc@gmail.comto email field [[ChromeDriver: chrome on windows (14f3c4fb94ea1138083e01403282017f)] -> id: Email]]]>
    </line>
    <line>
      <![CDATA[Enter password abc12345to password field [[ChromeDriver: chrome on windows (14f3c4fb94ea1138083e01403282017f)] -> name: Password]]]>
    </line>
    <line>
      <![CDATA[Click on login button [[ChromeDriver: chrome on windows (14f3c4fb94ea1138083e01403282017f)] -> xpath: //button[contains(text(),'Log in')]]]]>
    </line>
    <line>
      <![CDATA[Clicking on login link [[ChromeDriver: chrome on windows (4f8bff1c52ea0dfe6bbdb35d55dd807a)] -> link text: Log in]]]>
    </line>
    <line>
      <![CDATA[Enter email axc@gmail.comto email field [[ChromeDriver: chrome on windows (4f8bff1c52ea0dfe6bbdb35d55dd807a)] -> id: Email]]]>
    </line>
    <line>
      <![CDATA[Enter password abc12345to password field [[ChromeDriver: chrome on windows (4f8bff1c52ea0dfe6bbdb35d55dd807a)] -> name: Password]]]>
    </line>
    <line>
      <![CDATA[Click on login button [[ChromeDriver: chrome on windows (4f8bff1c52ea0dfe6bbdb35d55dd807a)] -> xpath: //button[contains(text(),'Log in')]]]]>
    </line>
    <line>
      <![CDATA[Get text from error message [[ChromeDriver: chrome on windows (4f8bff1c52ea0dfe6bbdb35d55dd807a)] -> xpath: //div[@class='message-error validation-summary-errors']]]]>
    </line>
    <line>
      <![CDATA[Clicking on register link [[ChromeDriver: chrome on windows (2d035b3097ad0efd3a5d945af0031055)] -> xpath: //a[normalize-space()='Register']]]]>
    </line>
    <line>
      <![CDATA[Click on register button [[ChromeDriver: chrome on windows (2d035b3097ad0efd3a5d945af0031055)] -> xpath: //button[@id='register-button']]]]>
    </line>
    <line>
      <![CDATA[Get text from first name error message [[ChromeDriver: chrome on windows (2d035b3097ad0efd3a5d945af0031055)] -> xpath: //span[@id='FirstName-error']]]]>
    </line>
    <line>
      <![CDATA[Get text from last name [[ChromeDriver: chrome on windows (2d035b3097ad0efd3a5d945af0031055)] -> xpath: //span[@id='LastName-error']]]]>
    </line>
    <line>
      <![CDATA[Get text from email id error message [[ChromeDriver: chrome on windows (2d035b3097ad0efd3a5d945af0031055)] -> xpath: //span[@id='Email-error']]]]>
    </line>
    <line>
      <![CDATA[Get text from password error message [[ChromeDriver: chrome on windows (2d035b3097ad0efd3a5d945af0031055)] -> xpath: //span[@id='ConfirmPassword-error']]]]>
    </line>
    <line>
      <![CDATA[Get text from confirm password error message [[ChromeDriver: chrome on windows (2d035b3097ad0efd3a5d945af0031055)] -> xpath: //span[@id='ConfirmPassword-error']]]]>
    </line>
    <line>
      <![CDATA[Clicking on register link [[ChromeDriver: chrome on windows (a8c3cadaa7860b99bb2bbe3cc6392852)] -> xpath: //a[normalize-space()='Register']]]]>
    </line>
    <line>
      <![CDATA[Click on gender female [[ChromeDriver: chrome on windows (a8c3cadaa7860b99bb2bbe3cc6392852)] -> xpath: //input[@id='gender-female']]]]>
    </line>
    <line>
      <![CDATA[Enter first name abcto first name field [[ChromeDriver: chrome on windows (a8c3cadaa7860b99bb2bbe3cc6392852)] -> id: FirstName]]]>
    </line>
    <line>
      <![CDATA[Enter last name Proxy element for: DefaultElementLocator 'By.xpath: //span[@id='ConfirmPassword-error']'to last name field [[ChromeDriver: chrome on windows (a8c3cadaa7860b99bb2bbe3cc6392852)] -> id: LastName]]]>
    </line>
    <line>
      <![CDATA[Enter day 4from dropdown list[[ChromeDriver: chrome on windows (a8c3cadaa7860b99bb2bbe3cc6392852)] -> xpath: //select[@name='DateOfBirthDay']]]]>
    </line>
    <line>
      <![CDATA[Enter month 4from dropdown list[[ChromeDriver: chrome on windows (a8c3cadaa7860b99bb2bbe3cc6392852)] -> xpath: //select[@name='DateOfBirthMonth']]]]>
    </line>
    <line>
      <![CDATA[Enter year 1944from dropdown list[[ChromeDriver: chrome on windows (a8c3cadaa7860b99bb2bbe3cc6392852)] -> xpath: //select[@name='DateOfBirthYear']]]]>
    </line>
    <line>
      <![CDATA[Enter email Proxy element for: DefaultElementLocator 'By.xpath: //span[@id='ConfirmPassword-error']'to email field [[ChromeDriver: chrome on windows (a8c3cadaa7860b99bb2bbe3cc6392852)] -> name: Email]]]>
    </line>
    <line>
      <![CDATA[Enter password 123456to password field [[ChromeDriver: chrome on windows (a8c3cadaa7860b99bb2bbe3cc6392852)] -> id: Password]]]>
    </line>
    <line>
      <![CDATA[Enter confirm password Proxy element for: DefaultElementLocator 'By.xpath: //span[@id='ConfirmPassword-error']'to password field [[ChromeDriver: chrome on windows (a8c3cadaa7860b99bb2bbe3cc6392852)] -> id: ConfirmPassword]]]>
    </line>
    <line>
      <![CDATA[Click on register button [[ChromeDriver: chrome on windows (a8c3cadaa7860b99bb2bbe3cc6392852)] -> xpath: //button[@id='register-button']]]]>
    </line>
    <line>
      <![CDATA[Get text from registration success message [[ChromeDriver: chrome on windows (a8c3cadaa7860b99bb2bbe3cc6392852)] -> id: ConfirmPassword]]]>
    </line>
    <line>
      <![CDATA[Clicking on register link [[ChromeDriver: chrome on windows (9065638abf78efe3e32bad6cd4a8543d)] -> xpath: //a[normalize-space()='Register']]]]>
    </line>
    <line>
      <![CDATA[Get text from welcome text [[ChromeDriver: chrome on windows (9065638abf78efe3e32bad6cd4a8543d)] -> xpath: //h1[normalize-space()='Register']]]]>
    </line>
    <line>
      <![CDATA[Click on computers menu link [[ChromeDriver: chrome on windows (9eaa559114091d0a9ad9e444bec45396)] -> xpath: //ul[@class='top-menu notmobile']//a[normalize-space()='Computers']]]]>
    </line>
    <line>
      <![CDATA[Click on desktops link [[ChromeDriver: chrome on windows (9eaa559114091d0a9ad9e444bec45396)] -> xpath: //li[@class='inactive']//a[normalize-space()='Desktops']]]]>
    </line>
    <line>
      <![CDATA[Click on product name [[ChromeDriver: chrome on windows (9eaa559114091d0a9ad9e444bec45396)] -> xpath: //h2[@class='product-title']/a]]]>
    </line>
    <line>
      <![CDATA[Get value of processor: 2.2 GHz Intel Pentium Dual-Core E2200from dropdown [[ChromeDriver: chrome on windows (9eaa559114091d0a9ad9e444bec45396)] -> xpath: //select[@id='product_attribute_1']]]]>
    </line>
    <line>
      <![CDATA[Get value of ram: 2 GBfrom dropdown [[ChromeDriver: chrome on windows (9eaa559114091d0a9ad9e444bec45396)] -> xpath: //select[@id='product_attribute_2']]]]>
    </line>
    <line>
      <![CDATA[Click on HDD [[ChromeDriver: chrome on windows (9eaa559114091d0a9ad9e444bec45396)] -> xpath: //input[@id='product_attribute_3_7']]]]>
    </line>
    <line>
      <![CDATA[Click on OS [[ChromeDriver: chrome on windows (9eaa559114091d0a9ad9e444bec45396)] -> xpath: //input[@id='product_attribute_4_9']]]]>
    </line>
    <line>
      <![CDATA[Click on software checkbox number three [[ChromeDriver: chrome on windows (9eaa559114091d0a9ad9e444bec45396)] -> xpath: //input[@id='product_attribute_5_12']]]]>
    </line>
    <line>
      <![CDATA[Click on add to cart button [[ChromeDriver: chrome on windows (9eaa559114091d0a9ad9e444bec45396)] -> id: add-to-cart-button-1]]]>
    </line>
    <line>
      <![CDATA[Get text from product added success message [[ChromeDriver: chrome on windows (9eaa559114091d0a9ad9e444bec45396)] -> xpath: //p[@class='content']]]]>
    </line>
    <line>
      <![CDATA[Click on computers menu link [[ChromeDriver: chrome on windows (88df6c3c544a3b7c3eeec91b8448ecec)] -> xpath: //ul[@class='top-menu notmobile']//a[normalize-space()='Computers']]]]>
    </line>
    <line>
      <![CDATA[Click on desktops link [[ChromeDriver: chrome on windows (88df6c3c544a3b7c3eeec91b8448ecec)] -> xpath: //li[@class='inactive']//a[normalize-space()='Desktops']]]]>
    </line>
    <line>
      <![CDATA[Click on product name [[ChromeDriver: chrome on windows (88df6c3c544a3b7c3eeec91b8448ecec)] -> xpath: //h2[@class='product-title']/a]]]>
    </line>
    <line>
      <![CDATA[Get value of processor: 2.5 GHz Intel Pentium Dual-Core E2200 [+$15.00]from dropdown [[ChromeDriver: chrome on windows (88df6c3c544a3b7c3eeec91b8448ecec)] -> xpath: //select[@id='product_attribute_1']]]]>
    </line>
    <line>
      <![CDATA[Get value of ram: 4GB [+$20.00]from dropdown [[ChromeDriver: chrome on windows (88df6c3c544a3b7c3eeec91b8448ecec)] -> xpath: //select[@id='product_attribute_2']]]]>
    </line>
    <line>
      <![CDATA[Click on HDD [[ChromeDriver: chrome on windows (88df6c3c544a3b7c3eeec91b8448ecec)] -> xpath: //input[@id='product_attribute_3_7']]]]>
    </line>
    <line>
      <![CDATA[Click on OS [[ChromeDriver: chrome on windows (88df6c3c544a3b7c3eeec91b8448ecec)] -> xpath: //input[@id='product_attribute_4_9']]]]>
    </line>
    <line>
      <![CDATA[Click on software checkbox number three [[ChromeDriver: chrome on windows (88df6c3c544a3b7c3eeec91b8448ecec)] -> xpath: //input[@id='product_attribute_5_12']]]]>
    </line>
    <line>
      <![CDATA[Click on add to cart button [[ChromeDriver: chrome on windows (88df6c3c544a3b7c3eeec91b8448ecec)] -> id: add-to-cart-button-1]]]>
    </line>
    <line>
      <![CDATA[Get text from product added success message [[ChromeDriver: chrome on windows (88df6c3c544a3b7c3eeec91b8448ecec)] -> xpath: //p[@class='content']]]]>
    </line>
    <line>
      <![CDATA[Click on computers menu link [[ChromeDriver: chrome on windows (7ba0f37be895cf38f94ba8eaf3214b95)] -> xpath: //ul[@class='top-menu notmobile']//a[normalize-space()='Computers']]]]>
    </line>
    <line>
      <![CDATA[Click on desktops link [[ChromeDriver: chrome on windows (7ba0f37be895cf38f94ba8eaf3214b95)] -> xpath: //li[@class='inactive']//a[normalize-space()='Desktops']]]]>
    </line>
    <line>
      <![CDATA[Click on product name [[ChromeDriver: chrome on windows (7ba0f37be895cf38f94ba8eaf3214b95)] -> xpath: //h2[@class='product-title']/a]]]>
    </line>
    <line>
      <![CDATA[Get value of processor: 2.5 GHz Intel Pentium Dual-Core E2200 [+$15.00]from dropdown [[ChromeDriver: chrome on windows (7ba0f37be895cf38f94ba8eaf3214b95)] -> xpath: //select[@id='product_attribute_1']]]]>
    </line>
    <line>
      <![CDATA[Get value of ram: 8GB [+$60.00]from dropdown [[ChromeDriver: chrome on windows (7ba0f37be895cf38f94ba8eaf3214b95)] -> xpath: //select[@id='product_attribute_2']]]]>
    </line>
    <line>
      <![CDATA[Click on HDD [[ChromeDriver: chrome on windows (7ba0f37be895cf38f94ba8eaf3214b95)] -> xpath: //input[@id='product_attribute_3_7']]]]>
    </line>
    <line>
      <![CDATA[Click on OS [[ChromeDriver: chrome on windows (7ba0f37be895cf38f94ba8eaf3214b95)] -> xpath: //input[@id='product_attribute_4_9']]]]>
    </line>
    <line>
      <![CDATA[Click on software checkbox number three [[ChromeDriver: chrome on windows (7ba0f37be895cf38f94ba8eaf3214b95)] -> xpath: //input[@id='product_attribute_5_12']]]]>
    </line>
    <line>
      <![CDATA[Click on add to cart button [[ChromeDriver: chrome on windows (7ba0f37be895cf38f94ba8eaf3214b95)] -> id: add-to-cart-button-1]]]>
    </line>
    <line>
      <![CDATA[Get text from product added success message [[ChromeDriver: chrome on windows (7ba0f37be895cf38f94ba8eaf3214b95)] -> xpath: //p[@class='content']]]]>
    </line>
    <line>
      <![CDATA[Click on computers menu link [[ChromeDriver: chrome on windows (c772b18644d025909256f2c4a08a949a)] -> xpath: //ul[@class='top-menu notmobile']//a[normalize-space()='Computers']]]]>
    </line>
    <line>
      <![CDATA[Get title text for computers page [[ChromeDriver: chrome on windows (c772b18644d025909256f2c4a08a949a)] -> xpath: //h1[normalize-space()='Computers']]]]>
    </line>
    <line>
      <![CDATA[Click on computers menu link [[ChromeDriver: chrome on windows (0162a9be964144dd837da6a6c5a46e9b)] -> xpath: //ul[@class='top-menu notmobile']//a[normalize-space()='Computers']]]]>
    </line>
    <line>
      <![CDATA[Click on desktops link [[ChromeDriver: chrome on windows (0162a9be964144dd837da6a6c5a46e9b)] -> xpath: //li[@class='inactive']//a[normalize-space()='Desktops']]]]>
    </line>
    <line>
      <![CDATA[Get title text for desktops page [[ChromeDriver: chrome on windows (0162a9be964144dd837da6a6c5a46e9b)] -> xpath: //h1[normalize-space()='Desktops']]]]>
    </line>
  </reporter-output>
  <suite started-at="2024-06-16T19:30:56 BST" name="testsuite" finished-at="2024-06-16T19:33:34 BST" duration-ms="158152">
    <groups>
      <group name="regression">
        <method signature="LoginPageTest.userShouldNavigateToLoginPageSuccessFully()[pri:0, instance:com.nopcommerce.demo.testsuite.LoginPageTest@6d763516]" name="userShouldNavigateToLoginPageSuccessFully" class="com.nopcommerce.demo.testsuite.LoginPageTest"/>
        <method signature="LoginPageTest.verifyThatUserShouldLogInSuccessFullyWithValidCredentials()[pri:0, instance:com.nopcommerce.demo.testsuite.LoginPageTest@6d763516]" name="verifyThatUserShouldLogInSuccessFullyWithValidCredentials" class="com.nopcommerce.demo.testsuite.LoginPageTest"/>
        <method signature="LoginPageTest.verifyThatUserShouldLogOutSuccessFully()[pri:0, instance:com.nopcommerce.demo.testsuite.LoginPageTest@6d763516]" name="verifyThatUserShouldLogOutSuccessFully" class="com.nopcommerce.demo.testsuite.LoginPageTest"/>
        <method signature="LoginPageTest.verifyTheErrorMessageWithInValidCredentials()[pri:0, instance:com.nopcommerce.demo.testsuite.LoginPageTest@6d763516]" name="verifyTheErrorMessageWithInValidCredentials" class="com.nopcommerce.demo.testsuite.LoginPageTest"/>
        <method signature="RegisterPageTest.verifyThatFirstNameLastNameEmailPasswordAndConfirmPasswordFieldsAreMandatory()[pri:0, instance:com.nopcommerce.demo.testsuite.RegisterPageTest@45752059]" name="verifyThatFirstNameLastNameEmailPasswordAndConfirmPasswordFieldsAreMandatory" class="com.nopcommerce.demo.testsuite.RegisterPageTest"/>
        <method signature="RegisterPageTest.verifyThatUserShouldCreateAccountSuccessfully()[pri:0, instance:com.nopcommerce.demo.testsuite.RegisterPageTest@45752059]" name="verifyThatUserShouldCreateAccountSuccessfully" class="com.nopcommerce.demo.testsuite.RegisterPageTest"/>
        <method signature="RegisterPageTest.verifyUserShouldNavigateToRegisterPageSuccessfully()[pri:0, instance:com.nopcommerce.demo.testsuite.RegisterPageTest@45752059]" name="verifyUserShouldNavigateToRegisterPageSuccessfully" class="com.nopcommerce.demo.testsuite.RegisterPageTest"/>
        <method signature="ComputerPageTest.verifyThatUserShouldBuildYouOwnComputerAndAddThemToCartSuccessfully(java.lang.String,java.lang.String)[pri:0, instance:com.nopcommerce.demo.testsuite.ComputerPageTest@139982de]" name="verifyThatUserShouldBuildYouOwnComputerAndAddThemToCartSuccessfully" class="com.nopcommerce.demo.testsuite.ComputerPageTest"/>
        <method signature="ComputerPageTest.verifyUserShouldNavigateToComputerPageSuccessfully()[pri:0, instance:com.nopcommerce.demo.testsuite.ComputerPageTest@139982de]" name="verifyUserShouldNavigateToComputerPageSuccessfully" class="com.nopcommerce.demo.testsuite.ComputerPageTest"/>
        <method signature="ComputerPageTest.verifyUserShouldNavigateToDesktopsPageSuccessfully()[pri:0, instance:com.nopcommerce.demo.testsuite.ComputerPageTest@139982de]" name="verifyUserShouldNavigateToDesktopsPageSuccessfully" class="com.nopcommerce.demo.testsuite.ComputerPageTest"/>
      </group> <!-- regression -->
      <group name="smoke">
        <method signature="LoginPageTest.userShouldNavigateToLoginPageSuccessFully()[pri:0, instance:com.nopcommerce.demo.testsuite.LoginPageTest@6d763516]" name="userShouldNavigateToLoginPageSuccessFully" class="com.nopcommerce.demo.testsuite.LoginPageTest"/>
        <method signature="LoginPageTest.verifyTheErrorMessageWithInValidCredentials()[pri:0, instance:com.nopcommerce.demo.testsuite.LoginPageTest@6d763516]" name="verifyTheErrorMessageWithInValidCredentials" class="com.nopcommerce.demo.testsuite.LoginPageTest"/>
        <method signature="RegisterPageTest.verifyThatFirstNameLastNameEmailPasswordAndConfirmPasswordFieldsAreMandatory()[pri:0, instance:com.nopcommerce.demo.testsuite.RegisterPageTest@45752059]" name="verifyThatFirstNameLastNameEmailPasswordAndConfirmPasswordFieldsAreMandatory" class="com.nopcommerce.demo.testsuite.RegisterPageTest"/>
        <method signature="RegisterPageTest.verifyUserShouldNavigateToRegisterPageSuccessfully()[pri:0, instance:com.nopcommerce.demo.testsuite.RegisterPageTest@45752059]" name="verifyUserShouldNavigateToRegisterPageSuccessfully" class="com.nopcommerce.demo.testsuite.RegisterPageTest"/>
        <method signature="ComputerPageTest.verifyUserShouldNavigateToDesktopsPageSuccessfully()[pri:0, instance:com.nopcommerce.demo.testsuite.ComputerPageTest@139982de]" name="verifyUserShouldNavigateToDesktopsPageSuccessfully" class="com.nopcommerce.demo.testsuite.ComputerPageTest"/>
      </group> <!-- smoke -->
      <group name="sanity">
        <method signature="LoginPageTest.userShouldNavigateToLoginPageSuccessFully()[pri:0, instance:com.nopcommerce.demo.testsuite.LoginPageTest@6d763516]" name="userShouldNavigateToLoginPageSuccessFully" class="com.nopcommerce.demo.testsuite.LoginPageTest"/>
        <method signature="RegisterPageTest.verifyUserShouldNavigateToRegisterPageSuccessfully()[pri:0, instance:com.nopcommerce.demo.testsuite.RegisterPageTest@45752059]" name="verifyUserShouldNavigateToRegisterPageSuccessfully" class="com.nopcommerce.demo.testsuite.RegisterPageTest"/>
        <method signature="ComputerPageTest.verifyUserShouldNavigateToComputerPageSuccessfully()[pri:0, instance:com.nopcommerce.demo.testsuite.ComputerPageTest@139982de]" name="verifyUserShouldNavigateToComputerPageSuccessfully" class="com.nopcommerce.demo.testsuite.ComputerPageTest"/>
        <method signature="ComputerPageTest.verifyUserShouldNavigateToDesktopsPageSuccessfully()[pri:0, instance:com.nopcommerce.demo.testsuite.ComputerPageTest@139982de]" name="verifyUserShouldNavigateToDesktopsPageSuccessfully" class="com.nopcommerce.demo.testsuite.ComputerPageTest"/>
      </group> <!-- sanity -->
    </groups>
    <test started-at="2024-06-16T19:30:56 BST" name="Login Test" finished-at="2024-06-16T19:31:50 BST" duration-ms="53884">
      <class name="com.nopcommerce.demo.testsuite.LoginPageTest">
        <test-method is-config="true" signature="setUp()[pri:0, instance:com.nopcommerce.demo.testsuite.LoginPageTest@6d763516]" started-at="2024-06-16T19:30:56 BST" name="setUp" finished-at="2024-06-16T19:30:58 BST" duration-ms="2329" status="PASS">
          <reporter-output>
          </reporter-output>
        </test-method> <!-- setUp -->
        <test-method is-config="true" signature="inIt()[pri:0, instance:com.nopcommerce.demo.testsuite.LoginPageTest@6d763516]" started-at="2024-06-16T19:30:58 BST" name="inIt" finished-at="2024-06-16T19:30:58 BST" duration-ms="16" status="PASS">
          <reporter-output>
          </reporter-output>
        </test-method> <!-- inIt -->
        <test-method signature="userShouldNavigateToLoginPageSuccessFully()[pri:0, instance:com.nopcommerce.demo.testsuite.LoginPageTest@6d763516]" started-at="2024-06-16T19:30:58 BST" name="userShouldNavigateToLoginPageSuccessFully" finished-at="2024-06-16T19:30:59 BST" duration-ms="569" status="PASS">
          <reporter-output>
            <line>
              <![CDATA[Clicking on login link [[ChromeDriver: chrome on windows (52a31281252fb9d87596b94394aa9006)] -> link text: Log in]]]>
            </line>
            <line>
              <![CDATA[Get text from welcome text [[ChromeDriver: chrome on windows (52a31281252fb9d87596b94394aa9006)] -> xpath: //h1[contains(text(),'Welcome, Please Sign In!')]]]]>
            </line>
          </reporter-output>
        </test-method> <!-- userShouldNavigateToLoginPageSuccessFully -->
        <test-method is-config="true" signature="tearDown()[pri:0, instance:com.nopcommerce.demo.testsuite.LoginPageTest@6d763516]" started-at="2024-06-16T19:30:59 BST" name="tearDown" finished-at="2024-06-16T19:30:59 BST" duration-ms="131" status="PASS">
          <reporter-output>
          </reporter-output>
        </test-method> <!-- tearDown -->
        <test-method is-config="true" signature="setUp()[pri:0, instance:com.nopcommerce.demo.testsuite.LoginPageTest@6d763516]" started-at="2024-06-16T19:30:59 BST" name="setUp" finished-at="2024-06-16T19:31:01 BST" duration-ms="1938" status="PASS">
          <reporter-output>
          </reporter-output>
        </test-method> <!-- setUp -->
        <test-method is-config="true" signature="inIt()[pri:0, instance:com.nopcommerce.demo.testsuite.LoginPageTest@6d763516]" started-at="2024-06-16T19:31:01 BST" name="inIt" finished-at="2024-06-16T19:31:01 BST" duration-ms="3" status="PASS">
          <reporter-output>
          </reporter-output>
        </test-method> <!-- inIt -->
        <test-method signature="verifyThatUserShouldLogInSuccessFullyWithValidCredentials()[pri:0, instance:com.nopcommerce.demo.testsuite.LoginPageTest@6d763516]" started-at="2024-06-16T19:31:01 BST" name="verifyThatUserShouldLogInSuccessFullyWithValidCredentials" finished-at="2024-06-16T19:31:23 BST" duration-ms="21637" status="FAIL">
          <exception class="org.openqa.selenium.NoSuchElementException">
            <message>
              <![CDATA[no such element: Unable to locate element: {"method":"xpath","selector":"//a[normalize-space()='Log out']"}
  (Session info: chrome=126.0.6478.61)
For documentation on this error, please visit: https://www.selenium.dev/documentation/webdriver/troubleshooting/errors#no-such-element-exception
Build info: version: '4.21.0', revision: '79ed462ef4'
System info: os.name: 'Windows 11', os.arch: 'amd64', os.version: '10.0', java.version: '17.0.8'
Driver info: org.openqa.selenium.chrome.ChromeDriver
Command: [7b7ba28fa701bd108687c4bf35e33b66, findElement {value=//a[normalize-space()='Log out'], using=xpath}]
Capabilities {acceptInsecureCerts: false, browserName: chrome, browserVersion: 126.0.6478.61, chrome: {chromedriverVersion: 126.0.6478.61 (8dc092df54ce..., userDataDir: C:\Users\vrund\AppData\Loca...}, fedcm:accounts: true, goog:chromeOptions: {debuggerAddress: localhost:53087}, networkConnectionEnabled: false, pageLoadStrategy: normal, platformName: windows, proxy: Proxy(), se:cdp: ws://localhost:53087/devtoo..., se:cdpVersion: 126.0.6478.61, setWindowRect: true, strictFileInteractability: false, timeouts: {implicit: 0, pageLoad: 300000, script: 30000}, unhandledPromptBehavior: dismiss and notify, webauthn:extension:credBlob: true, webauthn:extension:largeBlob: true, webauthn:extension:minPinLength: true, webauthn:extension:prf: true, webauthn:virtualAuthenticators: true}
Session ID: 7b7ba28fa701bd108687c4bf35e33b66]]>
            </message>
            <full-stacktrace>
              <![CDATA[org.openqa.selenium.NoSuchElementException: no such element: Unable to locate element: {"method":"xpath","selector":"//a[normalize-space()='Log out']"}
  (Session info: chrome=126.0.6478.61)
For documentation on this error, please visit: https://www.selenium.dev/documentation/webdriver/troubleshooting/errors#no-such-element-exception
Build info: version: '4.21.0', revision: '79ed462ef4'
System info: os.name: 'Windows 11', os.arch: 'amd64', os.version: '10.0', java.version: '17.0.8'
Driver info: org.openqa.selenium.chrome.ChromeDriver
Command: [7b7ba28fa701bd108687c4bf35e33b66, findElement {value=//a[normalize-space()='Log out'], using=xpath}]
Capabilities {acceptInsecureCerts: false, browserName: chrome, browserVersion: 126.0.6478.61, chrome: {chromedriverVersion: 126.0.6478.61 (8dc092df54ce..., userDataDir: C:\Users\vrund\AppData\Loca...}, fedcm:accounts: true, goog:chromeOptions: {debuggerAddress: localhost:53087}, networkConnectionEnabled: false, pageLoadStrategy: normal, platformName: windows, proxy: Proxy(), se:cdp: ws://localhost:53087/devtoo..., se:cdpVersion: 126.0.6478.61, setWindowRect: true, strictFileInteractability: false, timeouts: {implicit: 0, pageLoad: 300000, script: 30000}, unhandledPromptBehavior: dismiss and notify, webauthn:extension:credBlob: true, webauthn:extension:largeBlob: true, webauthn:extension:minPinLength: true, webauthn:extension:prf: true, webauthn:virtualAuthenticators: true}
Session ID: 7b7ba28fa701bd108687c4bf35e33b66
at java.base/jdk.internal.reflect.NativeConstructorAccessorImpl.newInstance0(Native Method)
at java.base/jdk.internal.reflect.NativeConstructorAccessorImpl.newInstance(NativeConstructorAccessorImpl.java:77)
at java.base/jdk.internal.reflect.DelegatingConstructorAccessorImpl.newInstance(DelegatingConstructorAccessorImpl.java:45)
at java.base/java.lang.reflect.Constructor.newInstanceWithCaller(Constructor.java:499)
at java.base/java.lang.reflect.Constructor.newInstance(Constructor.java:480)
at org.openqa.selenium.remote.ErrorCodec.decode(ErrorCodec.java:167)
at org.openqa.selenium.remote.codec.w3c.W3CHttpResponseCodec.decode(W3CHttpResponseCodec.java:138)
at org.openqa.selenium.remote.codec.w3c.W3CHttpResponseCodec.decode(W3CHttpResponseCodec.java:50)
at org.openqa.selenium.remote.HttpCommandExecutor.execute(HttpCommandExecutor.java:190)
at org.openqa.selenium.remote.service.DriverCommandExecutor.invokeExecute(DriverCommandExecutor.java:216)
at org.openqa.selenium.remote.service.DriverCommandExecutor.execute(DriverCommandExecutor.java:174)
at org.openqa.selenium.remote.RemoteWebDriver.execute(RemoteWebDriver.java:518)
at org.openqa.selenium.remote.ElementLocation$ElementFinder$2.findElement(ElementLocation.java:165)
at org.openqa.selenium.remote.ElementLocation.findElement(ElementLocation.java:59)
at org.openqa.selenium.remote.RemoteWebDriver.findElement(RemoteWebDriver.java:355)
at org.openqa.selenium.remote.RemoteWebDriver.findElement(RemoteWebDriver.java:349)
at org.openqa.selenium.support.pagefactory.DefaultElementLocator.findElement(DefaultElementLocator.java:68)
at org.openqa.selenium.support.pagefactory.internal.LocatingElementHandler.invoke(LocatingElementHandler.java:38)
at jdk.proxy2/jdk.proxy2.$Proxy18.getText(Unknown Source)
at com.nopcommerce.demo.utility.Utility.getTextFromElement(Utility.java:64)
at com.nopcommerce.demo.pages.LoginPage.getTextFromLogoutLink(LoginPage.java:78)
at com.nopcommerce.demo.testsuite.LoginPageTest.verifyThatUserShouldLogInSuccessFullyWithValidCredentials(LoginPageTest.java:66)
at java.base/jdk.internal.reflect.NativeMethodAccessorImpl.invoke0(Native Method)
at java.base/jdk.internal.reflect.NativeMethodAccessorImpl.invoke(NativeMethodAccessorImpl.java:77)
at java.base/jdk.internal.reflect.DelegatingMethodAccessorImpl.invoke(DelegatingMethodAccessorImpl.java:43)
at java.base/java.lang.reflect.Method.invoke(Method.java:568)
at org.testng.internal.invokers.MethodInvocationHelper.invokeMethod(MethodInvocationHelper.java:141)
at org.testng.internal.invokers.TestInvoker.invokeMethod(TestInvoker.java:686)
at org.testng.internal.invokers.TestInvoker.invokeTestMethod(TestInvoker.java:230)
at org.testng.internal.invokers.MethodRunner.runInSequence(MethodRunner.java:63)
at org.testng.internal.invokers.TestInvoker$MethodInvocationAgent.invoke(TestInvoker.java:992)
at org.testng.internal.invokers.TestInvoker.invokeTestMethods(TestInvoker.java:203)
at org.testng.internal.invokers.TestMethodWorker.invokeTestMethods(TestMethodWorker.java:154)
at org.testng.internal.invokers.TestMethodWorker.run(TestMethodWorker.java:134)
at java.base/java.util.ArrayList.forEach(ArrayList.java:1511)
at org.testng.TestRunner.privateRun(TestRunner.java:739)
at org.testng.TestRunner.run(TestRunner.java:614)
at org.testng.SuiteRunner.runTest(SuiteRunner.java:421)
at org.testng.SuiteRunner.runSequentially(SuiteRunner.java:413)
at org.testng.SuiteRunner.privateRun(SuiteRunner.java:373)
at org.testng.SuiteRunner.run(SuiteRunner.java:312)
at org.testng.SuiteRunnerWorker.runSuite(SuiteRunnerWorker.java:52)
at org.testng.SuiteRunnerWorker.run(SuiteRunnerWorker.java:95)
at org.testng.TestNG.runSuitesSequentially(TestNG.java:1274)
at org.testng.TestNG.runSuitesLocally(TestNG.java:1208)
at org.testng.TestNG.runSuites(TestNG.java:1112)
at org.testng.TestNG.run(TestNG.java:1079)
at com.intellij.rt.testng.IDEARemoteTestNG.run(IDEARemoteTestNG.java:65)
at com.intellij.rt.testng.RemoteTestNGStarter.main(RemoteTestNGStarter.java:105)
]]>
            </full-stacktrace>
          </exception> <!-- org.openqa.selenium.NoSuchElementException -->
          <reporter-output>
            <line>
              <![CDATA[Clicking on login link [[ChromeDriver: chrome on windows (7b7ba28fa701bd108687c4bf35e33b66)] -> link text: Log in]]]>
            </line>
            <line>
              <![CDATA[Enter email abc@gmail.comto email field [[ChromeDriver: chrome on windows (7b7ba28fa701bd108687c4bf35e33b66)] -> id: Email]]]>
            </line>
            <line>
              <![CDATA[Enter password abc12345to password field [[ChromeDriver: chrome on windows (7b7ba28fa701bd108687c4bf35e33b66)] -> name: Password]]]>
            </line>
            <line>
              <![CDATA[Click on login button [[ChromeDriver: chrome on windows (7b7ba28fa701bd108687c4bf35e33b66)] -> xpath: //button[contains(text(),'Log in')]]]]>
            </line>
          </reporter-output>
        </test-method> <!-- verifyThatUserShouldLogInSuccessFullyWithValidCredentials -->
        <test-method is-config="true" signature="tearDown()[pri:0, instance:com.nopcommerce.demo.testsuite.LoginPageTest@6d763516]" started-at="2024-06-16T19:31:23 BST" name="tearDown" finished-at="2024-06-16T19:31:23 BST" duration-ms="155" status="PASS">
          <reporter-output>
          </reporter-output>
        </test-method> <!-- tearDown -->
        <test-method is-config="true" signature="setUp()[pri:0, instance:com.nopcommerce.demo.testsuite.LoginPageTest@6d763516]" started-at="2024-06-16T19:31:23 BST" name="setUp" finished-at="2024-06-16T19:31:25 BST" duration-ms="2462" status="PASS">
          <reporter-output>
          </reporter-output>
        </test-method> <!-- setUp -->
        <test-method signature="verifyThatUserShouldLogOutSuccessFully()[pri:0, instance:com.nopcommerce.demo.testsuite.LoginPageTest@6d763516]" started-at="2024-06-16T19:31:25 BST" name="verifyThatUserShouldLogOutSuccessFully" finished-at="2024-06-16T19:31:46 BST" duration-ms="20953" status="FAIL">
          <exception class="org.openqa.selenium.NoSuchElementException">
            <message>
              <![CDATA[no such element: Unable to locate element: {"method":"xpath","selector":"//a[normalize-space()='Log out']"}
  (Session info: chrome=126.0.6478.61)
For documentation on this error, please visit: https://www.selenium.dev/documentation/webdriver/troubleshooting/errors#no-such-element-exception
Build info: version: '4.21.0', revision: '79ed462ef4'
System info: os.name: 'Windows 11', os.arch: 'amd64', os.version: '10.0', java.version: '17.0.8'
Driver info: org.openqa.selenium.chrome.ChromeDriver
Command: [14f3c4fb94ea1138083e01403282017f, findElement {value=//a[normalize-space()='Log out'], using=xpath}]
Capabilities {acceptInsecureCerts: false, browserName: chrome, browserVersion: 126.0.6478.61, chrome: {chromedriverVersion: 126.0.6478.61 (8dc092df54ce..., userDataDir: C:\Users\vrund\AppData\Loca...}, fedcm:accounts: true, goog:chromeOptions: {debuggerAddress: localhost:53124}, networkConnectionEnabled: false, pageLoadStrategy: normal, platformName: windows, proxy: Proxy(), se:cdp: ws://localhost:53124/devtoo..., se:cdpVersion: 126.0.6478.61, setWindowRect: true, strictFileInteractability: false, timeouts: {implicit: 0, pageLoad: 300000, script: 30000}, unhandledPromptBehavior: dismiss and notify, webauthn:extension:credBlob: true, webauthn:extension:largeBlob: true, webauthn:extension:minPinLength: true, webauthn:extension:prf: true, webauthn:virtualAuthenticators: true}
Session ID: 14f3c4fb94ea1138083e01403282017f]]>
            </message>
            <full-stacktrace>
              <![CDATA[org.openqa.selenium.NoSuchElementException: no such element: Unable to locate element: {"method":"xpath","selector":"//a[normalize-space()='Log out']"}
  (Session info: chrome=126.0.6478.61)
For documentation on this error, please visit: https://www.selenium.dev/documentation/webdriver/troubleshooting/errors#no-such-element-exception
Build info: version: '4.21.0', revision: '79ed462ef4'
System info: os.name: 'Windows 11', os.arch: 'amd64', os.version: '10.0', java.version: '17.0.8'
Driver info: org.openqa.selenium.chrome.ChromeDriver
Command: [14f3c4fb94ea1138083e01403282017f, findElement {value=//a[normalize-space()='Log out'], using=xpath}]
Capabilities {acceptInsecureCerts: false, browserName: chrome, browserVersion: 126.0.6478.61, chrome: {chromedriverVersion: 126.0.6478.61 (8dc092df54ce..., userDataDir: C:\Users\vrund\AppData\Loca...}, fedcm:accounts: true, goog:chromeOptions: {debuggerAddress: localhost:53124}, networkConnectionEnabled: false, pageLoadStrategy: normal, platformName: windows, proxy: Proxy(), se:cdp: ws://localhost:53124/devtoo..., se:cdpVersion: 126.0.6478.61, setWindowRect: true, strictFileInteractability: false, timeouts: {implicit: 0, pageLoad: 300000, script: 30000}, unhandledPromptBehavior: dismiss and notify, webauthn:extension:credBlob: true, webauthn:extension:largeBlob: true, webauthn:extension:minPinLength: true, webauthn:extension:prf: true, webauthn:virtualAuthenticators: true}
Session ID: 14f3c4fb94ea1138083e01403282017f
at java.base/jdk.internal.reflect.NativeConstructorAccessorImpl.newInstance0(Native Method)
at java.base/jdk.internal.reflect.NativeConstructorAccessorImpl.newInstance(NativeConstructorAccessorImpl.java:77)
at java.base/jdk.internal.reflect.DelegatingConstructorAccessorImpl.newInstance(DelegatingConstructorAccessorImpl.java:45)
at java.base/java.lang.reflect.Constructor.newInstanceWithCaller(Constructor.java:499)
at java.base/java.lang.reflect.Constructor.newInstance(Constructor.java:480)
at org.openqa.selenium.remote.ErrorCodec.decode(ErrorCodec.java:167)
at org.openqa.selenium.remote.codec.w3c.W3CHttpResponseCodec.decode(W3CHttpResponseCodec.java:138)
at org.openqa.selenium.remote.codec.w3c.W3CHttpResponseCodec.decode(W3CHttpResponseCodec.java:50)
at org.openqa.selenium.remote.HttpCommandExecutor.execute(HttpCommandExecutor.java:190)
at org.openqa.selenium.remote.service.DriverCommandExecutor.invokeExecute(DriverCommandExecutor.java:216)
at org.openqa.selenium.remote.service.DriverCommandExecutor.execute(DriverCommandExecutor.java:174)
at org.openqa.selenium.remote.RemoteWebDriver.execute(RemoteWebDriver.java:518)
at org.openqa.selenium.remote.ElementLocation$ElementFinder$2.findElement(ElementLocation.java:165)
at org.openqa.selenium.remote.ElementLocation.findElement(ElementLocation.java:59)
at org.openqa.selenium.remote.RemoteWebDriver.findElement(RemoteWebDriver.java:355)
at org.openqa.selenium.remote.RemoteWebDriver.findElement(RemoteWebDriver.java:349)
at org.openqa.selenium.support.pagefactory.DefaultElementLocator.findElement(DefaultElementLocator.java:68)
at org.openqa.selenium.support.pagefactory.internal.LocatingElementHandler.invoke(LocatingElementHandler.java:38)
at jdk.proxy2/jdk.proxy2.$Proxy18.click(Unknown Source)
at com.nopcommerce.demo.utility.Utility.clickOnElement(Utility.java:53)
at com.nopcommerce.demo.pages.LoginPage.clickOnLogoutLink(LoginPage.java:84)
at com.nopcommerce.demo.testsuite.LoginPageTest.verifyThatUserShouldLogOutSuccessFully(LoginPageTest.java:81)
at java.base/jdk.internal.reflect.NativeMethodAccessorImpl.invoke0(Native Method)
at java.base/jdk.internal.reflect.NativeMethodAccessorImpl.invoke(NativeMethodAccessorImpl.java:77)
at java.base/jdk.internal.reflect.DelegatingMethodAccessorImpl.invoke(DelegatingMethodAccessorImpl.java:43)
at java.base/java.lang.reflect.Method.invoke(Method.java:568)
at org.testng.internal.invokers.MethodInvocationHelper.invokeMethod(MethodInvocationHelper.java:141)
at org.testng.internal.invokers.TestInvoker.invokeMethod(TestInvoker.java:686)
at org.testng.internal.invokers.TestInvoker.invokeTestMethod(TestInvoker.java:230)
at org.testng.internal.invokers.MethodRunner.runInSequence(MethodRunner.java:63)
at org.testng.internal.invokers.TestInvoker$MethodInvocationAgent.invoke(TestInvoker.java:992)
at org.testng.internal.invokers.TestInvoker.invokeTestMethods(TestInvoker.java:203)
at org.testng.internal.invokers.TestMethodWorker.invokeTestMethods(TestMethodWorker.java:154)
at org.testng.internal.invokers.TestMethodWorker.run(TestMethodWorker.java:134)
at java.base/java.util.ArrayList.forEach(ArrayList.java:1511)
at org.testng.TestRunner.privateRun(TestRunner.java:739)
at org.testng.TestRunner.run(TestRunner.java:614)
at org.testng.SuiteRunner.runTest(SuiteRunner.java:421)
at org.testng.SuiteRunner.runSequentially(SuiteRunner.java:413)
at org.testng.SuiteRunner.privateRun(SuiteRunner.java:373)
at org.testng.SuiteRunner.run(SuiteRunner.java:312)
at org.testng.SuiteRunnerWorker.runSuite(SuiteRunnerWorker.java:52)
at org.testng.SuiteRunnerWorker.run(SuiteRunnerWorker.java:95)
at org.testng.TestNG.runSuitesSequentially(TestNG.java:1274)
at org.testng.TestNG.runSuitesLocally(TestNG.java:1208)
at org.testng.TestNG.runSuites(TestNG.java:1112)
at org.testng.TestNG.run(TestNG.java:1079)
at com.intellij.rt.testng.IDEARemoteTestNG.run(IDEARemoteTestNG.java:65)
at com.intellij.rt.testng.RemoteTestNGStarter.main(RemoteTestNGStarter.java:105)
]]>
            </full-stacktrace>
          </exception> <!-- org.openqa.selenium.NoSuchElementException -->
          <reporter-output>
            <line>
              <![CDATA[Clicking on login link [[ChromeDriver: chrome on windows (14f3c4fb94ea1138083e01403282017f)] -> link text: Log in]]]>
            </line>
            <line>
              <![CDATA[Enter email abc@gmail.comto email field [[ChromeDriver: chrome on windows (14f3c4fb94ea1138083e01403282017f)] -> id: Email]]]>
            </line>
            <line>
              <![CDATA[Enter password abc12345to password field [[ChromeDriver: chrome on windows (14f3c4fb94ea1138083e01403282017f)] -> name: Password]]]>
            </line>
            <line>
              <![CDATA[Click on login button [[ChromeDriver: chrome on windows (14f3c4fb94ea1138083e01403282017f)] -> xpath: //button[contains(text(),'Log in')]]]]>
            </line>
          </reporter-output>
        </test-method> <!-- verifyThatUserShouldLogOutSuccessFully -->
        <test-method is-config="true" signature="inIt()[pri:0, instance:com.nopcommerce.demo.testsuite.LoginPageTest@6d763516]" started-at="2024-06-16T19:31:25 BST" name="inIt" finished-at="2024-06-16T19:31:25 BST" duration-ms="0" status="PASS">
          <reporter-output>
          </reporter-output>
        </test-method> <!-- inIt -->
        <test-method is-config="true" signature="tearDown()[pri:0, instance:com.nopcommerce.demo.testsuite.LoginPageTest@6d763516]" started-at="2024-06-16T19:31:46 BST" name="tearDown" finished-at="2024-06-16T19:31:47 BST" duration-ms="159" status="PASS">
          <reporter-output>
          </reporter-output>
        </test-method> <!-- tearDown -->
        <test-method is-config="true" signature="setUp()[pri:0, instance:com.nopcommerce.demo.testsuite.LoginPageTest@6d763516]" started-at="2024-06-16T19:31:47 BST" name="setUp" finished-at="2024-06-16T19:31:49 BST" duration-ms="1891" status="PASS">
          <reporter-output>
          </reporter-output>
        </test-method> <!-- setUp -->
        <test-method signature="verifyTheErrorMessageWithInValidCredentials()[pri:0, instance:com.nopcommerce.demo.testsuite.LoginPageTest@6d763516]" started-at="2024-06-16T19:31:49 BST" name="verifyTheErrorMessageWithInValidCredentials" finished-at="2024-06-16T19:31:50 BST" duration-ms="1075" status="PASS">
          <reporter-output>
            <line>
              <![CDATA[Clicking on login link [[ChromeDriver: chrome on windows (4f8bff1c52ea0dfe6bbdb35d55dd807a)] -> link text: Log in]]]>
            </line>
            <line>
              <![CDATA[Enter email axc@gmail.comto email field [[ChromeDriver: chrome on windows (4f8bff1c52ea0dfe6bbdb35d55dd807a)] -> id: Email]]]>
            </line>
            <line>
              <![CDATA[Enter password abc12345to password field [[ChromeDriver: chrome on windows (4f8bff1c52ea0dfe6bbdb35d55dd807a)] -> name: Password]]]>
            </line>
            <line>
              <![CDATA[Click on login button [[ChromeDriver: chrome on windows (4f8bff1c52ea0dfe6bbdb35d55dd807a)] -> xpath: //button[contains(text(),'Log in')]]]]>
            </line>
            <line>
              <![CDATA[Get text from error message [[ChromeDriver: chrome on windows (4f8bff1c52ea0dfe6bbdb35d55dd807a)] -> xpath: //div[@class='message-error validation-summary-errors']]]]>
            </line>
          </reporter-output>
        </test-method> <!-- verifyTheErrorMessageWithInValidCredentials -->
        <test-method is-config="true" signature="inIt()[pri:0, instance:com.nopcommerce.demo.testsuite.LoginPageTest@6d763516]" started-at="2024-06-16T19:31:49 BST" name="inIt" finished-at="2024-06-16T19:31:49 BST" duration-ms="0" status="PASS">
          <reporter-output>
          </reporter-output>
        </test-method> <!-- inIt -->
        <test-method is-config="true" signature="tearDown()[pri:0, instance:com.nopcommerce.demo.testsuite.LoginPageTest@6d763516]" started-at="2024-06-16T19:31:50 BST" name="tearDown" finished-at="2024-06-16T19:31:50 BST" duration-ms="114" status="PASS">
          <reporter-output>
          </reporter-output>
        </test-method> <!-- tearDown -->
      </class> <!-- com.nopcommerce.demo.testsuite.LoginPageTest -->
    </test> <!-- Login Test -->
    <test started-at="2024-06-16T19:31:50 BST" name="Registration Test" finished-at="2024-06-16T19:33:08 BST" duration-ms="78380">
      <class name="com.nopcommerce.demo.testsuite.RegisterPageTest">
        <test-method is-config="true" signature="setUp()[pri:0, instance:com.nopcommerce.demo.testsuite.RegisterPageTest@45752059]" started-at="2024-06-16T19:31:50 BST" name="setUp" finished-at="2024-06-16T19:31:51 BST" duration-ms="1534" status="PASS">
          <reporter-output>
          </reporter-output>
        </test-method> <!-- setUp -->
        <test-method is-config="true" signature="inIt()[pri:0, instance:com.nopcommerce.demo.testsuite.RegisterPageTest@45752059]" started-at="2024-06-16T19:31:51 BST" name="inIt" finished-at="2024-06-16T19:31:51 BST" duration-ms="4" status="PASS">
          <reporter-output>
          </reporter-output>
        </test-method> <!-- inIt -->
        <test-method signature="verifyThatFirstNameLastNameEmailPasswordAndConfirmPasswordFieldsAreMandatory()[pri:0, instance:com.nopcommerce.demo.testsuite.RegisterPageTest@45752059]" started-at="2024-06-16T19:31:51 BST" name="verifyThatFirstNameLastNameEmailPasswordAndConfirmPasswordFieldsAreMandatory" finished-at="2024-06-16T19:31:56 BST" duration-ms="4034" status="PASS">
          <reporter-output>
            <line>
              <![CDATA[Clicking on register link [[ChromeDriver: chrome on windows (2d035b3097ad0efd3a5d945af0031055)] -> xpath: //a[normalize-space()='Register']]]]>
            </line>
            <line>
              <![CDATA[Click on register button [[ChromeDriver: chrome on windows (2d035b3097ad0efd3a5d945af0031055)] -> xpath: //button[@id='register-button']]]]>
            </line>
            <line>
              <![CDATA[Get text from first name error message [[ChromeDriver: chrome on windows (2d035b3097ad0efd3a5d945af0031055)] -> xpath: //span[@id='FirstName-error']]]]>
            </line>
            <line>
              <![CDATA[Get text from last name [[ChromeDriver: chrome on windows (2d035b3097ad0efd3a5d945af0031055)] -> xpath: //span[@id='LastName-error']]]]>
            </line>
            <line>
              <![CDATA[Get text from email id error message [[ChromeDriver: chrome on windows (2d035b3097ad0efd3a5d945af0031055)] -> xpath: //span[@id='Email-error']]]]>
            </line>
            <line>
              <![CDATA[Get text from password error message [[ChromeDriver: chrome on windows (2d035b3097ad0efd3a5d945af0031055)] -> xpath: //span[@id='ConfirmPassword-error']]]]>
            </line>
            <line>
              <![CDATA[Get text from confirm password error message [[ChromeDriver: chrome on windows (2d035b3097ad0efd3a5d945af0031055)] -> xpath: //span[@id='ConfirmPassword-error']]]]>
            </line>
          </reporter-output>
        </test-method> <!-- verifyThatFirstNameLastNameEmailPasswordAndConfirmPasswordFieldsAreMandatory -->
        <test-method is-config="true" signature="tearDown()[pri:0, instance:com.nopcommerce.demo.testsuite.RegisterPageTest@45752059]" started-at="2024-06-16T19:31:56 BST" name="tearDown" finished-at="2024-06-16T19:31:56 BST" duration-ms="147" status="PASS">
          <reporter-output>
          </reporter-output>
        </test-method> <!-- tearDown -->
        <test-method is-config="true" signature="setUp()[pri:0, instance:com.nopcommerce.demo.testsuite.RegisterPageTest@45752059]" started-at="2024-06-16T19:31:56 BST" name="setUp" finished-at="2024-06-16T19:31:58 BST" duration-ms="1856" status="PASS">
          <reporter-output>
          </reporter-output>
        </test-method> <!-- setUp -->
        <test-method is-config="true" signature="inIt()[pri:0, instance:com.nopcommerce.demo.testsuite.RegisterPageTest@45752059]" started-at="2024-06-16T19:31:58 BST" name="inIt" finished-at="2024-06-16T19:31:58 BST" duration-ms="2" status="PASS">
          <reporter-output>
          </reporter-output>
        </test-method> <!-- inIt -->
        <test-method signature="verifyThatUserShouldCreateAccountSuccessfully()[pri:0, instance:com.nopcommerce.demo.testsuite.RegisterPageTest@45752059]" started-at="2024-06-16T19:31:58 BST" name="verifyThatUserShouldCreateAccountSuccessfully" finished-at="2024-06-16T19:33:06 BST" duration-ms="68281" status="PASS">
          <reporter-output>
            <line>
              <![CDATA[Clicking on register link [[ChromeDriver: chrome on windows (a8c3cadaa7860b99bb2bbe3cc6392852)] -> xpath: //a[normalize-space()='Register']]]]>
            </line>
            <line>
              <![CDATA[Click on gender female [[ChromeDriver: chrome on windows (a8c3cadaa7860b99bb2bbe3cc6392852)] -> xpath: //input[@id='gender-female']]]]>
            </line>
            <line>
              <![CDATA[Enter first name abcto first name field [[ChromeDriver: chrome on windows (a8c3cadaa7860b99bb2bbe3cc6392852)] -> id: FirstName]]]>
            </line>
            <line>
              <![CDATA[Enter last name Proxy element for: DefaultElementLocator 'By.xpath: //span[@id='ConfirmPassword-error']'to last name field [[ChromeDriver: chrome on windows (a8c3cadaa7860b99bb2bbe3cc6392852)] -> id: LastName]]]>
            </line>
            <line>
              <![CDATA[Enter day 4from dropdown list[[ChromeDriver: chrome on windows (a8c3cadaa7860b99bb2bbe3cc6392852)] -> xpath: //select[@name='DateOfBirthDay']]]]>
            </line>
            <line>
              <![CDATA[Enter month 4from dropdown list[[ChromeDriver: chrome on windows (a8c3cadaa7860b99bb2bbe3cc6392852)] -> xpath: //select[@name='DateOfBirthMonth']]]]>
            </line>
            <line>
              <![CDATA[Enter year 1944from dropdown list[[ChromeDriver: chrome on windows (a8c3cadaa7860b99bb2bbe3cc6392852)] -> xpath: //select[@name='DateOfBirthYear']]]]>
            </line>
            <line>
              <![CDATA[Enter email Proxy element for: DefaultElementLocator 'By.xpath: //span[@id='ConfirmPassword-error']'to email field [[ChromeDriver: chrome on windows (a8c3cadaa7860b99bb2bbe3cc6392852)] -> name: Email]]]>
            </line>
            <line>
              <![CDATA[Enter password 123456to password field [[ChromeDriver: chrome on windows (a8c3cadaa7860b99bb2bbe3cc6392852)] -> id: Password]]]>
            </line>
            <line>
              <![CDATA[Enter confirm password Proxy element for: DefaultElementLocator 'By.xpath: //span[@id='ConfirmPassword-error']'to password field [[ChromeDriver: chrome on windows (a8c3cadaa7860b99bb2bbe3cc6392852)] -> id: ConfirmPassword]]]>
            </line>
            <line>
              <![CDATA[Click on register button [[ChromeDriver: chrome on windows (a8c3cadaa7860b99bb2bbe3cc6392852)] -> xpath: //button[@id='register-button']]]]>
            </line>
            <line>
              <![CDATA[Get text from registration success message [[ChromeDriver: chrome on windows (a8c3cadaa7860b99bb2bbe3cc6392852)] -> id: ConfirmPassword]]]>
            </line>
          </reporter-output>
        </test-method> <!-- verifyThatUserShouldCreateAccountSuccessfully -->
        <test-method is-config="true" signature="tearDown()[pri:0, instance:com.nopcommerce.demo.testsuite.RegisterPageTest@45752059]" started-at="2024-06-16T19:33:06 BST" name="tearDown" finished-at="2024-06-16T19:33:06 BST" duration-ms="125" status="PASS">
          <reporter-output>
          </reporter-output>
        </test-method> <!-- tearDown -->
        <test-method is-config="true" signature="setUp()[pri:0, instance:com.nopcommerce.demo.testsuite.RegisterPageTest@45752059]" started-at="2024-06-16T19:33:06 BST" name="setUp" finished-at="2024-06-16T19:33:08 BST" duration-ms="1805" status="PASS">
          <reporter-output>
          </reporter-output>
        </test-method> <!-- setUp -->
        <test-method is-config="true" signature="inIt()[pri:0, instance:com.nopcommerce.demo.testsuite.RegisterPageTest@45752059]" started-at="2024-06-16T19:33:08 BST" name="inIt" finished-at="2024-06-16T19:33:08 BST" duration-ms="3" status="PASS">
          <reporter-output>
          </reporter-output>
        </test-method> <!-- inIt -->
        <test-method signature="verifyUserShouldNavigateToRegisterPageSuccessfully()[pri:0, instance:com.nopcommerce.demo.testsuite.RegisterPageTest@45752059]" started-at="2024-06-16T19:33:08 BST" name="verifyUserShouldNavigateToRegisterPageSuccessfully" finished-at="2024-06-16T19:33:08 BST" duration-ms="489" status="PASS">
          <reporter-output>
            <line>
              <![CDATA[Clicking on register link [[ChromeDriver: chrome on windows (9065638abf78efe3e32bad6cd4a8543d)] -> xpath: //a[normalize-space()='Register']]]]>
            </line>
            <line>
              <![CDATA[Get text from welcome text [[ChromeDriver: chrome on windows (9065638abf78efe3e32bad6cd4a8543d)] -> xpath: //h1[normalize-space()='Register']]]]>
            </line>
          </reporter-output>
        </test-method> <!-- verifyUserShouldNavigateToRegisterPageSuccessfully -->
        <test-method is-config="true" signature="tearDown()[pri:0, instance:com.nopcommerce.demo.testsuite.RegisterPageTest@45752059]" started-at="2024-06-16T19:33:08 BST" name="tearDown" finished-at="2024-06-16T19:33:08 BST" duration-ms="97" status="PASS">
          <reporter-output>
          </reporter-output>
        </test-method> <!-- tearDown -->
      </class> <!-- com.nopcommerce.demo.testsuite.RegisterPageTest -->
    </test> <!-- Registration Test -->
    <test started-at="2024-06-16T19:33:08 BST" name="Computers Test" finished-at="2024-06-16T19:33:34 BST" duration-ms="25612">
      <class name="com.nopcommerce.demo.testsuite.ComputerPageTest">
        <test-method is-config="true" signature="setExcel()[pri:0, instance:com.nopcommerce.demo.testsuite.ComputerPageTest@139982de]" started-at="2024-06-16T19:33:08 BST" name="setExcel" finished-at="2024-06-16T19:33:09 BST" duration-ms="392" status="PASS">
          <reporter-output>
          </reporter-output>
        </test-method> <!-- setExcel -->
        <test-method is-config="true" signature="setUp()[pri:0, instance:com.nopcommerce.demo.testsuite.ComputerPageTest@139982de]" started-at="2024-06-16T19:33:09 BST" name="setUp" finished-at="2024-06-16T19:33:11 BST" duration-ms="2014" status="PASS">
          <reporter-output>
          </reporter-output>
        </test-method> <!-- setUp -->
        <test-method is-config="true" signature="inIt()[pri:0, instance:com.nopcommerce.demo.testsuite.ComputerPageTest@139982de]" started-at="2024-06-16T19:33:11 BST" name="inIt" finished-at="2024-06-16T19:33:11 BST" duration-ms="9" status="PASS">
          <reporter-output>
          </reporter-output>
        </test-method> <!-- inIt -->
        <test-method signature="verifyThatUserShouldBuildYouOwnComputerAndAddThemToCartSuccessfully(java.lang.String,java.lang.String)[pri:0, instance:com.nopcommerce.demo.testsuite.ComputerPageTest@139982de]" started-at="2024-06-16T19:33:11 BST" name="verifyThatUserShouldBuildYouOwnComputerAndAddThemToCartSuccessfully" data-provider="dataFromExcel" finished-at="2024-06-16T19:33:15 BST" duration-ms="4629" status="PASS">
          <params>
            <param index="0">
              <value>
                <![CDATA[2.2 GHz Intel Pentium Dual-Core E2200]]>
              </value>
            </param>
            <param index="1">
              <value>
                <![CDATA[2 GB]]>
              </value>
            </param>
          </params>
          <reporter-output>
            <line>
              <![CDATA[Click on computers menu link [[ChromeDriver: chrome on windows (9eaa559114091d0a9ad9e444bec45396)] -> xpath: //ul[@class='top-menu notmobile']//a[normalize-space()='Computers']]]]>
            </line>
            <line>
              <![CDATA[Click on desktops link [[ChromeDriver: chrome on windows (9eaa559114091d0a9ad9e444bec45396)] -> xpath: //li[@class='inactive']//a[normalize-space()='Desktops']]]]>
            </line>
            <line>
              <![CDATA[Click on product name [[ChromeDriver: chrome on windows (9eaa559114091d0a9ad9e444bec45396)] -> xpath: //h2[@class='product-title']/a]]]>
            </line>
            <line>
              <![CDATA[Get value of processor: 2.2 GHz Intel Pentium Dual-Core E2200from dropdown [[ChromeDriver: chrome on windows (9eaa559114091d0a9ad9e444bec45396)] -> xpath: //select[@id='product_attribute_1']]]]>
            </line>
            <line>
              <![CDATA[Get value of ram: 2 GBfrom dropdown [[ChromeDriver: chrome on windows (9eaa559114091d0a9ad9e444bec45396)] -> xpath: //select[@id='product_attribute_2']]]]>
            </line>
            <line>
              <![CDATA[Click on HDD [[ChromeDriver: chrome on windows (9eaa559114091d0a9ad9e444bec45396)] -> xpath: //input[@id='product_attribute_3_7']]]]>
            </line>
            <line>
              <![CDATA[Click on OS [[ChromeDriver: chrome on windows (9eaa559114091d0a9ad9e444bec45396)] -> xpath: //input[@id='product_attribute_4_9']]]]>
            </line>
            <line>
              <![CDATA[Click on software checkbox number three [[ChromeDriver: chrome on windows (9eaa559114091d0a9ad9e444bec45396)] -> xpath: //input[@id='product_attribute_5_12']]]]>
            </line>
            <line>
              <![CDATA[Click on add to cart button [[ChromeDriver: chrome on windows (9eaa559114091d0a9ad9e444bec45396)] -> id: add-to-cart-button-1]]]>
            </line>
            <line>
              <![CDATA[Get text from product added success message [[ChromeDriver: chrome on windows (9eaa559114091d0a9ad9e444bec45396)] -> xpath: //p[@class='content']]]]>
            </line>
          </reporter-output>
        </test-method> <!-- verifyThatUserShouldBuildYouOwnComputerAndAddThemToCartSuccessfully -->
        <test-method is-config="true" signature="tearDown()[pri:0, instance:com.nopcommerce.demo.testsuite.ComputerPageTest@139982de]" started-at="2024-06-16T19:33:15 BST" name="tearDown" finished-at="2024-06-16T19:33:16 BST" duration-ms="139" status="PASS">
          <reporter-output>
          </reporter-output>
        </test-method> <!-- tearDown -->
        <test-method is-config="true" signature="setUp()[pri:0, instance:com.nopcommerce.demo.testsuite.ComputerPageTest@139982de]" started-at="2024-06-16T19:33:16 BST" name="setUp" finished-at="2024-06-16T19:33:17 BST" duration-ms="1848" status="PASS">
          <reporter-output>
          </reporter-output>
        </test-method> <!-- setUp -->
        <test-method signature="verifyThatUserShouldBuildYouOwnComputerAndAddThemToCartSuccessfully(java.lang.String,java.lang.String)[pri:0, instance:com.nopcommerce.demo.testsuite.ComputerPageTest@139982de]" started-at="2024-06-16T19:33:17 BST" name="verifyThatUserShouldBuildYouOwnComputerAndAddThemToCartSuccessfully" data-provider="dataFromExcel" finished-at="2024-06-16T19:33:22 BST" duration-ms="4797" status="PASS">
          <params>
            <param index="0">
              <value>
                <![CDATA[2.5 GHz Intel Pentium Dual-Core E2200 [+$15.00]]]>
              </value>
            </param>
            <param index="1">
              <value>
                <![CDATA[4GB [+$20.00]]]>
              </value>
            </param>
          </params>
          <reporter-output>
            <line>
              <![CDATA[Click on computers menu link [[ChromeDriver: chrome on windows (88df6c3c544a3b7c3eeec91b8448ecec)] -> xpath: //ul[@class='top-menu notmobile']//a[normalize-space()='Computers']]]]>
            </line>
            <line>
              <![CDATA[Click on desktops link [[ChromeDriver: chrome on windows (88df6c3c544a3b7c3eeec91b8448ecec)] -> xpath: //li[@class='inactive']//a[normalize-space()='Desktops']]]]>
            </line>
            <line>
              <![CDATA[Click on product name [[ChromeDriver: chrome on windows (88df6c3c544a3b7c3eeec91b8448ecec)] -> xpath: //h2[@class='product-title']/a]]]>
            </line>
            <line>
              <![CDATA[Get value of processor: 2.5 GHz Intel Pentium Dual-Core E2200 [+$15.00]from dropdown [[ChromeDriver: chrome on windows (88df6c3c544a3b7c3eeec91b8448ecec)] -> xpath: //select[@id='product_attribute_1']]]]>
            </line>
            <line>
              <![CDATA[Get value of ram: 4GB [+$20.00]from dropdown [[ChromeDriver: chrome on windows (88df6c3c544a3b7c3eeec91b8448ecec)] -> xpath: //select[@id='product_attribute_2']]]]>
            </line>
            <line>
              <![CDATA[Click on HDD [[ChromeDriver: chrome on windows (88df6c3c544a3b7c3eeec91b8448ecec)] -> xpath: //input[@id='product_attribute_3_7']]]]>
            </line>
            <line>
              <![CDATA[Click on OS [[ChromeDriver: chrome on windows (88df6c3c544a3b7c3eeec91b8448ecec)] -> xpath: //input[@id='product_attribute_4_9']]]]>
            </line>
            <line>
              <![CDATA[Click on software checkbox number three [[ChromeDriver: chrome on windows (88df6c3c544a3b7c3eeec91b8448ecec)] -> xpath: //input[@id='product_attribute_5_12']]]]>
            </line>
            <line>
              <![CDATA[Click on add to cart button [[ChromeDriver: chrome on windows (88df6c3c544a3b7c3eeec91b8448ecec)] -> id: add-to-cart-button-1]]]>
            </line>
            <line>
              <![CDATA[Get text from product added success message [[ChromeDriver: chrome on windows (88df6c3c544a3b7c3eeec91b8448ecec)] -> xpath: //p[@class='content']]]]>
            </line>
          </reporter-output>
        </test-method> <!-- verifyThatUserShouldBuildYouOwnComputerAndAddThemToCartSuccessfully -->
        <test-method is-config="true" signature="inIt()[pri:0, instance:com.nopcommerce.demo.testsuite.ComputerPageTest@139982de]" started-at="2024-06-16T19:33:17 BST" name="inIt" finished-at="2024-06-16T19:33:17 BST" duration-ms="0" status="PASS">
          <reporter-output>
          </reporter-output>
        </test-method> <!-- inIt -->
        <test-method is-config="true" signature="tearDown()[pri:0, instance:com.nopcommerce.demo.testsuite.ComputerPageTest@139982de]" started-at="2024-06-16T19:33:22 BST" name="tearDown" finished-at="2024-06-16T19:33:22 BST" duration-ms="144" status="PASS">
          <reporter-output>
          </reporter-output>
        </test-method> <!-- tearDown -->
        <test-method is-config="true" signature="setUp()[pri:0, instance:com.nopcommerce.demo.testsuite.ComputerPageTest@139982de]" started-at="2024-06-16T19:33:22 BST" name="setUp" finished-at="2024-06-16T19:33:24 BST" duration-ms="1775" status="PASS">
          <reporter-output>
          </reporter-output>
        </test-method> <!-- setUp -->
        <test-method signature="verifyThatUserShouldBuildYouOwnComputerAndAddThemToCartSuccessfully(java.lang.String,java.lang.String)[pri:0, instance:com.nopcommerce.demo.testsuite.ComputerPageTest@139982de]" started-at="2024-06-16T19:33:24 BST" name="verifyThatUserShouldBuildYouOwnComputerAndAddThemToCartSuccessfully" data-provider="dataFromExcel" finished-at="2024-06-16T19:33:29 BST" duration-ms="4749" status="PASS">
          <params>
            <param index="0">
              <value>
                <![CDATA[2.5 GHz Intel Pentium Dual-Core E2200 [+$15.00]]]>
              </value>
            </param>
            <param index="1">
              <value>
                <![CDATA[8GB [+$60.00]]]>
              </value>
            </param>
          </params>
          <reporter-output>
            <line>
              <![CDATA[Click on computers menu link [[ChromeDriver: chrome on windows (7ba0f37be895cf38f94ba8eaf3214b95)] -> xpath: //ul[@class='top-menu notmobile']//a[normalize-space()='Computers']]]]>
            </line>
            <line>
              <![CDATA[Click on desktops link [[ChromeDriver: chrome on windows (7ba0f37be895cf38f94ba8eaf3214b95)] -> xpath: //li[@class='inactive']//a[normalize-space()='Desktops']]]]>
            </line>
            <line>
              <![CDATA[Click on product name [[ChromeDriver: chrome on windows (7ba0f37be895cf38f94ba8eaf3214b95)] -> xpath: //h2[@class='product-title']/a]]]>
            </line>
            <line>
              <![CDATA[Get value of processor: 2.5 GHz Intel Pentium Dual-Core E2200 [+$15.00]from dropdown [[ChromeDriver: chrome on windows (7ba0f37be895cf38f94ba8eaf3214b95)] -> xpath: //select[@id='product_attribute_1']]]]>
            </line>
            <line>
              <![CDATA[Get value of ram: 8GB [+$60.00]from dropdown [[ChromeDriver: chrome on windows (7ba0f37be895cf38f94ba8eaf3214b95)] -> xpath: //select[@id='product_attribute_2']]]]>
            </line>
            <line>
              <![CDATA[Click on HDD [[ChromeDriver: chrome on windows (7ba0f37be895cf38f94ba8eaf3214b95)] -> xpath: //input[@id='product_attribute_3_7']]]]>
            </line>
            <line>
              <![CDATA[Click on OS [[ChromeDriver: chrome on windows (7ba0f37be895cf38f94ba8eaf3214b95)] -> xpath: //input[@id='product_attribute_4_9']]]]>
            </line>
            <line>
              <![CDATA[Click on software checkbox number three [[ChromeDriver: chrome on windows (7ba0f37be895cf38f94ba8eaf3214b95)] -> xpath: //input[@id='product_attribute_5_12']]]]>
            </line>
            <line>
              <![CDATA[Click on add to cart button [[ChromeDriver: chrome on windows (7ba0f37be895cf38f94ba8eaf3214b95)] -> id: add-to-cart-button-1]]]>
            </line>
            <line>
              <![CDATA[Get text from product added success message [[ChromeDriver: chrome on windows (7ba0f37be895cf38f94ba8eaf3214b95)] -> xpath: //p[@class='content']]]]>
            </line>
          </reporter-output>
        </test-method> <!-- verifyThatUserShouldBuildYouOwnComputerAndAddThemToCartSuccessfully -->
        <test-method is-config="true" signature="inIt()[pri:0, instance:com.nopcommerce.demo.testsuite.ComputerPageTest@139982de]" started-at="2024-06-16T19:33:24 BST" name="inIt" finished-at="2024-06-16T19:33:24 BST" duration-ms="0" status="PASS">
          <reporter-output>
          </reporter-output>
        </test-method> <!-- inIt -->
        <test-method is-config="true" signature="tearDown()[pri:0, instance:com.nopcommerce.demo.testsuite.ComputerPageTest@139982de]" started-at="2024-06-16T19:33:29 BST" name="tearDown" finished-at="2024-06-16T19:33:29 BST" duration-ms="161" status="PASS">
          <reporter-output>
          </reporter-output>
        </test-method> <!-- tearDown -->
        <test-method is-config="true" signature="setUp()[pri:0, instance:com.nopcommerce.demo.testsuite.ComputerPageTest@139982de]" started-at="2024-06-16T19:33:29 BST" name="setUp" finished-at="2024-06-16T19:33:31 BST" duration-ms="1443" status="PASS">
          <reporter-output>
          </reporter-output>
        </test-method> <!-- setUp -->
        <test-method signature="verifyUserShouldNavigateToComputerPageSuccessfully()[pri:0, instance:com.nopcommerce.demo.testsuite.ComputerPageTest@139982de]" started-at="2024-06-16T19:33:31 BST" name="verifyUserShouldNavigateToComputerPageSuccessfully" finished-at="2024-06-16T19:33:31 BST" duration-ms="451" status="PASS">
          <reporter-output>
            <line>
              <![CDATA[Click on computers menu link [[ChromeDriver: chrome on windows (c772b18644d025909256f2c4a08a949a)] -> xpath: //ul[@class='top-menu notmobile']//a[normalize-space()='Computers']]]]>
            </line>
            <line>
              <![CDATA[Get title text for computers page [[ChromeDriver: chrome on windows (c772b18644d025909256f2c4a08a949a)] -> xpath: //h1[normalize-space()='Computers']]]]>
            </line>
          </reporter-output>
        </test-method> <!-- verifyUserShouldNavigateToComputerPageSuccessfully -->
        <test-method is-config="true" signature="inIt()[pri:0, instance:com.nopcommerce.demo.testsuite.ComputerPageTest@139982de]" started-at="2024-06-16T19:33:31 BST" name="inIt" finished-at="2024-06-16T19:33:31 BST" duration-ms="0" status="PASS">
          <reporter-output>
          </reporter-output>
        </test-method> <!-- inIt -->
        <test-method is-config="true" signature="tearDown()[pri:0, instance:com.nopcommerce.demo.testsuite.ComputerPageTest@139982de]" started-at="2024-06-16T19:33:31 BST" name="tearDown" finished-at="2024-06-16T19:33:31 BST" duration-ms="119" status="PASS">
          <reporter-output>
          </reporter-output>
        </test-method> <!-- tearDown -->
        <test-method is-config="true" signature="setUp()[pri:0, instance:com.nopcommerce.demo.testsuite.ComputerPageTest@139982de]" started-at="2024-06-16T19:33:31 BST" name="setUp" finished-at="2024-06-16T19:33:33 BST" duration-ms="1821" status="PASS">
          <reporter-output>
          </reporter-output>
        </test-method> <!-- setUp -->
        <test-method is-config="true" signature="inIt()[pri:0, instance:com.nopcommerce.demo.testsuite.ComputerPageTest@139982de]" started-at="2024-06-16T19:33:33 BST" name="inIt" finished-at="2024-06-16T19:33:33 BST" duration-ms="2" status="PASS">
          <reporter-output>
          </reporter-output>
        </test-method> <!-- inIt -->
        <test-method signature="verifyUserShouldNavigateToDesktopsPageSuccessfully()[pri:0, instance:com.nopcommerce.demo.testsuite.ComputerPageTest@139982de]" started-at="2024-06-16T19:33:33 BST" name="verifyUserShouldNavigateToDesktopsPageSuccessfully" finished-at="2024-06-16T19:33:34 BST" duration-ms="969" status="PASS">
          <reporter-output>
            <line>
              <![CDATA[Click on computers menu link [[ChromeDriver: chrome on windows (0162a9be964144dd837da6a6c5a46e9b)] -> xpath: //ul[@class='top-menu notmobile']//a[normalize-space()='Computers']]]]>
            </line>
            <line>
              <![CDATA[Click on desktops link [[ChromeDriver: chrome on windows (0162a9be964144dd837da6a6c5a46e9b)] -> xpath: //li[@class='inactive']//a[normalize-space()='Desktops']]]]>
            </line>
            <line>
              <![CDATA[Get title text for desktops page [[ChromeDriver: chrome on windows (0162a9be964144dd837da6a6c5a46e9b)] -> xpath: //h1[normalize-space()='Desktops']]]]>
            </line>
          </reporter-output>
        </test-method> <!-- verifyUserShouldNavigateToDesktopsPageSuccessfully -->
        <test-method is-config="true" signature="tearDown()[pri:0, instance:com.nopcommerce.demo.testsuite.ComputerPageTest@139982de]" started-at="2024-06-16T19:33:34 BST" name="tearDown" finished-at="2024-06-16T19:33:34 BST" duration-ms="109" status="PASS">
          <reporter-output>
          </reporter-output>
        </test-method> <!-- tearDown -->
      </class> <!-- com.nopcommerce.demo.testsuite.ComputerPageTest -->
    </test> <!-- Computers Test -->
  </suite> <!-- testsuite -->
</testng-results>
