<?xml version="1.0" encoding="UTF-8"?>
<!-- Generated by org.testng.reporters.JUnitReportReporter -->
<testsuite hostname="Vrunda" failures="0" tests="4" name="com.nopcommerce.demo.testsuite.LoginPageTest" time="53.432" errors="2" timestamp="2024-06-16T19:33:34 BST" skipped="0">
  <testcase classname="com.nopcommerce.demo.testsuite.LoginPageTest" name="verifyTheErrorMessageWithInValidCredentials" time="3.518">
    <system-out>
      <![CDATA[Clicking on login link [[ChromeDriver: chrome on windows (4f8bff1c52ea0dfe6bbdb35d55dd807a)] -> link text: Log in]
Enter email axc@gmail.comto email field [[ChromeDriver: chrome on windows (4f8bff1c52ea0dfe6bbdb35d55dd807a)] -> id: Email]
Enter password abc12345to password field [[ChromeDriver: chrome on windows (4f8bff1c52ea0dfe6bbdb35d55dd807a)] -> name: Password]
Click on login button [[ChromeDriver: chrome on windows (4f8bff1c52ea0dfe6bbdb35d55dd807a)] -> xpath: //button[contains(text(),'Log in')]]
Get text from error message [[ChromeDriver: chrome on windows (4f8bff1c52ea0dfe6bbdb35d55dd807a)] -> xpath: //div[@class='message-error validation-summary-errors']]]]>
    </system-out>
  </testcase> <!-- verifyTheErrorMessageWithInValidCredentials -->
  <testcase classname="com.nopcommerce.demo.testsuite.LoginPageTest" name="userShouldNavigateToLoginPageSuccessFully" time="3.190">
    <system-out>
      <![CDATA[Clicking on login link [[ChromeDriver: chrome on windows (52a31281252fb9d87596b94394aa9006)] -> link text: Log in]
Get text from welcome text [[ChromeDriver: chrome on windows (52a31281252fb9d87596b94394aa9006)] -> xpath: //h1[contains(text(),'Welcome, Please Sign In!')]]]]>
    </system-out>
  </testcase> <!-- userShouldNavigateToLoginPageSuccessFully -->
  <testcase classname="com.nopcommerce.demo.testsuite.LoginPageTest" name="verifyThatUserShouldLogOutSuccessFully" time="23.025">
    <error message="no such element: Unable to locate element: {&quot;method&quot;:&quot;xpath&quot;,&quot;selector&quot;:&quot;//a[normalize-space()=&#039;Log out&#039;]&quot;}
  (Session info: chrome=126.0.6478.61)
For documentation on this error, please visit: https://www.selenium.dev/documentation/webdriver/troubleshooting/errors#no-such-element-exception
Build info: version: &#039;4.21.0&#039;, revision: &#039;79ed462ef4&#039;
System info: os.name: &#039;Windows 11&#039;, os.arch: &#039;amd64&#039;, os.version: &#039;10.0&#039;, java.version: &#039;17.0.8&#039;
Driver info: org.openqa.selenium.chrome.ChromeDriver
Command: [14f3c4fb94ea1138083e01403282017f, findElement {value=//a[normalize-space()=&#039;Log out&#039;], using=xpath}]
Capabilities {acceptInsecureCerts: false, browserName: chrome, browserVersion: 126.0.6478.61, chrome: {chromedriverVersion: 126.0.6478.61 (8dc092df54ce..., userDataDir: C:\Users\vrund\AppData\Loca...}, fedcm:accounts: true, goog:chromeOptions: {debuggerAddress: localhost:53124}, networkConnectionEnabled: false, pageLoadStrategy: normal, platformName: windows, proxy: Proxy(), se:cdp: ws://localhost:53124/devtoo..., se:cdpVersion: 126.0.6478.61, setWindowRect: true, strictFileInteractability: false, timeouts: {implicit: 0, pageLoad: 300000, script: 30000}, unhandledPromptBehavior: dismiss and notify, webauthn:extension:credBlob: true, webauthn:extension:largeBlob: true, webauthn:extension:minPinLength: true, webauthn:extension:prf: true, webauthn:virtualAuthenticators: true}
Session ID: 14f3c4fb94ea1138083e01403282017f" type="org.openqa.selenium.NoSuchElementException">
      <![CDATA[org.openqa.selenium.NoSuchElementException: no such element: Unable to locate element: {"method":"xpath","selector":"//a[normalize-space()='Log out']"}
  (Session info: chrome=126.0.6478.61)
For documentation on this error, please visit: https://www.selenium.dev/documentation/webdriver/troubleshooting/errors#no-such-element-exception
Build info: version: '4.21.0', revision: '79ed462ef4'
System info: os.name: 'Windows 11', os.arch: 'amd64', os.version: '10.0', java.version: '17.0.8'
Driver info: org.openqa.selenium.chrome.ChromeDriver
Command: [14f3c4fb94ea1138083e01403282017f, findElement {value=//a[normalize-space()='Log out'], using=xpath}]
Capabilities {acceptInsecureCerts: false, browserName: chrome, browserVersion: 126.0.6478.61, chrome: {chromedriverVersion: 126.0.6478.61 (8dc092df54ce..., userDataDir: C:\Users\vrund\AppData\Loca...}, fedcm:accounts: true, goog:chromeOptions: {debuggerAddress: localhost:53124}, networkConnectionEnabled: false, pageLoadStrategy: normal, platformName: windows, proxy: Proxy(), se:cdp: ws://localhost:53124/devtoo..., se:cdpVersion: 126.0.6478.61, setWindowRect: true, strictFileInteractability: false, timeouts: {implicit: 0, pageLoad: 300000, script: 30000}, unhandledPromptBehavior: dismiss and notify, webauthn:extension:credBlob: true, webauthn:extension:largeBlob: true, webauthn:extension:minPinLength: true, webauthn:extension:prf: true, webauthn:virtualAuthenticators: true}
Session ID: 14f3c4fb94ea1138083e01403282017f
at java.base/jdk.internal.reflect.NativeConstructorAccessorImpl.newInstance0(Native Method)
at java.base/jdk.internal.reflect.NativeConstructorAccessorImpl.newInstance(NativeConstructorAccessorImpl.java:77)
at java.base/jdk.internal.reflect.DelegatingConstructorAccessorImpl.newInstance(DelegatingConstructorAccessorImpl.java:45)
at java.base/java.lang.reflect.Constructor.newInstanceWithCaller(Constructor.java:499)
at java.base/java.lang.reflect.Constructor.newInstance(Constructor.java:480)
at org.openqa.selenium.remote.ErrorCodec.decode(ErrorCodec.java:167)
at org.openqa.selenium.remote.codec.w3c.W3CHttpResponseCodec.decode(W3CHttpResponseCodec.java:138)
at org.openqa.selenium.remote.codec.w3c.W3CHttpResponseCodec.decode(W3CHttpResponseCodec.java:50)
at org.openqa.selenium.remote.HttpCommandExecutor.execute(HttpCommandExecutor.java:190)
at org.openqa.selenium.remote.service.DriverCommandExecutor.invokeExecute(DriverCommandExecutor.java:216)
at org.openqa.selenium.remote.service.DriverCommandExecutor.execute(DriverCommandExecutor.java:174)
at org.openqa.selenium.remote.RemoteWebDriver.execute(RemoteWebDriver.java:518)
at org.openqa.selenium.remote.ElementLocation$ElementFinder$2.findElement(ElementLocation.java:165)
at org.openqa.selenium.remote.ElementLocation.findElement(ElementLocation.java:59)
at org.openqa.selenium.remote.RemoteWebDriver.findElement(RemoteWebDriver.java:355)
at org.openqa.selenium.remote.RemoteWebDriver.findElement(RemoteWebDriver.java:349)
at org.openqa.selenium.support.pagefactory.DefaultElementLocator.findElement(DefaultElementLocator.java:68)
at org.openqa.selenium.support.pagefactory.internal.LocatingElementHandler.invoke(LocatingElementHandler.java:38)
at jdk.proxy2/jdk.proxy2.$Proxy18.click(Unknown Source)
at com.nopcommerce.demo.utility.Utility.clickOnElement(Utility.java:53)
at com.nopcommerce.demo.pages.LoginPage.clickOnLogoutLink(LoginPage.java:84)
at com.nopcommerce.demo.testsuite.LoginPageTest.verifyThatUserShouldLogOutSuccessFully(LoginPageTest.java:81)
at java.base/jdk.internal.reflect.NativeMethodAccessorImpl.invoke0(Native Method)
at java.base/jdk.internal.reflect.NativeMethodAccessorImpl.invoke(NativeMethodAccessorImpl.java:77)
at java.base/jdk.internal.reflect.DelegatingMethodAccessorImpl.invoke(DelegatingMethodAccessorImpl.java:43)
at java.base/java.lang.reflect.Method.invoke(Method.java:568)
at org.testng.internal.invokers.MethodInvocationHelper.invokeMethod(MethodInvocationHelper.java:141)
at org.testng.internal.invokers.TestInvoker.invokeMethod(TestInvoker.java:686)
at org.testng.internal.invokers.TestInvoker.invokeTestMethod(TestInvoker.java:230)
at org.testng.internal.invokers.MethodRunner.runInSequence(MethodRunner.java:63)
at org.testng.internal.invokers.TestInvoker$MethodInvocationAgent.invoke(TestInvoker.java:992)
at org.testng.internal.invokers.TestInvoker.invokeTestMethods(TestInvoker.java:203)
at org.testng.internal.invokers.TestMethodWorker.invokeTestMethods(TestMethodWorker.java:154)
at org.testng.internal.invokers.TestMethodWorker.run(TestMethodWorker.java:134)
at java.base/java.util.ArrayList.forEach(ArrayList.java:1511)
at org.testng.TestRunner.privateRun(TestRunner.java:739)
at org.testng.TestRunner.run(TestRunner.java:614)
at org.testng.SuiteRunner.runTest(SuiteRunner.java:421)
at org.testng.SuiteRunner.runSequentially(SuiteRunner.java:413)
at org.testng.SuiteRunner.privateRun(SuiteRunner.java:373)
at org.testng.SuiteRunner.run(SuiteRunner.java:312)
at org.testng.SuiteRunnerWorker.runSuite(SuiteRunnerWorker.java:52)
at org.testng.SuiteRunnerWorker.run(SuiteRunnerWorker.java:95)
at org.testng.TestNG.runSuitesSequentially(TestNG.java:1274)
at org.testng.TestNG.runSuitesLocally(TestNG.java:1208)
at org.testng.TestNG.runSuites(TestNG.java:1112)
at org.testng.TestNG.run(TestNG.java:1079)
at com.intellij.rt.testng.IDEARemoteTestNG.run(IDEARemoteTestNG.java:65)
at com.intellij.rt.testng.RemoteTestNGStarter.main(RemoteTestNGStarter.java:105)
]]>
    </error>
    <system-out>
      <![CDATA[Clicking on login link [[ChromeDriver: chrome on windows (14f3c4fb94ea1138083e01403282017f)] -> link text: Log in]
Enter email abc@gmail.comto email field [[ChromeDriver: chrome on windows (14f3c4fb94ea1138083e01403282017f)] -> id: Email]
Enter password abc12345to password field [[ChromeDriver: chrome on windows (14f3c4fb94ea1138083e01403282017f)] -> name: Password]
Click on login button [[ChromeDriver: chrome on windows (14f3c4fb94ea1138083e01403282017f)] -> xpath: //button[contains(text(),'Log in')]]]]>
    </system-out>
  </testcase> <!-- verifyThatUserShouldLogOutSuccessFully -->
  <testcase classname="com.nopcommerce.demo.testsuite.LoginPageTest" name="verifyThatUserShouldLogInSuccessFullyWithValidCredentials" time="23.699">
    <error message="no such element: Unable to locate element: {&quot;method&quot;:&quot;xpath&quot;,&quot;selector&quot;:&quot;//a[normalize-space()=&#039;Log out&#039;]&quot;}
  (Session info: chrome=126.0.6478.61)
For documentation on this error, please visit: https://www.selenium.dev/documentation/webdriver/troubleshooting/errors#no-such-element-exception
Build info: version: &#039;4.21.0&#039;, revision: &#039;79ed462ef4&#039;
System info: os.name: &#039;Windows 11&#039;, os.arch: &#039;amd64&#039;, os.version: &#039;10.0&#039;, java.version: &#039;17.0.8&#039;
Driver info: org.openqa.selenium.chrome.ChromeDriver
Command: [7b7ba28fa701bd108687c4bf35e33b66, findElement {value=//a[normalize-space()=&#039;Log out&#039;], using=xpath}]
Capabilities {acceptInsecureCerts: false, browserName: chrome, browserVersion: 126.0.6478.61, chrome: {chromedriverVersion: 126.0.6478.61 (8dc092df54ce..., userDataDir: C:\Users\vrund\AppData\Loca...}, fedcm:accounts: true, goog:chromeOptions: {debuggerAddress: localhost:53087}, networkConnectionEnabled: false, pageLoadStrategy: normal, platformName: windows, proxy: Proxy(), se:cdp: ws://localhost:53087/devtoo..., se:cdpVersion: 126.0.6478.61, setWindowRect: true, strictFileInteractability: false, timeouts: {implicit: 0, pageLoad: 300000, script: 30000}, unhandledPromptBehavior: dismiss and notify, webauthn:extension:credBlob: true, webauthn:extension:largeBlob: true, webauthn:extension:minPinLength: true, webauthn:extension:prf: true, webauthn:virtualAuthenticators: true}
Session ID: 7b7ba28fa701bd108687c4bf35e33b66" type="org.openqa.selenium.NoSuchElementException">
      <![CDATA[org.openqa.selenium.NoSuchElementException: no such element: Unable to locate element: {"method":"xpath","selector":"//a[normalize-space()='Log out']"}
  (Session info: chrome=126.0.6478.61)
For documentation on this error, please visit: https://www.selenium.dev/documentation/webdriver/troubleshooting/errors#no-such-element-exception
Build info: version: '4.21.0', revision: '79ed462ef4'
System info: os.name: 'Windows 11', os.arch: 'amd64', os.version: '10.0', java.version: '17.0.8'
Driver info: org.openqa.selenium.chrome.ChromeDriver
Command: [7b7ba28fa701bd108687c4bf35e33b66, findElement {value=//a[normalize-space()='Log out'], using=xpath}]
Capabilities {acceptInsecureCerts: false, browserName: chrome, browserVersion: 126.0.6478.61, chrome: {chromedriverVersion: 126.0.6478.61 (8dc092df54ce..., userDataDir: C:\Users\vrund\AppData\Loca...}, fedcm:accounts: true, goog:chromeOptions: {debuggerAddress: localhost:53087}, networkConnectionEnabled: false, pageLoadStrategy: normal, platformName: windows, proxy: Proxy(), se:cdp: ws://localhost:53087/devtoo..., se:cdpVersion: 126.0.6478.61, setWindowRect: true, strictFileInteractability: false, timeouts: {implicit: 0, pageLoad: 300000, script: 30000}, unhandledPromptBehavior: dismiss and notify, webauthn:extension:credBlob: true, webauthn:extension:largeBlob: true, webauthn:extension:minPinLength: true, webauthn:extension:prf: true, webauthn:virtualAuthenticators: true}
Session ID: 7b7ba28fa701bd108687c4bf35e33b66
at java.base/jdk.internal.reflect.NativeConstructorAccessorImpl.newInstance0(Native Method)
at java.base/jdk.internal.reflect.NativeConstructorAccessorImpl.newInstance(NativeConstructorAccessorImpl.java:77)
at java.base/jdk.internal.reflect.DelegatingConstructorAccessorImpl.newInstance(DelegatingConstructorAccessorImpl.java:45)
at java.base/java.lang.reflect.Constructor.newInstanceWithCaller(Constructor.java:499)
at java.base/java.lang.reflect.Constructor.newInstance(Constructor.java:480)
at org.openqa.selenium.remote.ErrorCodec.decode(ErrorCodec.java:167)
at org.openqa.selenium.remote.codec.w3c.W3CHttpResponseCodec.decode(W3CHttpResponseCodec.java:138)
at org.openqa.selenium.remote.codec.w3c.W3CHttpResponseCodec.decode(W3CHttpResponseCodec.java:50)
at org.openqa.selenium.remote.HttpCommandExecutor.execute(HttpCommandExecutor.java:190)
at org.openqa.selenium.remote.service.DriverCommandExecutor.invokeExecute(DriverCommandExecutor.java:216)
at org.openqa.selenium.remote.service.DriverCommandExecutor.execute(DriverCommandExecutor.java:174)
at org.openqa.selenium.remote.RemoteWebDriver.execute(RemoteWebDriver.java:518)
at org.openqa.selenium.remote.ElementLocation$ElementFinder$2.findElement(ElementLocation.java:165)
at org.openqa.selenium.remote.ElementLocation.findElement(ElementLocation.java:59)
at org.openqa.selenium.remote.RemoteWebDriver.findElement(RemoteWebDriver.java:355)
at org.openqa.selenium.remote.RemoteWebDriver.findElement(RemoteWebDriver.java:349)
at org.openqa.selenium.support.pagefactory.DefaultElementLocator.findElement(DefaultElementLocator.java:68)
at org.openqa.selenium.support.pagefactory.internal.LocatingElementHandler.invoke(LocatingElementHandler.java:38)
at jdk.proxy2/jdk.proxy2.$Proxy18.getText(Unknown Source)
at com.nopcommerce.demo.utility.Utility.getTextFromElement(Utility.java:64)
at com.nopcommerce.demo.pages.LoginPage.getTextFromLogoutLink(LoginPage.java:78)
at com.nopcommerce.demo.testsuite.LoginPageTest.verifyThatUserShouldLogInSuccessFullyWithValidCredentials(LoginPageTest.java:66)
at java.base/jdk.internal.reflect.NativeMethodAccessorImpl.invoke0(Native Method)
at java.base/jdk.internal.reflect.NativeMethodAccessorImpl.invoke(NativeMethodAccessorImpl.java:77)
at java.base/jdk.internal.reflect.DelegatingMethodAccessorImpl.invoke(DelegatingMethodAccessorImpl.java:43)
at java.base/java.lang.reflect.Method.invoke(Method.java:568)
at org.testng.internal.invokers.MethodInvocationHelper.invokeMethod(MethodInvocationHelper.java:141)
at org.testng.internal.invokers.TestInvoker.invokeMethod(TestInvoker.java:686)
at org.testng.internal.invokers.TestInvoker.invokeTestMethod(TestInvoker.java:230)
at org.testng.internal.invokers.MethodRunner.runInSequence(MethodRunner.java:63)
at org.testng.internal.invokers.TestInvoker$MethodInvocationAgent.invoke(TestInvoker.java:992)
at org.testng.internal.invokers.TestInvoker.invokeTestMethods(TestInvoker.java:203)
at org.testng.internal.invokers.TestMethodWorker.invokeTestMethods(TestMethodWorker.java:154)
at org.testng.internal.invokers.TestMethodWorker.run(TestMethodWorker.java:134)
at java.base/java.util.ArrayList.forEach(ArrayList.java:1511)
at org.testng.TestRunner.privateRun(TestRunner.java:739)
at org.testng.TestRunner.run(TestRunner.java:614)
at org.testng.SuiteRunner.runTest(SuiteRunner.java:421)
at org.testng.SuiteRunner.runSequentially(SuiteRunner.java:413)
at org.testng.SuiteRunner.privateRun(SuiteRunner.java:373)
at org.testng.SuiteRunner.run(SuiteRunner.java:312)
at org.testng.SuiteRunnerWorker.runSuite(SuiteRunnerWorker.java:52)
at org.testng.SuiteRunnerWorker.run(SuiteRunnerWorker.java:95)
at org.testng.TestNG.runSuitesSequentially(TestNG.java:1274)
at org.testng.TestNG.runSuitesLocally(TestNG.java:1208)
at org.testng.TestNG.runSuites(TestNG.java:1112)
at org.testng.TestNG.run(TestNG.java:1079)
at com.intellij.rt.testng.IDEARemoteTestNG.run(IDEARemoteTestNG.java:65)
at com.intellij.rt.testng.RemoteTestNGStarter.main(RemoteTestNGStarter.java:105)
]]>
    </error>
    <system-out>
      <![CDATA[Clicking on login link [[ChromeDriver: chrome on windows (7b7ba28fa701bd108687c4bf35e33b66)] -> link text: Log in]
Enter email abc@gmail.comto email field [[ChromeDriver: chrome on windows (7b7ba28fa701bd108687c4bf35e33b66)] -> id: Email]
Enter password abc12345to password field [[ChromeDriver: chrome on windows (7b7ba28fa701bd108687c4bf35e33b66)] -> name: Password]
Click on login button [[ChromeDriver: chrome on windows (7b7ba28fa701bd108687c4bf35e33b66)] -> xpath: //button[contains(text(),'Log in')]]]]>
    </system-out>
  </testcase> <!-- verifyThatUserShouldLogInSuccessFullyWithValidCredentials -->
  <system-out>
    <![CDATA[Clicking on login link [[ChromeDriver: chrome on windows (52a31281252fb9d87596b94394aa9006)] -> link text: Log in]
Get text from welcome text [[ChromeDriver: chrome on windows (52a31281252fb9d87596b94394aa9006)] -> xpath: //h1[contains(text(),'Welcome, Please Sign In!')]]
Clicking on login link [[ChromeDriver: chrome on windows (7b7ba28fa701bd108687c4bf35e33b66)] -> link text: Log in]
Enter email abc@gmail.comto email field [[ChromeDriver: chrome on windows (7b7ba28fa701bd108687c4bf35e33b66)] -> id: Email]
Enter password abc12345to password field [[ChromeDriver: chrome on windows (7b7ba28fa701bd108687c4bf35e33b66)] -> name: Password]
Click on login button [[ChromeDriver: chrome on windows (7b7ba28fa701bd108687c4bf35e33b66)] -> xpath: //button[contains(text(),'Log in')]]
Clicking on login link [[ChromeDriver: chrome on windows (14f3c4fb94ea1138083e01403282017f)] -> link text: Log in]
Enter email abc@gmail.comto email field [[ChromeDriver: chrome on windows (14f3c4fb94ea1138083e01403282017f)] -> id: Email]
Enter password abc12345to password field [[ChromeDriver: chrome on windows (14f3c4fb94ea1138083e01403282017f)] -> name: Password]
Click on login button [[ChromeDriver: chrome on windows (14f3c4fb94ea1138083e01403282017f)] -> xpath: //button[contains(text(),'Log in')]]
Clicking on login link [[ChromeDriver: chrome on windows (4f8bff1c52ea0dfe6bbdb35d55dd807a)] -> link text: Log in]
Enter email axc@gmail.comto email field [[ChromeDriver: chrome on windows (4f8bff1c52ea0dfe6bbdb35d55dd807a)] -> id: Email]
Enter password abc12345to password field [[ChromeDriver: chrome on windows (4f8bff1c52ea0dfe6bbdb35d55dd807a)] -> name: Password]
Click on login button [[ChromeDriver: chrome on windows (4f8bff1c52ea0dfe6bbdb35d55dd807a)] -> xpath: //button[contains(text(),'Log in')]]
Get text from error message [[ChromeDriver: chrome on windows (4f8bff1c52ea0dfe6bbdb35d55dd807a)] -> xpath: //div[@class='message-error validation-summary-errors']]
Clicking on register link [[ChromeDriver: chrome on windows (2d035b3097ad0efd3a5d945af0031055)] -> xpath: //a[normalize-space()='Register']]
Click on register button [[ChromeDriver: chrome on windows (2d035b3097ad0efd3a5d945af0031055)] -> xpath: //button[@id='register-button']]
Get text from first name error message [[ChromeDriver: chrome on windows (2d035b3097ad0efd3a5d945af0031055)] -> xpath: //span[@id='FirstName-error']]
Get text from last name [[ChromeDriver: chrome on windows (2d035b3097ad0efd3a5d945af0031055)] -> xpath: //span[@id='LastName-error']]
Get text from email id error message [[ChromeDriver: chrome on windows (2d035b3097ad0efd3a5d945af0031055)] -> xpath: //span[@id='Email-error']]
Get text from password error message [[ChromeDriver: chrome on windows (2d035b3097ad0efd3a5d945af0031055)] -> xpath: //span[@id='ConfirmPassword-error']]
Get text from confirm password error message [[ChromeDriver: chrome on windows (2d035b3097ad0efd3a5d945af0031055)] -> xpath: //span[@id='ConfirmPassword-error']]
Clicking on register link [[ChromeDriver: chrome on windows (a8c3cadaa7860b99bb2bbe3cc6392852)] -> xpath: //a[normalize-space()='Register']]
Click on gender female [[ChromeDriver: chrome on windows (a8c3cadaa7860b99bb2bbe3cc6392852)] -> xpath: //input[@id='gender-female']]
Enter first name abcto first name field [[ChromeDriver: chrome on windows (a8c3cadaa7860b99bb2bbe3cc6392852)] -> id: FirstName]
Enter last name Proxy element for: DefaultElementLocator 'By.xpath: //span[@id='ConfirmPassword-error']'to last name field [[ChromeDriver: chrome on windows (a8c3cadaa7860b99bb2bbe3cc6392852)] -> id: LastName]
Enter day 4from dropdown list[[ChromeDriver: chrome on windows (a8c3cadaa7860b99bb2bbe3cc6392852)] -> xpath: //select[@name='DateOfBirthDay']]
Enter month 4from dropdown list[[ChromeDriver: chrome on windows (a8c3cadaa7860b99bb2bbe3cc6392852)] -> xpath: //select[@name='DateOfBirthMonth']]
Enter year 1944from dropdown list[[ChromeDriver: chrome on windows (a8c3cadaa7860b99bb2bbe3cc6392852)] -> xpath: //select[@name='DateOfBirthYear']]
Enter email Proxy element for: DefaultElementLocator 'By.xpath: //span[@id='ConfirmPassword-error']'to email field [[ChromeDriver: chrome on windows (a8c3cadaa7860b99bb2bbe3cc6392852)] -> name: Email]
Enter password 123456to password field [[ChromeDriver: chrome on windows (a8c3cadaa7860b99bb2bbe3cc6392852)] -> id: Password]
Enter confirm password Proxy element for: DefaultElementLocator 'By.xpath: //span[@id='ConfirmPassword-error']'to password field [[ChromeDriver: chrome on windows (a8c3cadaa7860b99bb2bbe3cc6392852)] -> id: ConfirmPassword]
Click on register button [[ChromeDriver: chrome on windows (a8c3cadaa7860b99bb2bbe3cc6392852)] -> xpath: //button[@id='register-button']]
Get text from registration success message [[ChromeDriver: chrome on windows (a8c3cadaa7860b99bb2bbe3cc6392852)] -> id: ConfirmPassword]
Clicking on register link [[ChromeDriver: chrome on windows (9065638abf78efe3e32bad6cd4a8543d)] -> xpath: //a[normalize-space()='Register']]
Get text from welcome text [[ChromeDriver: chrome on windows (9065638abf78efe3e32bad6cd4a8543d)] -> xpath: //h1[normalize-space()='Register']]
Click on computers menu link [[ChromeDriver: chrome on windows (9eaa559114091d0a9ad9e444bec45396)] -> xpath: //ul[@class='top-menu notmobile']//a[normalize-space()='Computers']]
Click on desktops link [[ChromeDriver: chrome on windows (9eaa559114091d0a9ad9e444bec45396)] -> xpath: //li[@class='inactive']//a[normalize-space()='Desktops']]
Click on product name [[ChromeDriver: chrome on windows (9eaa559114091d0a9ad9e444bec45396)] -> xpath: //h2[@class='product-title']/a]
Get value of processor: 2.2 GHz Intel Pentium Dual-Core E2200from dropdown [[ChromeDriver: chrome on windows (9eaa559114091d0a9ad9e444bec45396)] -> xpath: //select[@id='product_attribute_1']]
Get value of ram: 2 GBfrom dropdown [[ChromeDriver: chrome on windows (9eaa559114091d0a9ad9e444bec45396)] -> xpath: //select[@id='product_attribute_2']]
Click on HDD [[ChromeDriver: chrome on windows (9eaa559114091d0a9ad9e444bec45396)] -> xpath: //input[@id='product_attribute_3_7']]
Click on OS [[ChromeDriver: chrome on windows (9eaa559114091d0a9ad9e444bec45396)] -> xpath: //input[@id='product_attribute_4_9']]
Click on software checkbox number three [[ChromeDriver: chrome on windows (9eaa559114091d0a9ad9e444bec45396)] -> xpath: //input[@id='product_attribute_5_12']]
Click on add to cart button [[ChromeDriver: chrome on windows (9eaa559114091d0a9ad9e444bec45396)] -> id: add-to-cart-button-1]
Get text from product added success message [[ChromeDriver: chrome on windows (9eaa559114091d0a9ad9e444bec45396)] -> xpath: //p[@class='content']]
Click on computers menu link [[ChromeDriver: chrome on windows (88df6c3c544a3b7c3eeec91b8448ecec)] -> xpath: //ul[@class='top-menu notmobile']//a[normalize-space()='Computers']]
Click on desktops link [[ChromeDriver: chrome on windows (88df6c3c544a3b7c3eeec91b8448ecec)] -> xpath: //li[@class='inactive']//a[normalize-space()='Desktops']]
Click on product name [[ChromeDriver: chrome on windows (88df6c3c544a3b7c3eeec91b8448ecec)] -> xpath: //h2[@class='product-title']/a]
Get value of processor: 2.5 GHz Intel Pentium Dual-Core E2200 [+$15.00]from dropdown [[ChromeDriver: chrome on windows (88df6c3c544a3b7c3eeec91b8448ecec)] -> xpath: //select[@id='product_attribute_1']]
Get value of ram: 4GB [+$20.00]from dropdown [[ChromeDriver: chrome on windows (88df6c3c544a3b7c3eeec91b8448ecec)] -> xpath: //select[@id='product_attribute_2']]
Click on HDD [[ChromeDriver: chrome on windows (88df6c3c544a3b7c3eeec91b8448ecec)] -> xpath: //input[@id='product_attribute_3_7']]
Click on OS [[ChromeDriver: chrome on windows (88df6c3c544a3b7c3eeec91b8448ecec)] -> xpath: //input[@id='product_attribute_4_9']]
Click on software checkbox number three [[ChromeDriver: chrome on windows (88df6c3c544a3b7c3eeec91b8448ecec)] -> xpath: //input[@id='product_attribute_5_12']]
Click on add to cart button [[ChromeDriver: chrome on windows (88df6c3c544a3b7c3eeec91b8448ecec)] -> id: add-to-cart-button-1]
Get text from product added success message [[ChromeDriver: chrome on windows (88df6c3c544a3b7c3eeec91b8448ecec)] -> xpath: //p[@class='content']]
Click on computers menu link [[ChromeDriver: chrome on windows (7ba0f37be895cf38f94ba8eaf3214b95)] -> xpath: //ul[@class='top-menu notmobile']//a[normalize-space()='Computers']]
Click on desktops link [[ChromeDriver: chrome on windows (7ba0f37be895cf38f94ba8eaf3214b95)] -> xpath: //li[@class='inactive']//a[normalize-space()='Desktops']]
Click on product name [[ChromeDriver: chrome on windows (7ba0f37be895cf38f94ba8eaf3214b95)] -> xpath: //h2[@class='product-title']/a]
Get value of processor: 2.5 GHz Intel Pentium Dual-Core E2200 [+$15.00]from dropdown [[ChromeDriver: chrome on windows (7ba0f37be895cf38f94ba8eaf3214b95)] -> xpath: //select[@id='product_attribute_1']]
Get value of ram: 8GB [+$60.00]from dropdown [[ChromeDriver: chrome on windows (7ba0f37be895cf38f94ba8eaf3214b95)] -> xpath: //select[@id='product_attribute_2']]
Click on HDD [[ChromeDriver: chrome on windows (7ba0f37be895cf38f94ba8eaf3214b95)] -> xpath: //input[@id='product_attribute_3_7']]
Click on OS [[ChromeDriver: chrome on windows (7ba0f37be895cf38f94ba8eaf3214b95)] -> xpath: //input[@id='product_attribute_4_9']]
Click on software checkbox number three [[ChromeDriver: chrome on windows (7ba0f37be895cf38f94ba8eaf3214b95)] -> xpath: //input[@id='product_attribute_5_12']]
Click on add to cart button [[ChromeDriver: chrome on windows (7ba0f37be895cf38f94ba8eaf3214b95)] -> id: add-to-cart-button-1]
Get text from product added success message [[ChromeDriver: chrome on windows (7ba0f37be895cf38f94ba8eaf3214b95)] -> xpath: //p[@class='content']]
Click on computers menu link [[ChromeDriver: chrome on windows (c772b18644d025909256f2c4a08a949a)] -> xpath: //ul[@class='top-menu notmobile']//a[normalize-space()='Computers']]
Get title text for computers page [[ChromeDriver: chrome on windows (c772b18644d025909256f2c4a08a949a)] -> xpath: //h1[normalize-space()='Computers']]
Click on computers menu link [[ChromeDriver: chrome on windows (0162a9be964144dd837da6a6c5a46e9b)] -> xpath: //ul[@class='top-menu notmobile']//a[normalize-space()='Computers']]
Click on desktops link [[ChromeDriver: chrome on windows (0162a9be964144dd837da6a6c5a46e9b)] -> xpath: //li[@class='inactive']//a[normalize-space()='Desktops']]
Get title text for desktops page [[ChromeDriver: chrome on windows (0162a9be964144dd837da6a6c5a46e9b)] -> xpath: //h1[normalize-space()='Desktops']]]]>
  </system-out>
</testsuite> <!-- com.nopcommerce.demo.testsuite.LoginPageTest -->
